<?xml version="1.0"?>
<!DOCTYPE coverage SYSTEM "http://cobertura.sourceforge.net/xml/coverage-04.dtd">

<coverage line-rate="0.006158899609936358" branch-rate="0.003996447602131439" lines-covered="30" lines-valid="4871" branches-covered="9" branches-valid="2252" complexity="2.5461767626613705" version="2.0.3" timestamp="1608193837988">
	<sources>
		<source>source</source>
	</sources>
	<packages>
		<package name="org.jfree.chart" line-rate="0.0" branch-rate="1.0" complexity="1.0">
			<classes>
				<class name="org.jfree.chart.ChartColor" filename="org/jfree/chart/ChartColor.java" line-rate="0.0" branch-rate="1.0" complexity="1.0">
					<methods>
						<method name="&lt;clinit&gt;" signature="()V" line-rate="0.0" branch-rate="1.0">
							<lines>
								<line number="61" hits="0" branch="false"/>
								<line number="64" hits="0" branch="false"/>
								<line number="67" hits="0" branch="false"/>
								<line number="70" hits="0" branch="false"/>
								<line number="73" hits="0" branch="false"/>
								<line number="76" hits="0" branch="false"/>
								<line number="79" hits="0" branch="false"/>
								<line number="82" hits="0" branch="false"/>
								<line number="85" hits="0" branch="false"/>
								<line number="88" hits="0" branch="false"/>
								<line number="91" hits="0" branch="false"/>
								<line number="94" hits="0" branch="false"/>
								<line number="97" hits="0" branch="false"/>
								<line number="100" hits="0" branch="false"/>
								<line number="103" hits="0" branch="false"/>
								<line number="106" hits="0" branch="false"/>
								<line number="109" hits="0" branch="false"/>
								<line number="112" hits="0" branch="false"/>
								<line number="115" hits="0" branch="false"/>
								<line number="118" hits="0" branch="false"/>
								<line number="121" hits="0" branch="false"/>
								<line number="124" hits="0" branch="false"/>
								<line number="127" hits="0" branch="false"/>
								<line number="130" hits="0" branch="false"/>
							</lines>
						</method>
						<method name="&lt;init&gt;" signature="(III)V" line-rate="0.0" branch-rate="1.0">
							<lines>
								<line number="141" hits="0" branch="false"/>
								<line number="142" hits="0" branch="false"/>
							</lines>
						</method>
						<method name="createDefaultPaintArray" signature="()[Ljava/awt/Paint;" line-rate="0.0" branch-rate="1.0">
							<lines>
								<line number="153" hits="0" branch="false"/>
							</lines>
						</method>
					</methods>
					<lines>
						<line number="61" hits="0" branch="false"/>
						<line number="64" hits="0" branch="false"/>
						<line number="67" hits="0" branch="false"/>
						<line number="70" hits="0" branch="false"/>
						<line number="73" hits="0" branch="false"/>
						<line number="76" hits="0" branch="false"/>
						<line number="79" hits="0" branch="false"/>
						<line number="82" hits="0" branch="false"/>
						<line number="85" hits="0" branch="false"/>
						<line number="88" hits="0" branch="false"/>
						<line number="91" hits="0" branch="false"/>
						<line number="94" hits="0" branch="false"/>
						<line number="97" hits="0" branch="false"/>
						<line number="100" hits="0" branch="false"/>
						<line number="103" hits="0" branch="false"/>
						<line number="106" hits="0" branch="false"/>
						<line number="109" hits="0" branch="false"/>
						<line number="112" hits="0" branch="false"/>
						<line number="115" hits="0" branch="false"/>
						<line number="118" hits="0" branch="false"/>
						<line number="121" hits="0" branch="false"/>
						<line number="124" hits="0" branch="false"/>
						<line number="127" hits="0" branch="false"/>
						<line number="130" hits="0" branch="false"/>
						<line number="141" hits="0" branch="false"/>
						<line number="142" hits="0" branch="false"/>
						<line number="153" hits="0" branch="false"/>
					</lines>
				</class>
				<class name="org.jfree.chart.LegendItemSource" filename="org/jfree/chart/LegendItemSource.java" line-rate="1.0" branch-rate="1.0" complexity="1.0">
					<methods>
					</methods>
					<lines>
					</lines>
				</class>
			</classes>
		</package>
		<package name="org.jfree.chart.annotations" line-rate="1.0" branch-rate="1.0" complexity="1.0">
			<classes>
				<class name="org.jfree.chart.annotations.CategoryAnnotation" filename="org/jfree/chart/annotations/CategoryAnnotation.java" line-rate="1.0" branch-rate="1.0" complexity="1.0">
					<methods>
					</methods>
					<lines>
					</lines>
				</class>
			</classes>
		</package>
		<package name="org.jfree.chart.axis" line-rate="0.0" branch-rate="0.0" complexity="3.0072202166064983">
			<classes>
				<class name="org.jfree.chart.axis.Axis" filename="org/jfree/chart/axis/Axis.java" line-rate="0.0" branch-rate="0.0" complexity="2.6666666666666665">
					<methods>
						<method name="&lt;clinit&gt;" signature="()V" line-rate="0.0" branch-rate="1.0">
							<lines>
								<line number="136" hits="0" branch="false"/>
								<line number="140" hits="0" branch="false"/>
								<line number="143" hits="0" branch="false"/>
								<line number="147" hits="0" branch="false"/>
								<line number="150" hits="0" branch="false"/>
								<line number="156" hits="0" branch="false"/>
								<line number="160" hits="0" branch="false"/>
								<line number="163" hits="0" branch="false"/>
								<line number="170" hits="0" branch="false"/>
								<line number="173" hits="0" branch="false"/>
							</lines>
						</method>
						<method name="&lt;init&gt;" signature="(Ljava/lang/String;)V" line-rate="0.0" branch-rate="1.0">
							<lines>
								<line number="272" hits="0" branch="false"/>
								<line number="274" hits="0" branch="false"/>
								<line number="275" hits="0" branch="false"/>
								<line number="276" hits="0" branch="false"/>
								<line number="277" hits="0" branch="false"/>
								<line number="278" hits="0" branch="false"/>
								<line number="279" hits="0" branch="false"/>
								<line number="280" hits="0" branch="false"/>
								<line number="281" hits="0" branch="false"/>
								<line number="283" hits="0" branch="false"/>
								<line number="284" hits="0" branch="false"/>
								<line number="285" hits="0" branch="false"/>
								<line number="287" hits="0" branch="false"/>
								<line number="288" hits="0" branch="false"/>
								<line number="289" hits="0" branch="false"/>
								<line number="290" hits="0" branch="false"/>
								<line number="292" hits="0" branch="false"/>
								<line number="293" hits="0" branch="false"/>
								<line number="294" hits="0" branch="false"/>
								<line number="295" hits="0" branch="false"/>
								<line number="296" hits="0" branch="false"/>
								<line number="298" hits="0" branch="false"/>
								<line number="300" hits="0" branch="false"/>
								<line number="302" hits="0" branch="false"/>
							</lines>
						</method>
						<method name="addChangeListener" signature="(Lorg/jfree/chart/event/AxisChangeListener;)V" line-rate="0.0" branch-rate="1.0">
							<lines>
								<line number="1000" hits="0" branch="false"/>
							</lines>
						</method>
						<method name="class$" signature="(Ljava/lang/String;)Ljava/lang/Class;" line-rate="0.0" branch-rate="0.0">
							<lines>
								<line number="999" hits="0" branch="true" condition-coverage="0% (0/2)">
									<conditions>
										<condition number="0" type="jump" coverage="0%"/>
									</conditions>
								</line>
							</lines>
						</method>
						<method name="clone" signature="()Ljava/lang/Object;" line-rate="0.0" branch-rate="1.0">
							<lines>
								<line number="1246" hits="0" branch="false"/>
								<line number="1248" hits="0" branch="false"/>
								<line number="1249" hits="0" branch="false"/>
								<line number="1250" hits="0" branch="false"/>
							</lines>
						</method>
						<method name="drawAxisLine" signature="(Ljava/awt/Graphics2D;DLjava/awt/geom/Rectangle2D;Lorg/jfree/chart/util/RectangleEdge;)V" line-rate="0.0" branch-rate="0.0">
							<lines>
								<line number="1214" hits="0" branch="false"/>
								<line number="1215" hits="0" branch="true" condition-coverage="0% (0/2)">
									<conditions>
										<condition number="0" type="jump" coverage="0%"/>
									</conditions>
								</line>
								<line number="1216" hits="0" branch="false"/>
								<line number="1219" hits="0" branch="true" condition-coverage="0% (0/2)">
									<conditions>
										<condition number="0" type="jump" coverage="0%"/>
									</conditions>
								</line>
								<line number="1220" hits="0" branch="false"/>
								<line number="1223" hits="0" branch="true" condition-coverage="0% (0/2)">
									<conditions>
										<condition number="0" type="jump" coverage="0%"/>
									</conditions>
								</line>
								<line number="1224" hits="0" branch="false"/>
								<line number="1227" hits="0" branch="true" condition-coverage="0% (0/2)">
									<conditions>
										<condition number="0" type="jump" coverage="0%"/>
									</conditions>
								</line>
								<line number="1228" hits="0" branch="false"/>
								<line number="1231" hits="0" branch="false"/>
								<line number="1232" hits="0" branch="false"/>
								<line number="1233" hits="0" branch="false"/>
								<line number="1235" hits="0" branch="false"/>
							</lines>
						</method>
						<method name="drawLabel" signature="(Ljava/lang/String;Ljava/awt/Graphics2D;Ljava/awt/geom/Rectangle2D;Ljava/awt/geom/Rectangle2D;Lorg/jfree/chart/util/RectangleEdge;Lorg/jfree/chart/axis/AxisState;Lorg/jfree/chart/plot/PlotRenderingInfo;)Lorg/jfree/chart/axis/AxisState;" line-rate="0.0" branch-rate="0.0">
							<lines>
								<line number="1096" hits="0" branch="true" condition-coverage="0% (0/2)">
									<conditions>
										<condition number="0" type="jump" coverage="0%"/>
									</conditions>
								</line>
								<line number="1097" hits="0" branch="false"/>
								<line number="1100" hits="0" branch="true" condition-coverage="0% (0/4)">
									<conditions>
										<condition number="0" type="jump" coverage="0%"/>
										<condition number="1" type="jump" coverage="0%"/>
									</conditions>
								</line>
								<line number="1101" hits="0" branch="false"/>
								<line number="1104" hits="0" branch="false"/>
								<line number="1105" hits="0" branch="false"/>
								<line number="1106" hits="0" branch="false"/>
								<line number="1107" hits="0" branch="false"/>
								<line number="1108" hits="0" branch="false"/>
								<line number="1109" hits="0" branch="false"/>
								<line number="1110" hits="0" branch="false"/>
								<line number="1112" hits="0" branch="true" condition-coverage="0% (0/2)">
									<conditions>
										<condition number="0" type="jump" coverage="0%"/>
									</conditions>
								</line>
								<line number="1113" hits="0" branch="false"/>
								<line number="1116" hits="0" branch="false"/>
								<line number="1117" hits="0" branch="false"/>
								<line number="1118" hits="0" branch="false"/>
								<line number="1119" hits="0" branch="false"/>
								<line number="1120" hits="0" branch="false"/>
								<line number="1121" hits="0" branch="false"/>
								<line number="1123" hits="0" branch="false"/>
								<line number="1125" hits="0" branch="false"/>
								<line number="1127" hits="0" branch="false"/>
								<line number="1129" hits="0" branch="false"/>
								<line number="1130" hits="0" branch="true" condition-coverage="0% (0/2)">
									<conditions>
										<condition number="0" type="jump" coverage="0%"/>
									</conditions>
								</line>
								<line number="1131" hits="0" branch="false"/>
								<line number="1134" hits="0" branch="false"/>
								<line number="1135" hits="0" branch="false"/>
								<line number="1136" hits="0" branch="false"/>
								<line number="1137" hits="0" branch="false"/>
								<line number="1138" hits="0" branch="false"/>
								<line number="1139" hits="0" branch="false"/>
								<line number="1141" hits="0" branch="false"/>
								<line number="1143" hits="0" branch="false"/>
								<line number="1145" hits="0" branch="false"/>
								<line number="1147" hits="0" branch="false"/>
								<line number="1148" hits="0" branch="true" condition-coverage="0% (0/2)">
									<conditions>
										<condition number="0" type="jump" coverage="0%"/>
									</conditions>
								</line>
								<line number="1149" hits="0" branch="false"/>
								<line number="1152" hits="0" branch="false"/>
								<line number="1153" hits="0" branch="false"/>
								<line number="1154" hits="0" branch="false"/>
								<line number="1155" hits="0" branch="false"/>
								<line number="1156" hits="0" branch="false"/>
								<line number="1158" hits="0" branch="false"/>
								<line number="1159" hits="0" branch="false"/>
								<line number="1162" hits="0" branch="false"/>
								<line number="1164" hits="0" branch="false"/>
								<line number="1166" hits="0" branch="false"/>
								<line number="1167" hits="0" branch="true" condition-coverage="0% (0/2)">
									<conditions>
										<condition number="0" type="jump" coverage="0%"/>
									</conditions>
								</line>
								<line number="1169" hits="0" branch="false"/>
								<line number="1172" hits="0" branch="false"/>
								<line number="1173" hits="0" branch="false"/>
								<line number="1174" hits="0" branch="false"/>
								<line number="1175" hits="0" branch="false"/>
								<line number="1176" hits="0" branch="false"/>
								<line number="1178" hits="0" branch="false"/>
								<line number="1180" hits="0" branch="false"/>
								<line number="1183" hits="0" branch="false"/>
								<line number="1185" hits="0" branch="false"/>
								<line number="1189" hits="0" branch="true" condition-coverage="0% (0/4)">
									<conditions>
										<condition number="0" type="jump" coverage="0%"/>
										<condition number="1" type="jump" coverage="0%"/>
									</conditions>
								</line>
								<line number="1190" hits="0" branch="false"/>
								<line number="1191" hits="0" branch="true" condition-coverage="0% (0/2)">
									<conditions>
										<condition number="0" type="jump" coverage="0%"/>
									</conditions>
								</line>
								<line number="1192" hits="0" branch="false"/>
								<line number="1193" hits="0" branch="true" condition-coverage="0% (0/2)">
									<conditions>
										<condition number="0" type="jump" coverage="0%"/>
									</conditions>
								</line>
								<line number="1194" hits="0" branch="false"/>
								<line number="1199" hits="0" branch="false"/>
							</lines>
						</method>
						<method name="equals" signature="(Ljava/lang/Object;)Z" line-rate="0.0" branch-rate="0.0">
							<lines>
								<line number="1261" hits="0" branch="true" condition-coverage="0% (0/2)">
									<conditions>
										<condition number="0" type="jump" coverage="0%"/>
									</conditions>
								</line>
								<line number="1262" hits="0" branch="false"/>
								<line number="1264" hits="0" branch="true" condition-coverage="0% (0/2)">
									<conditions>
										<condition number="0" type="jump" coverage="0%"/>
									</conditions>
								</line>
								<line number="1265" hits="0" branch="false"/>
								<line number="1267" hits="0" branch="false"/>
								<line number="1268" hits="0" branch="true" condition-coverage="0% (0/2)">
									<conditions>
										<condition number="0" type="jump" coverage="0%"/>
									</conditions>
								</line>
								<line number="1269" hits="0" branch="false"/>
								<line number="1271" hits="0" branch="true" condition-coverage="0% (0/2)">
									<conditions>
										<condition number="0" type="jump" coverage="0%"/>
									</conditions>
								</line>
								<line number="1272" hits="0" branch="false"/>
								<line number="1274" hits="0" branch="true" condition-coverage="0% (0/2)">
									<conditions>
										<condition number="0" type="jump" coverage="0%"/>
									</conditions>
								</line>
								<line number="1275" hits="0" branch="false"/>
								<line number="1277" hits="0" branch="true" condition-coverage="0% (0/2)">
									<conditions>
										<condition number="0" type="jump" coverage="0%"/>
									</conditions>
								</line>
								<line number="1278" hits="0" branch="false"/>
								<line number="1280" hits="0" branch="true" condition-coverage="0% (0/2)">
									<conditions>
										<condition number="0" type="jump" coverage="0%"/>
									</conditions>
								</line>
								<line number="1281" hits="0" branch="false"/>
								<line number="1283" hits="0" branch="true" condition-coverage="0% (0/2)">
									<conditions>
										<condition number="0" type="jump" coverage="0%"/>
									</conditions>
								</line>
								<line number="1284" hits="0" branch="false"/>
								<line number="1286" hits="0" branch="true" condition-coverage="0% (0/2)">
									<conditions>
										<condition number="0" type="jump" coverage="0%"/>
									</conditions>
								</line>
								<line number="1287" hits="0" branch="false"/>
								<line number="1289" hits="0" branch="true" condition-coverage="0% (0/2)">
									<conditions>
										<condition number="0" type="jump" coverage="0%"/>
									</conditions>
								</line>
								<line number="1290" hits="0" branch="false"/>
								<line number="1292" hits="0" branch="true" condition-coverage="0% (0/2)">
									<conditions>
										<condition number="0" type="jump" coverage="0%"/>
									</conditions>
								</line>
								<line number="1293" hits="0" branch="false"/>
								<line number="1295" hits="0" branch="true" condition-coverage="0% (0/2)">
									<conditions>
										<condition number="0" type="jump" coverage="0%"/>
									</conditions>
								</line>
								<line number="1296" hits="0" branch="false"/>
								<line number="1298" hits="0" branch="true" condition-coverage="0% (0/2)">
									<conditions>
										<condition number="0" type="jump" coverage="0%"/>
									</conditions>
								</line>
								<line number="1299" hits="0" branch="false"/>
								<line number="1301" hits="0" branch="true" condition-coverage="0% (0/2)">
									<conditions>
										<condition number="0" type="jump" coverage="0%"/>
									</conditions>
								</line>
								<line number="1302" hits="0" branch="false"/>
								<line number="1304" hits="0" branch="true" condition-coverage="0% (0/2)">
									<conditions>
										<condition number="0" type="jump" coverage="0%"/>
									</conditions>
								</line>
								<line number="1305" hits="0" branch="false"/>
								<line number="1307" hits="0" branch="true" condition-coverage="0% (0/2)">
									<conditions>
										<condition number="0" type="jump" coverage="0%"/>
									</conditions>
								</line>
								<line number="1308" hits="0" branch="false"/>
								<line number="1310" hits="0" branch="true" condition-coverage="0% (0/2)">
									<conditions>
										<condition number="0" type="jump" coverage="0%"/>
									</conditions>
								</line>
								<line number="1313" hits="0" branch="false"/>
								<line number="1315" hits="0" branch="true" condition-coverage="0% (0/2)">
									<conditions>
										<condition number="0" type="jump" coverage="0%"/>
									</conditions>
								</line>
								<line number="1316" hits="0" branch="false"/>
								<line number="1318" hits="0" branch="true" condition-coverage="0% (0/2)">
									<conditions>
										<condition number="0" type="jump" coverage="0%"/>
									</conditions>
								</line>
								<line number="1319" hits="0" branch="false"/>
								<line number="1321" hits="0" branch="true" condition-coverage="0% (0/2)">
									<conditions>
										<condition number="0" type="jump" coverage="0%"/>
									</conditions>
								</line>
								<line number="1322" hits="0" branch="false"/>
								<line number="1324" hits="0" branch="true" condition-coverage="0% (0/2)">
									<conditions>
										<condition number="0" type="jump" coverage="0%"/>
									</conditions>
								</line>
								<line number="1325" hits="0" branch="false"/>
								<line number="1327" hits="0" branch="true" condition-coverage="0% (0/2)">
									<conditions>
										<condition number="0" type="jump" coverage="0%"/>
									</conditions>
								</line>
								<line number="1328" hits="0" branch="false"/>
								<line number="1330" hits="0" branch="true" condition-coverage="0% (0/2)">
									<conditions>
										<condition number="0" type="jump" coverage="0%"/>
									</conditions>
								</line>
								<line number="1331" hits="0" branch="false"/>
								<line number="1333" hits="0" branch="false"/>
							</lines>
						</method>
						<method name="getAxisLinePaint" signature="()Ljava/awt/Paint;" line-rate="0.0" branch-rate="1.0">
							<lines>
								<line number="574" hits="0" branch="false"/>
							</lines>
						</method>
						<method name="getAxisLineStroke" signature="()Ljava/awt/Stroke;" line-rate="0.0" branch-rate="1.0">
							<lines>
								<line number="601" hits="0" branch="false"/>
							</lines>
						</method>
						<method name="getFixedDimension" signature="()D" line-rate="0.0" branch-rate="1.0">
							<lines>
								<line number="910" hits="0" branch="false"/>
							</lines>
						</method>
						<method name="getLabel" signature="()Ljava/lang/String;" line-rate="0.0" branch-rate="1.0">
							<lines>
								<line number="341" hits="0" branch="false"/>
							</lines>
						</method>
						<method name="getLabelAngle" signature="()D" line-rate="0.0" branch-rate="1.0">
							<lines>
								<line number="466" hits="0" branch="false"/>
							</lines>
						</method>
						<method name="getLabelEnclosure" signature="(Ljava/awt/Graphics2D;Lorg/jfree/chart/util/RectangleEdge;)Ljava/awt/geom/Rectangle2D;" line-rate="0.0" branch-rate="0.0">
							<lines>
								<line number="1055" hits="0" branch="false"/>
								<line number="1056" hits="0" branch="false"/>
								<line number="1057" hits="0" branch="true" condition-coverage="0% (0/4)">
									<conditions>
										<condition number="0" type="jump" coverage="0%"/>
										<condition number="1" type="jump" coverage="0%"/>
									</conditions>
								</line>
								<line number="1058" hits="0" branch="false"/>
								<line number="1059" hits="0" branch="false"/>
								<line number="1060" hits="0" branch="false"/>
								<line number="1061" hits="0" branch="false"/>
								<line number="1062" hits="0" branch="false"/>
								<line number="1063" hits="0" branch="true" condition-coverage="0% (0/4)">
									<conditions>
										<condition number="0" type="jump" coverage="0%"/>
										<condition number="1" type="jump" coverage="0%"/>
									</conditions>
								</line>
								<line number="1064" hits="0" branch="false"/>
								<line number="1066" hits="0" branch="false"/>
								<line number="1067" hits="0" branch="false"/>
								<line number="1068" hits="0" branch="false"/>
								<line number="1070" hits="0" branch="false"/>
								<line number="1071" hits="0" branch="false"/>
								<line number="1074" hits="0" branch="false"/>
							</lines>
						</method>
						<method name="getLabelFont" signature="()Ljava/awt/Font;" line-rate="0.0" branch-rate="1.0">
							<lines>
								<line number="380" hits="0" branch="false"/>
							</lines>
						</method>
						<method name="getLabelInsets" signature="()Lorg/jfree/chart/util/RectangleInsets;" line-rate="0.0" branch-rate="1.0">
							<lines>
								<line number="437" hits="0" branch="false"/>
							</lines>
						</method>
						<method name="getLabelPaint" signature="()Ljava/awt/Paint;" line-rate="0.0" branch-rate="1.0">
							<lines>
								<line number="409" hits="0" branch="false"/>
							</lines>
						</method>
						<method name="getLabelToolTip" signature="()Ljava/lang/String;" line-rate="0.0" branch-rate="1.0">
							<lines>
								<line number="492" hits="0" branch="false"/>
							</lines>
						</method>
						<method name="getLabelURL" signature="()Ljava/lang/String;" line-rate="0.0" branch-rate="1.0">
							<lines>
								<line number="520" hits="0" branch="false"/>
							</lines>
						</method>
						<method name="getPlot" signature="()Lorg/jfree/chart/plot/Plot;" line-rate="0.0" branch-rate="1.0">
							<lines>
								<line number="885" hits="0" branch="false"/>
							</lines>
						</method>
						<method name="getTickLabelFont" signature="()Ljava/awt/Font;" line-rate="0.0" branch-rate="1.0">
							<lines>
								<line number="661" hits="0" branch="false"/>
							</lines>
						</method>
						<method name="getTickLabelInsets" signature="()Lorg/jfree/chart/util/RectangleInsets;" line-rate="0.0" branch-rate="1.0">
							<lines>
								<line number="720" hits="0" branch="false"/>
							</lines>
						</method>
						<method name="getTickLabelPaint" signature="()Ljava/awt/Paint;" line-rate="0.0" branch-rate="1.0">
							<lines>
								<line number="693" hits="0" branch="false"/>
							</lines>
						</method>
						<method name="getTickMarkInsideLength" signature="()F" line-rate="0.0" branch-rate="1.0">
							<lines>
								<line number="778" hits="0" branch="false"/>
							</lines>
						</method>
						<method name="getTickMarkOutsideLength" signature="()F" line-rate="0.0" branch-rate="1.0">
							<lines>
								<line number="803" hits="0" branch="false"/>
							</lines>
						</method>
						<method name="getTickMarkPaint" signature="()Ljava/awt/Paint;" line-rate="0.0" branch-rate="1.0">
							<lines>
								<line number="856" hits="0" branch="false"/>
							</lines>
						</method>
						<method name="getTickMarkStroke" signature="()Ljava/awt/Stroke;" line-rate="0.0" branch-rate="1.0">
							<lines>
								<line number="827" hits="0" branch="false"/>
							</lines>
						</method>
						<method name="hasListener" signature="(Ljava/util/EventListener;)Z" line-rate="0.0" branch-rate="1.0">
							<lines>
								<line number="1023" hits="0" branch="false"/>
								<line number="1024" hits="0" branch="false"/>
							</lines>
						</method>
						<method name="isAxisLineVisible" signature="()Z" line-rate="0.0" branch-rate="1.0">
							<lines>
								<line number="548" hits="0" branch="false"/>
							</lines>
						</method>
						<method name="isTickLabelsVisible" signature="()Z" line-rate="0.0" branch-rate="1.0">
							<lines>
								<line number="630" hits="0" branch="false"/>
							</lines>
						</method>
						<method name="isTickMarksVisible" signature="()Z" line-rate="0.0" branch-rate="1.0">
							<lines>
								<line number="751" hits="0" branch="false"/>
							</lines>
						</method>
						<method name="isVisible" signature="()Z" line-rate="0.0" branch-rate="1.0">
							<lines>
								<line number="313" hits="0" branch="false"/>
							</lines>
						</method>
						<method name="notifyListeners" signature="(Lorg/jfree/chart/event/AxisChangeEvent;)V" line-rate="0.0" branch-rate="0.0">
							<lines>
								<line number="1035" hits="0" branch="false"/>
								<line number="1036" hits="0" branch="true" condition-coverage="0% (0/2)">
									<conditions>
										<condition number="0" type="jump" coverage="0%"/>
									</conditions>
								</line>
								<line number="1037" hits="0" branch="true" condition-coverage="0% (0/4)">
									<conditions>
										<condition number="0" type="jump" coverage="0%"/>
										<condition number="1" type="jump" coverage="0%"/>
									</conditions>
								</line>
								<line number="1038" hits="0" branch="false"/>
								<line number="1042" hits="0" branch="false"/>
							</lines>
						</method>
						<method name="readObject" signature="(Ljava/io/ObjectInputStream;)V" line-rate="0.0" branch-rate="1.0">
							<lines>
								<line number="1363" hits="0" branch="false"/>
								<line number="1364" hits="0" branch="false"/>
								<line number="1365" hits="0" branch="false"/>
								<line number="1366" hits="0" branch="false"/>
								<line number="1367" hits="0" branch="false"/>
								<line number="1368" hits="0" branch="false"/>
								<line number="1369" hits="0" branch="false"/>
								<line number="1370" hits="0" branch="false"/>
								<line number="1371" hits="0" branch="false"/>
							</lines>
						</method>
						<method name="removeChangeListener" signature="(Lorg/jfree/chart/event/AxisChangeListener;)V" line-rate="0.0" branch-rate="0.0">
							<lines>
								<line number="1010" hits="0" branch="true" condition-coverage="0% (0/2)">
									<conditions>
										<condition number="0" type="jump" coverage="0%"/>
									</conditions>
								</line>
								<line number="1011" hits="0" branch="false"/>
							</lines>
						</method>
						<method name="setAxisLinePaint" signature="(Ljava/awt/Paint;)V" line-rate="0.0" branch-rate="0.0">
							<lines>
								<line number="586" hits="0" branch="true" condition-coverage="0% (0/2)">
									<conditions>
										<condition number="0" type="jump" coverage="0%"/>
									</conditions>
								</line>
								<line number="587" hits="0" branch="false"/>
								<line number="589" hits="0" branch="false"/>
								<line number="590" hits="0" branch="false"/>
								<line number="591" hits="0" branch="false"/>
							</lines>
						</method>
						<method name="setAxisLineStroke" signature="(Ljava/awt/Stroke;)V" line-rate="0.0" branch-rate="0.0">
							<lines>
								<line number="613" hits="0" branch="true" condition-coverage="0% (0/2)">
									<conditions>
										<condition number="0" type="jump" coverage="0%"/>
									</conditions>
								</line>
								<line number="614" hits="0" branch="false"/>
								<line number="616" hits="0" branch="false"/>
								<line number="617" hits="0" branch="false"/>
								<line number="618" hits="0" branch="false"/>
							</lines>
						</method>
						<method name="setAxisLineVisible" signature="(Z)V" line-rate="0.0" branch-rate="1.0">
							<lines>
								<line number="562" hits="0" branch="false"/>
								<line number="563" hits="0" branch="false"/>
								<line number="564" hits="0" branch="false"/>
							</lines>
						</method>
						<method name="setFixedDimension" signature="(D)V" line-rate="0.0" branch-rate="1.0">
							<lines>
								<line number="927" hits="0" branch="false"/>
								<line number="928" hits="0" branch="false"/>
							</lines>
						</method>
						<method name="setLabel" signature="(Ljava/lang/String;)V" line-rate="0.0" branch-rate="0.0">
							<lines>
								<line number="356" hits="0" branch="false"/>
								<line number="357" hits="0" branch="true" condition-coverage="0% (0/2)">
									<conditions>
										<condition number="0" type="jump" coverage="0%"/>
									</conditions>
								</line>
								<line number="358" hits="0" branch="true" condition-coverage="0% (0/2)">
									<conditions>
										<condition number="0" type="jump" coverage="0%"/>
									</conditions>
								</line>
								<line number="359" hits="0" branch="false"/>
								<line number="360" hits="0" branch="false"/>
								<line number="364" hits="0" branch="true" condition-coverage="0% (0/2)">
									<conditions>
										<condition number="0" type="jump" coverage="0%"/>
									</conditions>
								</line>
								<line number="365" hits="0" branch="false"/>
								<line number="366" hits="0" branch="false"/>
								<line number="370" hits="0" branch="false"/>
							</lines>
						</method>
						<method name="setLabelAngle" signature="(D)V" line-rate="0.0" branch-rate="1.0">
							<lines>
								<line number="478" hits="0" branch="false"/>
								<line number="479" hits="0" branch="false"/>
								<line number="480" hits="0" branch="false"/>
							</lines>
						</method>
						<method name="setLabelFont" signature="(Ljava/awt/Font;)V" line-rate="0.0" branch-rate="0.0">
							<lines>
								<line number="392" hits="0" branch="true" condition-coverage="0% (0/2)">
									<conditions>
										<condition number="0" type="jump" coverage="0%"/>
									</conditions>
								</line>
								<line number="393" hits="0" branch="false"/>
								<line number="395" hits="0" branch="true" condition-coverage="0% (0/2)">
									<conditions>
										<condition number="0" type="jump" coverage="0%"/>
									</conditions>
								</line>
								<line number="396" hits="0" branch="false"/>
								<line number="397" hits="0" branch="false"/>
								<line number="399" hits="0" branch="false"/>
							</lines>
						</method>
						<method name="setLabelInsets" signature="(Lorg/jfree/chart/util/RectangleInsets;)V" line-rate="0.0" branch-rate="0.0">
							<lines>
								<line number="449" hits="0" branch="true" condition-coverage="0% (0/2)">
									<conditions>
										<condition number="0" type="jump" coverage="0%"/>
									</conditions>
								</line>
								<line number="450" hits="0" branch="false"/>
								<line number="452" hits="0" branch="true" condition-coverage="0% (0/2)">
									<conditions>
										<condition number="0" type="jump" coverage="0%"/>
									</conditions>
								</line>
								<line number="453" hits="0" branch="false"/>
								<line number="454" hits="0" branch="false"/>
								<line number="456" hits="0" branch="false"/>
							</lines>
						</method>
						<method name="setLabelPaint" signature="(Ljava/awt/Paint;)V" line-rate="0.0" branch-rate="0.0">
							<lines>
								<line number="421" hits="0" branch="true" condition-coverage="0% (0/2)">
									<conditions>
										<condition number="0" type="jump" coverage="0%"/>
									</conditions>
								</line>
								<line number="422" hits="0" branch="false"/>
								<line number="424" hits="0" branch="false"/>
								<line number="425" hits="0" branch="false"/>
								<line number="426" hits="0" branch="false"/>
							</lines>
						</method>
						<method name="setLabelToolTip" signature="(Ljava/lang/String;)V" line-rate="0.0" branch-rate="1.0">
							<lines>
								<line number="506" hits="0" branch="false"/>
								<line number="507" hits="0" branch="false"/>
								<line number="508" hits="0" branch="false"/>
							</lines>
						</method>
						<method name="setLabelURL" signature="(Ljava/lang/String;)V" line-rate="0.0" branch-rate="1.0">
							<lines>
								<line number="534" hits="0" branch="false"/>
								<line number="535" hits="0" branch="false"/>
								<line number="536" hits="0" branch="false"/>
							</lines>
						</method>
						<method name="setPlot" signature="(Lorg/jfree/chart/plot/Plot;)V" line-rate="0.0" branch-rate="1.0">
							<lines>
								<line number="898" hits="0" branch="false"/>
								<line number="899" hits="0" branch="false"/>
								<line number="900" hits="0" branch="false"/>
							</lines>
						</method>
						<method name="setTickLabelFont" signature="(Ljava/awt/Font;)V" line-rate="0.0" branch-rate="0.0">
							<lines>
								<line number="674" hits="0" branch="true" condition-coverage="0% (0/2)">
									<conditions>
										<condition number="0" type="jump" coverage="0%"/>
									</conditions>
								</line>
								<line number="675" hits="0" branch="false"/>
								<line number="678" hits="0" branch="true" condition-coverage="0% (0/2)">
									<conditions>
										<condition number="0" type="jump" coverage="0%"/>
									</conditions>
								</line>
								<line number="679" hits="0" branch="false"/>
								<line number="680" hits="0" branch="false"/>
								<line number="683" hits="0" branch="false"/>
							</lines>
						</method>
						<method name="setTickLabelInsets" signature="(Lorg/jfree/chart/util/RectangleInsets;)V" line-rate="0.0" branch-rate="0.0">
							<lines>
								<line number="732" hits="0" branch="true" condition-coverage="0% (0/2)">
									<conditions>
										<condition number="0" type="jump" coverage="0%"/>
									</conditions>
								</line>
								<line number="733" hits="0" branch="false"/>
								<line number="735" hits="0" branch="true" condition-coverage="0% (0/2)">
									<conditions>
										<condition number="0" type="jump" coverage="0%"/>
									</conditions>
								</line>
								<line number="736" hits="0" branch="false"/>
								<line number="737" hits="0" branch="false"/>
								<line number="739" hits="0" branch="false"/>
							</lines>
						</method>
						<method name="setTickLabelPaint" signature="(Ljava/awt/Paint;)V" line-rate="0.0" branch-rate="0.0">
							<lines>
								<line number="705" hits="0" branch="true" condition-coverage="0% (0/2)">
									<conditions>
										<condition number="0" type="jump" coverage="0%"/>
									</conditions>
								</line>
								<line number="706" hits="0" branch="false"/>
								<line number="708" hits="0" branch="false"/>
								<line number="709" hits="0" branch="false"/>
								<line number="710" hits="0" branch="false"/>
							</lines>
						</method>
						<method name="setTickLabelsVisible" signature="(Z)V" line-rate="0.0" branch-rate="0.0">
							<lines>
								<line number="646" hits="0" branch="true" condition-coverage="0% (0/2)">
									<conditions>
										<condition number="0" type="jump" coverage="0%"/>
									</conditions>
								</line>
								<line number="647" hits="0" branch="false"/>
								<line number="648" hits="0" branch="false"/>
								<line number="651" hits="0" branch="false"/>
							</lines>
						</method>
						<method name="setTickMarkInsideLength" signature="(F)V" line-rate="0.0" branch-rate="1.0">
							<lines>
								<line number="790" hits="0" branch="false"/>
								<line number="791" hits="0" branch="false"/>
								<line number="792" hits="0" branch="false"/>
							</lines>
						</method>
						<method name="setTickMarkOutsideLength" signature="(F)V" line-rate="0.0" branch-rate="1.0">
							<lines>
								<line number="815" hits="0" branch="false"/>
								<line number="816" hits="0" branch="false"/>
								<line number="817" hits="0" branch="false"/>
							</lines>
						</method>
						<method name="setTickMarkPaint" signature="(Ljava/awt/Paint;)V" line-rate="0.0" branch-rate="0.0">
							<lines>
								<line number="868" hits="0" branch="true" condition-coverage="0% (0/2)">
									<conditions>
										<condition number="0" type="jump" coverage="0%"/>
									</conditions>
								</line>
								<line number="869" hits="0" branch="false"/>
								<line number="871" hits="0" branch="false"/>
								<line number="872" hits="0" branch="false"/>
								<line number="873" hits="0" branch="false"/>
							</lines>
						</method>
						<method name="setTickMarkStroke" signature="(Ljava/awt/Stroke;)V" line-rate="0.0" branch-rate="0.0">
							<lines>
								<line number="839" hits="0" branch="true" condition-coverage="0% (0/2)">
									<conditions>
										<condition number="0" type="jump" coverage="0%"/>
									</conditions>
								</line>
								<line number="840" hits="0" branch="false"/>
								<line number="842" hits="0" branch="true" condition-coverage="0% (0/2)">
									<conditions>
										<condition number="0" type="jump" coverage="0%"/>
									</conditions>
								</line>
								<line number="843" hits="0" branch="false"/>
								<line number="844" hits="0" branch="false"/>
								<line number="846" hits="0" branch="false"/>
							</lines>
						</method>
						<method name="setTickMarksVisible" signature="(Z)V" line-rate="0.0" branch-rate="0.0">
							<lines>
								<line number="763" hits="0" branch="true" condition-coverage="0% (0/2)">
									<conditions>
										<condition number="0" type="jump" coverage="0%"/>
									</conditions>
								</line>
								<line number="764" hits="0" branch="false"/>
								<line number="765" hits="0" branch="false"/>
								<line number="767" hits="0" branch="false"/>
							</lines>
						</method>
						<method name="setVisible" signature="(Z)V" line-rate="0.0" branch-rate="0.0">
							<lines>
								<line number="325" hits="0" branch="true" condition-coverage="0% (0/2)">
									<conditions>
										<condition number="0" type="jump" coverage="0%"/>
									</conditions>
								</line>
								<line number="326" hits="0" branch="false"/>
								<line number="327" hits="0" branch="false"/>
								<line number="329" hits="0" branch="false"/>
							</lines>
						</method>
						<method name="writeObject" signature="(Ljava/io/ObjectOutputStream;)V" line-rate="0.0" branch-rate="1.0">
							<lines>
								<line number="1344" hits="0" branch="false"/>
								<line number="1345" hits="0" branch="false"/>
								<line number="1346" hits="0" branch="false"/>
								<line number="1347" hits="0" branch="false"/>
								<line number="1348" hits="0" branch="false"/>
								<line number="1349" hits="0" branch="false"/>
								<line number="1350" hits="0" branch="false"/>
								<line number="1351" hits="0" branch="false"/>
							</lines>
						</method>
					</methods>
					<lines>
						<line number="136" hits="0" branch="false"/>
						<line number="140" hits="0" branch="false"/>
						<line number="143" hits="0" branch="false"/>
						<line number="147" hits="0" branch="false"/>
						<line number="150" hits="0" branch="false"/>
						<line number="156" hits="0" branch="false"/>
						<line number="160" hits="0" branch="false"/>
						<line number="163" hits="0" branch="false"/>
						<line number="170" hits="0" branch="false"/>
						<line number="173" hits="0" branch="false"/>
						<line number="272" hits="0" branch="false"/>
						<line number="274" hits="0" branch="false"/>
						<line number="275" hits="0" branch="false"/>
						<line number="276" hits="0" branch="false"/>
						<line number="277" hits="0" branch="false"/>
						<line number="278" hits="0" branch="false"/>
						<line number="279" hits="0" branch="false"/>
						<line number="280" hits="0" branch="false"/>
						<line number="281" hits="0" branch="false"/>
						<line number="283" hits="0" branch="false"/>
						<line number="284" hits="0" branch="false"/>
						<line number="285" hits="0" branch="false"/>
						<line number="287" hits="0" branch="false"/>
						<line number="288" hits="0" branch="false"/>
						<line number="289" hits="0" branch="false"/>
						<line number="290" hits="0" branch="false"/>
						<line number="292" hits="0" branch="false"/>
						<line number="293" hits="0" branch="false"/>
						<line number="294" hits="0" branch="false"/>
						<line number="295" hits="0" branch="false"/>
						<line number="296" hits="0" branch="false"/>
						<line number="298" hits="0" branch="false"/>
						<line number="300" hits="0" branch="false"/>
						<line number="302" hits="0" branch="false"/>
						<line number="313" hits="0" branch="false"/>
						<line number="325" hits="0" branch="true" condition-coverage="0% (0/2)">
							<conditions>
								<condition number="0" type="jump" coverage="0%"/>
							</conditions>
						</line>
						<line number="326" hits="0" branch="false"/>
						<line number="327" hits="0" branch="false"/>
						<line number="329" hits="0" branch="false"/>
						<line number="341" hits="0" branch="false"/>
						<line number="356" hits="0" branch="false"/>
						<line number="357" hits="0" branch="true" condition-coverage="0% (0/2)">
							<conditions>
								<condition number="0" type="jump" coverage="0%"/>
							</conditions>
						</line>
						<line number="358" hits="0" branch="true" condition-coverage="0% (0/2)">
							<conditions>
								<condition number="0" type="jump" coverage="0%"/>
							</conditions>
						</line>
						<line number="359" hits="0" branch="false"/>
						<line number="360" hits="0" branch="false"/>
						<line number="364" hits="0" branch="true" condition-coverage="0% (0/2)">
							<conditions>
								<condition number="0" type="jump" coverage="0%"/>
							</conditions>
						</line>
						<line number="365" hits="0" branch="false"/>
						<line number="366" hits="0" branch="false"/>
						<line number="370" hits="0" branch="false"/>
						<line number="380" hits="0" branch="false"/>
						<line number="392" hits="0" branch="true" condition-coverage="0% (0/2)">
							<conditions>
								<condition number="0" type="jump" coverage="0%"/>
							</conditions>
						</line>
						<line number="393" hits="0" branch="false"/>
						<line number="395" hits="0" branch="true" condition-coverage="0% (0/2)">
							<conditions>
								<condition number="0" type="jump" coverage="0%"/>
							</conditions>
						</line>
						<line number="396" hits="0" branch="false"/>
						<line number="397" hits="0" branch="false"/>
						<line number="399" hits="0" branch="false"/>
						<line number="409" hits="0" branch="false"/>
						<line number="421" hits="0" branch="true" condition-coverage="0% (0/2)">
							<conditions>
								<condition number="0" type="jump" coverage="0%"/>
							</conditions>
						</line>
						<line number="422" hits="0" branch="false"/>
						<line number="424" hits="0" branch="false"/>
						<line number="425" hits="0" branch="false"/>
						<line number="426" hits="0" branch="false"/>
						<line number="437" hits="0" branch="false"/>
						<line number="449" hits="0" branch="true" condition-coverage="0% (0/2)">
							<conditions>
								<condition number="0" type="jump" coverage="0%"/>
							</conditions>
						</line>
						<line number="450" hits="0" branch="false"/>
						<line number="452" hits="0" branch="true" condition-coverage="0% (0/2)">
							<conditions>
								<condition number="0" type="jump" coverage="0%"/>
							</conditions>
						</line>
						<line number="453" hits="0" branch="false"/>
						<line number="454" hits="0" branch="false"/>
						<line number="456" hits="0" branch="false"/>
						<line number="466" hits="0" branch="false"/>
						<line number="478" hits="0" branch="false"/>
						<line number="479" hits="0" branch="false"/>
						<line number="480" hits="0" branch="false"/>
						<line number="492" hits="0" branch="false"/>
						<line number="506" hits="0" branch="false"/>
						<line number="507" hits="0" branch="false"/>
						<line number="508" hits="0" branch="false"/>
						<line number="520" hits="0" branch="false"/>
						<line number="534" hits="0" branch="false"/>
						<line number="535" hits="0" branch="false"/>
						<line number="536" hits="0" branch="false"/>
						<line number="548" hits="0" branch="false"/>
						<line number="562" hits="0" branch="false"/>
						<line number="563" hits="0" branch="false"/>
						<line number="564" hits="0" branch="false"/>
						<line number="574" hits="0" branch="false"/>
						<line number="586" hits="0" branch="true" condition-coverage="0% (0/2)">
							<conditions>
								<condition number="0" type="jump" coverage="0%"/>
							</conditions>
						</line>
						<line number="587" hits="0" branch="false"/>
						<line number="589" hits="0" branch="false"/>
						<line number="590" hits="0" branch="false"/>
						<line number="591" hits="0" branch="false"/>
						<line number="601" hits="0" branch="false"/>
						<line number="613" hits="0" branch="true" condition-coverage="0% (0/2)">
							<conditions>
								<condition number="0" type="jump" coverage="0%"/>
							</conditions>
						</line>
						<line number="614" hits="0" branch="false"/>
						<line number="616" hits="0" branch="false"/>
						<line number="617" hits="0" branch="false"/>
						<line number="618" hits="0" branch="false"/>
						<line number="630" hits="0" branch="false"/>
						<line number="646" hits="0" branch="true" condition-coverage="0% (0/2)">
							<conditions>
								<condition number="0" type="jump" coverage="0%"/>
							</conditions>
						</line>
						<line number="647" hits="0" branch="false"/>
						<line number="648" hits="0" branch="false"/>
						<line number="651" hits="0" branch="false"/>
						<line number="661" hits="0" branch="false"/>
						<line number="674" hits="0" branch="true" condition-coverage="0% (0/2)">
							<conditions>
								<condition number="0" type="jump" coverage="0%"/>
							</conditions>
						</line>
						<line number="675" hits="0" branch="false"/>
						<line number="678" hits="0" branch="true" condition-coverage="0% (0/2)">
							<conditions>
								<condition number="0" type="jump" coverage="0%"/>
							</conditions>
						</line>
						<line number="679" hits="0" branch="false"/>
						<line number="680" hits="0" branch="false"/>
						<line number="683" hits="0" branch="false"/>
						<line number="693" hits="0" branch="false"/>
						<line number="705" hits="0" branch="true" condition-coverage="0% (0/2)">
							<conditions>
								<condition number="0" type="jump" coverage="0%"/>
							</conditions>
						</line>
						<line number="706" hits="0" branch="false"/>
						<line number="708" hits="0" branch="false"/>
						<line number="709" hits="0" branch="false"/>
						<line number="710" hits="0" branch="false"/>
						<line number="720" hits="0" branch="false"/>
						<line number="732" hits="0" branch="true" condition-coverage="0% (0/2)">
							<conditions>
								<condition number="0" type="jump" coverage="0%"/>
							</conditions>
						</line>
						<line number="733" hits="0" branch="false"/>
						<line number="735" hits="0" branch="true" condition-coverage="0% (0/2)">
							<conditions>
								<condition number="0" type="jump" coverage="0%"/>
							</conditions>
						</line>
						<line number="736" hits="0" branch="false"/>
						<line number="737" hits="0" branch="false"/>
						<line number="739" hits="0" branch="false"/>
						<line number="751" hits="0" branch="false"/>
						<line number="763" hits="0" branch="true" condition-coverage="0% (0/2)">
							<conditions>
								<condition number="0" type="jump" coverage="0%"/>
							</conditions>
						</line>
						<line number="764" hits="0" branch="false"/>
						<line number="765" hits="0" branch="false"/>
						<line number="767" hits="0" branch="false"/>
						<line number="778" hits="0" branch="false"/>
						<line number="790" hits="0" branch="false"/>
						<line number="791" hits="0" branch="false"/>
						<line number="792" hits="0" branch="false"/>
						<line number="803" hits="0" branch="false"/>
						<line number="815" hits="0" branch="false"/>
						<line number="816" hits="0" branch="false"/>
						<line number="817" hits="0" branch="false"/>
						<line number="827" hits="0" branch="false"/>
						<line number="839" hits="0" branch="true" condition-coverage="0% (0/2)">
							<conditions>
								<condition number="0" type="jump" coverage="0%"/>
							</conditions>
						</line>
						<line number="840" hits="0" branch="false"/>
						<line number="842" hits="0" branch="true" condition-coverage="0% (0/2)">
							<conditions>
								<condition number="0" type="jump" coverage="0%"/>
							</conditions>
						</line>
						<line number="843" hits="0" branch="false"/>
						<line number="844" hits="0" branch="false"/>
						<line number="846" hits="0" branch="false"/>
						<line number="856" hits="0" branch="false"/>
						<line number="868" hits="0" branch="true" condition-coverage="0% (0/2)">
							<conditions>
								<condition number="0" type="jump" coverage="0%"/>
							</conditions>
						</line>
						<line number="869" hits="0" branch="false"/>
						<line number="871" hits="0" branch="false"/>
						<line number="872" hits="0" branch="false"/>
						<line number="873" hits="0" branch="false"/>
						<line number="885" hits="0" branch="false"/>
						<line number="898" hits="0" branch="false"/>
						<line number="899" hits="0" branch="false"/>
						<line number="900" hits="0" branch="false"/>
						<line number="910" hits="0" branch="false"/>
						<line number="927" hits="0" branch="false"/>
						<line number="928" hits="0" branch="false"/>
						<line number="999" hits="0" branch="true" condition-coverage="0% (0/2)">
							<conditions>
								<condition number="0" type="jump" coverage="0%"/>
							</conditions>
						</line>
						<line number="1000" hits="0" branch="false"/>
						<line number="1010" hits="0" branch="true" condition-coverage="0% (0/2)">
							<conditions>
								<condition number="0" type="jump" coverage="0%"/>
							</conditions>
						</line>
						<line number="1011" hits="0" branch="false"/>
						<line number="1023" hits="0" branch="false"/>
						<line number="1024" hits="0" branch="false"/>
						<line number="1035" hits="0" branch="false"/>
						<line number="1036" hits="0" branch="true" condition-coverage="0% (0/2)">
							<conditions>
								<condition number="0" type="jump" coverage="0%"/>
							</conditions>
						</line>
						<line number="1037" hits="0" branch="true" condition-coverage="0% (0/4)">
							<conditions>
								<condition number="0" type="jump" coverage="0%"/>
								<condition number="1" type="jump" coverage="0%"/>
							</conditions>
						</line>
						<line number="1038" hits="0" branch="false"/>
						<line number="1042" hits="0" branch="false"/>
						<line number="1055" hits="0" branch="false"/>
						<line number="1056" hits="0" branch="false"/>
						<line number="1057" hits="0" branch="true" condition-coverage="0% (0/4)">
							<conditions>
								<condition number="0" type="jump" coverage="0%"/>
								<condition number="1" type="jump" coverage="0%"/>
							</conditions>
						</line>
						<line number="1058" hits="0" branch="false"/>
						<line number="1059" hits="0" branch="false"/>
						<line number="1060" hits="0" branch="false"/>
						<line number="1061" hits="0" branch="false"/>
						<line number="1062" hits="0" branch="false"/>
						<line number="1063" hits="0" branch="true" condition-coverage="0% (0/4)">
							<conditions>
								<condition number="0" type="jump" coverage="0%"/>
								<condition number="1" type="jump" coverage="0%"/>
							</conditions>
						</line>
						<line number="1064" hits="0" branch="false"/>
						<line number="1066" hits="0" branch="false"/>
						<line number="1067" hits="0" branch="false"/>
						<line number="1068" hits="0" branch="false"/>
						<line number="1070" hits="0" branch="false"/>
						<line number="1071" hits="0" branch="false"/>
						<line number="1074" hits="0" branch="false"/>
						<line number="1096" hits="0" branch="true" condition-coverage="0% (0/2)">
							<conditions>
								<condition number="0" type="jump" coverage="0%"/>
							</conditions>
						</line>
						<line number="1097" hits="0" branch="false"/>
						<line number="1100" hits="0" branch="true" condition-coverage="0% (0/4)">
							<conditions>
								<condition number="0" type="jump" coverage="0%"/>
								<condition number="1" type="jump" coverage="0%"/>
							</conditions>
						</line>
						<line number="1101" hits="0" branch="false"/>
						<line number="1104" hits="0" branch="false"/>
						<line number="1105" hits="0" branch="false"/>
						<line number="1106" hits="0" branch="false"/>
						<line number="1107" hits="0" branch="false"/>
						<line number="1108" hits="0" branch="false"/>
						<line number="1109" hits="0" branch="false"/>
						<line number="1110" hits="0" branch="false"/>
						<line number="1112" hits="0" branch="true" condition-coverage="0% (0/2)">
							<conditions>
								<condition number="0" type="jump" coverage="0%"/>
							</conditions>
						</line>
						<line number="1113" hits="0" branch="false"/>
						<line number="1116" hits="0" branch="false"/>
						<line number="1117" hits="0" branch="false"/>
						<line number="1118" hits="0" branch="false"/>
						<line number="1119" hits="0" branch="false"/>
						<line number="1120" hits="0" branch="false"/>
						<line number="1121" hits="0" branch="false"/>
						<line number="1123" hits="0" branch="false"/>
						<line number="1125" hits="0" branch="false"/>
						<line number="1127" hits="0" branch="false"/>
						<line number="1129" hits="0" branch="false"/>
						<line number="1130" hits="0" branch="true" condition-coverage="0% (0/2)">
							<conditions>
								<condition number="0" type="jump" coverage="0%"/>
							</conditions>
						</line>
						<line number="1131" hits="0" branch="false"/>
						<line number="1134" hits="0" branch="false"/>
						<line number="1135" hits="0" branch="false"/>
						<line number="1136" hits="0" branch="false"/>
						<line number="1137" hits="0" branch="false"/>
						<line number="1138" hits="0" branch="false"/>
						<line number="1139" hits="0" branch="false"/>
						<line number="1141" hits="0" branch="false"/>
						<line number="1143" hits="0" branch="false"/>
						<line number="1145" hits="0" branch="false"/>
						<line number="1147" hits="0" branch="false"/>
						<line number="1148" hits="0" branch="true" condition-coverage="0% (0/2)">
							<conditions>
								<condition number="0" type="jump" coverage="0%"/>
							</conditions>
						</line>
						<line number="1149" hits="0" branch="false"/>
						<line number="1152" hits="0" branch="false"/>
						<line number="1153" hits="0" branch="false"/>
						<line number="1154" hits="0" branch="false"/>
						<line number="1155" hits="0" branch="false"/>
						<line number="1156" hits="0" branch="false"/>
						<line number="1158" hits="0" branch="false"/>
						<line number="1159" hits="0" branch="false"/>
						<line number="1162" hits="0" branch="false"/>
						<line number="1164" hits="0" branch="false"/>
						<line number="1166" hits="0" branch="false"/>
						<line number="1167" hits="0" branch="true" condition-coverage="0% (0/2)">
							<conditions>
								<condition number="0" type="jump" coverage="0%"/>
							</conditions>
						</line>
						<line number="1169" hits="0" branch="false"/>
						<line number="1172" hits="0" branch="false"/>
						<line number="1173" hits="0" branch="false"/>
						<line number="1174" hits="0" branch="false"/>
						<line number="1175" hits="0" branch="false"/>
						<line number="1176" hits="0" branch="false"/>
						<line number="1178" hits="0" branch="false"/>
						<line number="1180" hits="0" branch="false"/>
						<line number="1183" hits="0" branch="false"/>
						<line number="1185" hits="0" branch="false"/>
						<line number="1189" hits="0" branch="true" condition-coverage="0% (0/4)">
							<conditions>
								<condition number="0" type="jump" coverage="0%"/>
								<condition number="1" type="jump" coverage="0%"/>
							</conditions>
						</line>
						<line number="1190" hits="0" branch="false"/>
						<line number="1191" hits="0" branch="true" condition-coverage="0% (0/2)">
							<conditions>
								<condition number="0" type="jump" coverage="0%"/>
							</conditions>
						</line>
						<line number="1192" hits="0" branch="false"/>
						<line number="1193" hits="0" branch="true" condition-coverage="0% (0/2)">
							<conditions>
								<condition number="0" type="jump" coverage="0%"/>
							</conditions>
						</line>
						<line number="1194" hits="0" branch="false"/>
						<line number="1199" hits="0" branch="false"/>
						<line number="1214" hits="0" branch="false"/>
						<line number="1215" hits="0" branch="true" condition-coverage="0% (0/2)">
							<conditions>
								<condition number="0" type="jump" coverage="0%"/>
							</conditions>
						</line>
						<line number="1216" hits="0" branch="false"/>
						<line number="1219" hits="0" branch="true" condition-coverage="0% (0/2)">
							<conditions>
								<condition number="0" type="jump" coverage="0%"/>
							</conditions>
						</line>
						<line number="1220" hits="0" branch="false"/>
						<line number="1223" hits="0" branch="true" condition-coverage="0% (0/2)">
							<conditions>
								<condition number="0" type="jump" coverage="0%"/>
							</conditions>
						</line>
						<line number="1224" hits="0" branch="false"/>
						<line number="1227" hits="0" branch="true" condition-coverage="0% (0/2)">
							<conditions>
								<condition number="0" type="jump" coverage="0%"/>
							</conditions>
						</line>
						<line number="1228" hits="0" branch="false"/>
						<line number="1231" hits="0" branch="false"/>
						<line number="1232" hits="0" branch="false"/>
						<line number="1233" hits="0" branch="false"/>
						<line number="1235" hits="0" branch="false"/>
						<line number="1246" hits="0" branch="false"/>
						<line number="1248" hits="0" branch="false"/>
						<line number="1249" hits="0" branch="false"/>
						<line number="1250" hits="0" branch="false"/>
						<line number="1261" hits="0" branch="true" condition-coverage="0% (0/2)">
							<conditions>
								<condition number="0" type="jump" coverage="0%"/>
							</conditions>
						</line>
						<line number="1262" hits="0" branch="false"/>
						<line number="1264" hits="0" branch="true" condition-coverage="0% (0/2)">
							<conditions>
								<condition number="0" type="jump" coverage="0%"/>
							</conditions>
						</line>
						<line number="1265" hits="0" branch="false"/>
						<line number="1267" hits="0" branch="false"/>
						<line number="1268" hits="0" branch="true" condition-coverage="0% (0/2)">
							<conditions>
								<condition number="0" type="jump" coverage="0%"/>
							</conditions>
						</line>
						<line number="1269" hits="0" branch="false"/>
						<line number="1271" hits="0" branch="true" condition-coverage="0% (0/2)">
							<conditions>
								<condition number="0" type="jump" coverage="0%"/>
							</conditions>
						</line>
						<line number="1272" hits="0" branch="false"/>
						<line number="1274" hits="0" branch="true" condition-coverage="0% (0/2)">
							<conditions>
								<condition number="0" type="jump" coverage="0%"/>
							</conditions>
						</line>
						<line number="1275" hits="0" branch="false"/>
						<line number="1277" hits="0" branch="true" condition-coverage="0% (0/2)">
							<conditions>
								<condition number="0" type="jump" coverage="0%"/>
							</conditions>
						</line>
						<line number="1278" hits="0" branch="false"/>
						<line number="1280" hits="0" branch="true" condition-coverage="0% (0/2)">
							<conditions>
								<condition number="0" type="jump" coverage="0%"/>
							</conditions>
						</line>
						<line number="1281" hits="0" branch="false"/>
						<line number="1283" hits="0" branch="true" condition-coverage="0% (0/2)">
							<conditions>
								<condition number="0" type="jump" coverage="0%"/>
							</conditions>
						</line>
						<line number="1284" hits="0" branch="false"/>
						<line number="1286" hits="0" branch="true" condition-coverage="0% (0/2)">
							<conditions>
								<condition number="0" type="jump" coverage="0%"/>
							</conditions>
						</line>
						<line number="1287" hits="0" branch="false"/>
						<line number="1289" hits="0" branch="true" condition-coverage="0% (0/2)">
							<conditions>
								<condition number="0" type="jump" coverage="0%"/>
							</conditions>
						</line>
						<line number="1290" hits="0" branch="false"/>
						<line number="1292" hits="0" branch="true" condition-coverage="0% (0/2)">
							<conditions>
								<condition number="0" type="jump" coverage="0%"/>
							</conditions>
						</line>
						<line number="1293" hits="0" branch="false"/>
						<line number="1295" hits="0" branch="true" condition-coverage="0% (0/2)">
							<conditions>
								<condition number="0" type="jump" coverage="0%"/>
							</conditions>
						</line>
						<line number="1296" hits="0" branch="false"/>
						<line number="1298" hits="0" branch="true" condition-coverage="0% (0/2)">
							<conditions>
								<condition number="0" type="jump" coverage="0%"/>
							</conditions>
						</line>
						<line number="1299" hits="0" branch="false"/>
						<line number="1301" hits="0" branch="true" condition-coverage="0% (0/2)">
							<conditions>
								<condition number="0" type="jump" coverage="0%"/>
							</conditions>
						</line>
						<line number="1302" hits="0" branch="false"/>
						<line number="1304" hits="0" branch="true" condition-coverage="0% (0/2)">
							<conditions>
								<condition number="0" type="jump" coverage="0%"/>
							</conditions>
						</line>
						<line number="1305" hits="0" branch="false"/>
						<line number="1307" hits="0" branch="true" condition-coverage="0% (0/2)">
							<conditions>
								<condition number="0" type="jump" coverage="0%"/>
							</conditions>
						</line>
						<line number="1308" hits="0" branch="false"/>
						<line number="1310" hits="0" branch="true" condition-coverage="0% (0/2)">
							<conditions>
								<condition number="0" type="jump" coverage="0%"/>
							</conditions>
						</line>
						<line number="1313" hits="0" branch="false"/>
						<line number="1315" hits="0" branch="true" condition-coverage="0% (0/2)">
							<conditions>
								<condition number="0" type="jump" coverage="0%"/>
							</conditions>
						</line>
						<line number="1316" hits="0" branch="false"/>
						<line number="1318" hits="0" branch="true" condition-coverage="0% (0/2)">
							<conditions>
								<condition number="0" type="jump" coverage="0%"/>
							</conditions>
						</line>
						<line number="1319" hits="0" branch="false"/>
						<line number="1321" hits="0" branch="true" condition-coverage="0% (0/2)">
							<conditions>
								<condition number="0" type="jump" coverage="0%"/>
							</conditions>
						</line>
						<line number="1322" hits="0" branch="false"/>
						<line number="1324" hits="0" branch="true" condition-coverage="0% (0/2)">
							<conditions>
								<condition number="0" type="jump" coverage="0%"/>
							</conditions>
						</line>
						<line number="1325" hits="0" branch="false"/>
						<line number="1327" hits="0" branch="true" condition-coverage="0% (0/2)">
							<conditions>
								<condition number="0" type="jump" coverage="0%"/>
							</conditions>
						</line>
						<line number="1328" hits="0" branch="false"/>
						<line number="1330" hits="0" branch="true" condition-coverage="0% (0/2)">
							<conditions>
								<condition number="0" type="jump" coverage="0%"/>
							</conditions>
						</line>
						<line number="1331" hits="0" branch="false"/>
						<line number="1333" hits="0" branch="false"/>
						<line number="1344" hits="0" branch="false"/>
						<line number="1345" hits="0" branch="false"/>
						<line number="1346" hits="0" branch="false"/>
						<line number="1347" hits="0" branch="false"/>
						<line number="1348" hits="0" branch="false"/>
						<line number="1349" hits="0" branch="false"/>
						<line number="1350" hits="0" branch="false"/>
						<line number="1351" hits="0" branch="false"/>
						<line number="1363" hits="0" branch="false"/>
						<line number="1364" hits="0" branch="false"/>
						<line number="1365" hits="0" branch="false"/>
						<line number="1366" hits="0" branch="false"/>
						<line number="1367" hits="0" branch="false"/>
						<line number="1368" hits="0" branch="false"/>
						<line number="1369" hits="0" branch="false"/>
						<line number="1370" hits="0" branch="false"/>
						<line number="1371" hits="0" branch="false"/>
					</lines>
				</class>
				<class name="org.jfree.chart.axis.AxisLocation" filename="org/jfree/chart/axis/AxisLocation.java" line-rate="0.0" branch-rate="0.0" complexity="4.5">
					<methods>
						<method name="&lt;clinit&gt;" signature="()V" line-rate="0.0" branch-rate="1.0">
							<lines>
								<line number="61" hits="0" branch="false"/>
								<line number="65" hits="0" branch="false"/>
								<line number="69" hits="0" branch="false"/>
								<line number="73" hits="0" branch="false"/>
							</lines>
						</method>
						<method name="&lt;init&gt;" signature="(Ljava/lang/String;)V" line-rate="0.0" branch-rate="1.0">
							<lines>
								<line number="84" hits="0" branch="false"/>
								<line number="85" hits="0" branch="false"/>
								<line number="86" hits="0" branch="false"/>
							</lines>
						</method>
						<method name="equals" signature="(Ljava/lang/Object;)Z" line-rate="0.0" branch-rate="0.0">
							<lines>
								<line number="118" hits="0" branch="true" condition-coverage="0% (0/2)">
									<conditions>
										<condition number="0" type="jump" coverage="0%"/>
									</conditions>
								</line>
								<line number="119" hits="0" branch="false"/>
								<line number="121" hits="0" branch="true" condition-coverage="0% (0/2)">
									<conditions>
										<condition number="0" type="jump" coverage="0%"/>
									</conditions>
								</line>
								<line number="122" hits="0" branch="false"/>
								<line number="124" hits="0" branch="false"/>
								<line number="125" hits="0" branch="true" condition-coverage="0% (0/2)">
									<conditions>
										<condition number="0" type="jump" coverage="0%"/>
									</conditions>
								</line>
								<line number="126" hits="0" branch="false"/>
								<line number="128" hits="0" branch="false"/>
							</lines>
						</method>
						<method name="getOpposite" signature="()Lorg/jfree/chart/axis/AxisLocation;" line-rate="0.0" branch-rate="1.0">
							<lines>
								<line number="96" hits="0" branch="false"/>
							</lines>
						</method>
						<method name="getOpposite" signature="(Lorg/jfree/chart/axis/AxisLocation;)Lorg/jfree/chart/axis/AxisLocation;" line-rate="0.0" branch-rate="0.0">
							<lines>
								<line number="140" hits="0" branch="true" condition-coverage="0% (0/2)">
									<conditions>
										<condition number="0" type="jump" coverage="0%"/>
									</conditions>
								</line>
								<line number="141" hits="0" branch="false"/>
								<line number="143" hits="0" branch="false"/>
								<line number="144" hits="0" branch="true" condition-coverage="0% (0/2)">
									<conditions>
										<condition number="0" type="jump" coverage="0%"/>
									</conditions>
								</line>
								<line number="145" hits="0" branch="false"/>
								<line number="147" hits="0" branch="true" condition-coverage="0% (0/2)">
									<conditions>
										<condition number="0" type="jump" coverage="0%"/>
									</conditions>
								</line>
								<line number="148" hits="0" branch="false"/>
								<line number="150" hits="0" branch="true" condition-coverage="0% (0/2)">
									<conditions>
										<condition number="0" type="jump" coverage="0%"/>
									</conditions>
								</line>
								<line number="151" hits="0" branch="false"/>
								<line number="153" hits="0" branch="true" condition-coverage="0% (0/2)">
									<conditions>
										<condition number="0" type="jump" coverage="0%"/>
									</conditions>
								</line>
								<line number="154" hits="0" branch="false"/>
								<line number="157" hits="0" branch="false"/>
								<line number="159" hits="0" branch="false"/>
							</lines>
						</method>
						<method name="readResolve" signature="()Ljava/lang/Object;" line-rate="0.0" branch-rate="0.0">
							<lines>
								<line number="170" hits="0" branch="true" condition-coverage="0% (0/2)">
									<conditions>
										<condition number="0" type="jump" coverage="0%"/>
									</conditions>
								</line>
								<line number="171" hits="0" branch="false"/>
								<line number="173" hits="0" branch="true" condition-coverage="0% (0/2)">
									<conditions>
										<condition number="0" type="jump" coverage="0%"/>
									</conditions>
								</line>
								<line number="174" hits="0" branch="false"/>
								<line number="176" hits="0" branch="true" condition-coverage="0% (0/2)">
									<conditions>
										<condition number="0" type="jump" coverage="0%"/>
									</conditions>
								</line>
								<line number="177" hits="0" branch="false"/>
								<line number="179" hits="0" branch="true" condition-coverage="0% (0/2)">
									<conditions>
										<condition number="0" type="jump" coverage="0%"/>
									</conditions>
								</line>
								<line number="180" hits="0" branch="false"/>
								<line number="182" hits="0" branch="false"/>
							</lines>
						</method>
						<method name="toString" signature="()Ljava/lang/String;" line-rate="0.0" branch-rate="1.0">
							<lines>
								<line number="105" hits="0" branch="false"/>
							</lines>
						</method>
					</methods>
					<lines>
						<line number="61" hits="0" branch="false"/>
						<line number="65" hits="0" branch="false"/>
						<line number="69" hits="0" branch="false"/>
						<line number="73" hits="0" branch="false"/>
						<line number="84" hits="0" branch="false"/>
						<line number="85" hits="0" branch="false"/>
						<line number="86" hits="0" branch="false"/>
						<line number="96" hits="0" branch="false"/>
						<line number="105" hits="0" branch="false"/>
						<line number="118" hits="0" branch="true" condition-coverage="0% (0/2)">
							<conditions>
								<condition number="0" type="jump" coverage="0%"/>
							</conditions>
						</line>
						<line number="119" hits="0" branch="false"/>
						<line number="121" hits="0" branch="true" condition-coverage="0% (0/2)">
							<conditions>
								<condition number="0" type="jump" coverage="0%"/>
							</conditions>
						</line>
						<line number="122" hits="0" branch="false"/>
						<line number="124" hits="0" branch="false"/>
						<line number="125" hits="0" branch="true" condition-coverage="0% (0/2)">
							<conditions>
								<condition number="0" type="jump" coverage="0%"/>
							</conditions>
						</line>
						<line number="126" hits="0" branch="false"/>
						<line number="128" hits="0" branch="false"/>
						<line number="140" hits="0" branch="true" condition-coverage="0% (0/2)">
							<conditions>
								<condition number="0" type="jump" coverage="0%"/>
							</conditions>
						</line>
						<line number="141" hits="0" branch="false"/>
						<line number="143" hits="0" branch="false"/>
						<line number="144" hits="0" branch="true" condition-coverage="0% (0/2)">
							<conditions>
								<condition number="0" type="jump" coverage="0%"/>
							</conditions>
						</line>
						<line number="145" hits="0" branch="false"/>
						<line number="147" hits="0" branch="true" condition-coverage="0% (0/2)">
							<conditions>
								<condition number="0" type="jump" coverage="0%"/>
							</conditions>
						</line>
						<line number="148" hits="0" branch="false"/>
						<line number="150" hits="0" branch="true" condition-coverage="0% (0/2)">
							<conditions>
								<condition number="0" type="jump" coverage="0%"/>
							</conditions>
						</line>
						<line number="151" hits="0" branch="false"/>
						<line number="153" hits="0" branch="true" condition-coverage="0% (0/2)">
							<conditions>
								<condition number="0" type="jump" coverage="0%"/>
							</conditions>
						</line>
						<line number="154" hits="0" branch="false"/>
						<line number="157" hits="0" branch="false"/>
						<line number="159" hits="0" branch="false"/>
						<line number="170" hits="0" branch="true" condition-coverage="0% (0/2)">
							<conditions>
								<condition number="0" type="jump" coverage="0%"/>
							</conditions>
						</line>
						<line number="171" hits="0" branch="false"/>
						<line number="173" hits="0" branch="true" condition-coverage="0% (0/2)">
							<conditions>
								<condition number="0" type="jump" coverage="0%"/>
							</conditions>
						</line>
						<line number="174" hits="0" branch="false"/>
						<line number="176" hits="0" branch="true" condition-coverage="0% (0/2)">
							<conditions>
								<condition number="0" type="jump" coverage="0%"/>
							</conditions>
						</line>
						<line number="177" hits="0" branch="false"/>
						<line number="179" hits="0" branch="true" condition-coverage="0% (0/2)">
							<conditions>
								<condition number="0" type="jump" coverage="0%"/>
							</conditions>
						</line>
						<line number="180" hits="0" branch="false"/>
						<line number="182" hits="0" branch="false"/>
					</lines>
				</class>
				<class name="org.jfree.chart.axis.CategoryAnchor" filename="org/jfree/chart/axis/CategoryAnchor.java" line-rate="0.0" branch-rate="0.0" complexity="4.0">
					<methods>
						<method name="&lt;clinit&gt;" signature="()V" line-rate="0.0" branch-rate="1.0">
							<lines>
								<line number="56" hits="0" branch="false"/>
								<line number="60" hits="0" branch="false"/>
								<line number="64" hits="0" branch="false"/>
							</lines>
						</method>
						<method name="&lt;init&gt;" signature="(Ljava/lang/String;)V" line-rate="0.0" branch-rate="1.0">
							<lines>
								<line number="75" hits="0" branch="false"/>
								<line number="76" hits="0" branch="false"/>
								<line number="77" hits="0" branch="false"/>
							</lines>
						</method>
						<method name="equals" signature="(Ljava/lang/Object;)Z" line-rate="0.0" branch-rate="0.0">
							<lines>
								<line number="98" hits="0" branch="true" condition-coverage="0% (0/2)">
									<conditions>
										<condition number="0" type="jump" coverage="0%"/>
									</conditions>
								</line>
								<line number="99" hits="0" branch="false"/>
								<line number="101" hits="0" branch="true" condition-coverage="0% (0/2)">
									<conditions>
										<condition number="0" type="jump" coverage="0%"/>
									</conditions>
								</line>
								<line number="102" hits="0" branch="false"/>
								<line number="104" hits="0" branch="false"/>
								<line number="105" hits="0" branch="true" condition-coverage="0% (0/2)">
									<conditions>
										<condition number="0" type="jump" coverage="0%"/>
									</conditions>
								</line>
								<line number="106" hits="0" branch="false"/>
								<line number="108" hits="0" branch="false"/>
							</lines>
						</method>
						<method name="readResolve" signature="()Ljava/lang/Object;" line-rate="0.0" branch-rate="0.0">
							<lines>
								<line number="120" hits="0" branch="true" condition-coverage="0% (0/2)">
									<conditions>
										<condition number="0" type="jump" coverage="0%"/>
									</conditions>
								</line>
								<line number="121" hits="0" branch="false"/>
								<line number="123" hits="0" branch="true" condition-coverage="0% (0/2)">
									<conditions>
										<condition number="0" type="jump" coverage="0%"/>
									</conditions>
								</line>
								<line number="124" hits="0" branch="false"/>
								<line number="126" hits="0" branch="true" condition-coverage="0% (0/2)">
									<conditions>
										<condition number="0" type="jump" coverage="0%"/>
									</conditions>
								</line>
								<line number="127" hits="0" branch="false"/>
								<line number="129" hits="0" branch="false"/>
							</lines>
						</method>
						<method name="toString" signature="()Ljava/lang/String;" line-rate="0.0" branch-rate="1.0">
							<lines>
								<line number="85" hits="0" branch="false"/>
							</lines>
						</method>
					</methods>
					<lines>
						<line number="56" hits="0" branch="false"/>
						<line number="60" hits="0" branch="false"/>
						<line number="64" hits="0" branch="false"/>
						<line number="75" hits="0" branch="false"/>
						<line number="76" hits="0" branch="false"/>
						<line number="77" hits="0" branch="false"/>
						<line number="85" hits="0" branch="false"/>
						<line number="98" hits="0" branch="true" condition-coverage="0% (0/2)">
							<conditions>
								<condition number="0" type="jump" coverage="0%"/>
							</conditions>
						</line>
						<line number="99" hits="0" branch="false"/>
						<line number="101" hits="0" branch="true" condition-coverage="0% (0/2)">
							<conditions>
								<condition number="0" type="jump" coverage="0%"/>
							</conditions>
						</line>
[...]
								<line number="339" hits="0" branch="false"/>
							</lines>
						</method>
						<method name="removeColumn" signature="(Ljava/lang/Comparable;)V" line-rate="0.0" branch-rate="1.0">
							<lines>
								<line number="350" hits="0" branch="false"/>
								<line number="351" hits="0" branch="false"/>
								<line number="352" hits="0" branch="false"/>
							</lines>
						</method>
						<method name="removeRow" signature="(I)V" line-rate="0.0" branch-rate="1.0">
							<lines>
								<line number="311" hits="0" branch="false"/>
								<line number="312" hits="0" branch="false"/>
								<line number="313" hits="0" branch="false"/>
							</lines>
						</method>
						<method name="removeRow" signature="(Ljava/lang/Comparable;)V" line-rate="0.0" branch-rate="1.0">
							<lines>
								<line number="324" hits="0" branch="false"/>
								<line number="325" hits="0" branch="false"/>
								<line number="326" hits="0" branch="false"/>
							</lines>
						</method>
						<method name="removeValue" signature="(Ljava/lang/Comparable;Ljava/lang/Comparable;)V" line-rate="0.0" branch-rate="1.0">
							<lines>
								<line number="298" hits="0" branch="false"/>
								<line number="299" hits="0" branch="false"/>
								<line number="300" hits="0" branch="false"/>
							</lines>
						</method>
						<method name="setValue" signature="(DLjava/lang/Comparable;Ljava/lang/Comparable;)V" line-rate="0.0" branch-rate="1.0">
							<lines>
								<line number="264" hits="0" branch="false"/>
								<line number="265" hits="0" branch="false"/>
							</lines>
						</method>
						<method name="setValue" signature="(Ljava/lang/Number;Ljava/lang/Comparable;Ljava/lang/Comparable;)V" line-rate="0.0" branch-rate="1.0">
							<lines>
								<line number="248" hits="0" branch="false"/>
								<line number="249" hits="0" branch="false"/>
								<line number="250" hits="0" branch="false"/>
							</lines>
						</method>
					</methods>
					<lines>
						<line number="75" hits="0" branch="false"/>
						<line number="76" hits="0" branch="false"/>
						<line number="77" hits="0" branch="false"/>
						<line number="87" hits="0" branch="false"/>
						<line number="98" hits="0" branch="false"/>
						<line number="112" hits="0" branch="false"/>
						<line number="126" hits="0" branch="false"/>
						<line number="139" hits="0" branch="false"/>
						<line number="150" hits="0" branch="false"/>
						<line number="163" hits="0" branch="false"/>
						<line number="176" hits="0" branch="false"/>
						<line number="187" hits="0" branch="false"/>
						<line number="203" hits="0" branch="false"/>
						<line number="218" hits="0" branch="false"/>
						<line number="219" hits="0" branch="false"/>
						<line number="220" hits="0" branch="false"/>
						<line number="233" hits="0" branch="false"/>
						<line number="234" hits="0" branch="false"/>
						<line number="248" hits="0" branch="false"/>
						<line number="249" hits="0" branch="false"/>
						<line number="250" hits="0" branch="false"/>
						<line number="264" hits="0" branch="false"/>
						<line number="265" hits="0" branch="false"/>
						<line number="280" hits="0" branch="false"/>
						<line number="281" hits="0" branch="false"/>
						<line number="282" hits="0" branch="true" condition-coverage="0% (0/2)">
							<conditions>
								<condition number="0" type="jump" coverage="0%"/>
							</conditions>
						</line>
						<line number="283" hits="0" branch="false"/>
						<line number="285" hits="0" branch="false"/>
						<line number="286" hits="0" branch="false"/>
						<line number="298" hits="0" branch="false"/>
						<line number="299" hits="0" branch="false"/>
						<line number="300" hits="0" branch="false"/>
						<line number="311" hits="0" branch="false"/>
						<line number="312" hits="0" branch="false"/>
						<line number="313" hits="0" branch="false"/>
						<line number="324" hits="0" branch="false"/>
						<line number="325" hits="0" branch="false"/>
						<line number="326" hits="0" branch="false"/>
						<line number="337" hits="0" branch="false"/>
						<line number="338" hits="0" branch="false"/>
						<line number="339" hits="0" branch="false"/>
						<line number="350" hits="0" branch="false"/>
						<line number="351" hits="0" branch="false"/>
						<line number="352" hits="0" branch="false"/>
						<line number="359" hits="0" branch="false"/>
						<line number="360" hits="0" branch="false"/>
						<line number="361" hits="0" branch="false"/>
						<line number="372" hits="0" branch="true" condition-coverage="0% (0/2)">
							<conditions>
								<condition number="0" type="jump" coverage="0%"/>
							</conditions>
						</line>
						<line number="373" hits="0" branch="false"/>
						<line number="376" hits="0" branch="true" condition-coverage="0% (0/2)">
							<conditions>
								<condition number="0" type="jump" coverage="0%"/>
							</conditions>
						</line>
						<line number="377" hits="0" branch="false"/>
						<line number="380" hits="0" branch="false"/>
						<line number="381" hits="0" branch="true" condition-coverage="0% (0/2)">
							<conditions>
								<condition number="0" type="jump" coverage="0%"/>
							</conditions>
						</line>
						<line number="382" hits="0" branch="false"/>
						<line number="385" hits="0" branch="true" condition-coverage="0% (0/2)">
							<conditions>
								<condition number="0" type="jump" coverage="0%"/>
							</conditions>
						</line>
						<line number="386" hits="0" branch="false"/>
						<line number="389" hits="0" branch="false"/>
						<line number="390" hits="0" branch="false"/>
						<line number="391" hits="0" branch="true" condition-coverage="0% (0/2)">
							<conditions>
								<condition number="0" type="jump" coverage="0%"/>
							</conditions>
						</line>
						<line number="392" hits="0" branch="true" condition-coverage="0% (0/2)">
							<conditions>
								<condition number="0" type="jump" coverage="0%"/>
							</conditions>
						</line>
						<line number="393" hits="0" branch="false"/>
						<line number="394" hits="0" branch="false"/>
						<line number="395" hits="0" branch="true" condition-coverage="0% (0/2)">
							<conditions>
								<condition number="0" type="jump" coverage="0%"/>
							</conditions>
						</line>
						<line number="396" hits="0" branch="true" condition-coverage="0% (0/2)">
							<conditions>
								<condition number="0" type="jump" coverage="0%"/>
							</conditions>
						</line>
						<line number="397" hits="0" branch="false"/>
						<line number="400" hits="0" branch="true" condition-coverage="0% (0/2)">
							<conditions>
								<condition number="0" type="jump" coverage="0%"/>
							</conditions>
						</line>
						<line number="401" hits="0" branch="false"/>
						<line number="405" hits="0" branch="false"/>
						<line number="414" hits="0" branch="false"/>
						<line number="426" hits="0" branch="false"/>
						<line number="427" hits="0" branch="false"/>
						<line number="428" hits="0" branch="false"/>
					</lines>
				</class>
			</classes>
		</package>
		<package name="org.jfree.data.general" line-rate="0.0" branch-rate="0.0" complexity="1.5">
			<classes>
				<class name="org.jfree.data.general.AbstractDataset" filename="org/jfree/data/general/AbstractDataset.java" line-rate="0.0" branch-rate="0.0" complexity="1.3333333333333333">
					<methods>
						<method name="&lt;init&gt;" signature="()V" line-rate="0.0" branch-rate="1.0">
							<lines>
								<line number="96" hits="0" branch="false"/>
								<line number="97" hits="0" branch="false"/>
								<line number="98" hits="0" branch="false"/>
								<line number="99" hits="0" branch="false"/>
							</lines>
						</method>
						<method name="addChangeListener" signature="(Lorg/jfree/data/general/DatasetChangeListener;)V" line-rate="0.0" branch-rate="1.0">
							<lines>
								<line number="135" hits="0" branch="false"/>
							</lines>
						</method>
						<method name="class$" signature="(Ljava/lang/String;)Ljava/lang/Class;" line-rate="0.0" branch-rate="0.0">
							<lines>
								<line number="134" hits="0" branch="true" condition-coverage="0% (0/2)">
									<conditions>
										<condition number="0" type="jump" coverage="0%"/>
									</conditions>
								</line>
							</lines>
						</method>
						<method name="clone" signature="()Ljava/lang/Object;" line-rate="0.0" branch-rate="1.0">
							<lines>
								<line number="207" hits="0" branch="false"/>
								<line number="208" hits="0" branch="false"/>
								<line number="209" hits="0" branch="false"/>
							</lines>
						</method>
						<method name="fireDatasetChanged" signature="()V" line-rate="0.0" branch-rate="1.0">
							<lines>
								<line number="172" hits="0" branch="false"/>
								<line number="173" hits="0" branch="false"/>
							</lines>
						</method>
						<method name="getGroup" signature="()Lorg/jfree/data/general/DatasetGroup;" line-rate="0.0" branch-rate="1.0">
							<lines>
								<line number="109" hits="0" branch="false"/>
							</lines>
						</method>
						<method name="hasListener" signature="(Ljava/util/EventListener;)Z" line-rate="0.0" branch-rate="1.0">
							<lines>
								<line number="162" hits="0" branch="false"/>
								<line number="163" hits="0" branch="false"/>
							</lines>
						</method>
						<method name="notifyListeners" signature="(Lorg/jfree/data/general/DatasetChangeEvent;)V" line-rate="0.0" branch-rate="0.0">
							<lines>
								<line number="186" hits="0" branch="false"/>
								<line number="187" hits="0" branch="true" condition-coverage="0% (0/2)">
									<conditions>
										<condition number="0" type="jump" coverage="0%"/>
									</conditions>
								</line>
								<line number="188" hits="0" branch="true" condition-coverage="0% (0/4)">
									<conditions>
										<condition number="0" type="jump" coverage="0%"/>
										<condition number="1" type="jump" coverage="0%"/>
									</conditions>
								</line>
								<line number="189" hits="0" branch="false"/>
								<line number="194" hits="0" branch="false"/>
							</lines>
						</method>
						<method name="readObject" signature="(Ljava/io/ObjectInputStream;)V" line-rate="0.0" branch-rate="1.0">
							<lines>
								<line number="233" hits="0" branch="false"/>
								<line number="234" hits="0" branch="false"/>
								<line number="235" hits="0" branch="false"/>
								<line number="237" hits="0" branch="false"/>
							</lines>
						</method>
						<method name="removeChangeListener" signature="(Lorg/jfree/data/general/DatasetChangeListener;)V" line-rate="0.0" branch-rate="0.0">
							<lines>
								<line number="146" hits="0" branch="true" condition-coverage="0% (0/2)">
									<conditions>
										<condition number="0" type="jump" coverage="0%"/>
									</conditions>
								</line>
								<line number="147" hits="0" branch="false"/>
							</lines>
						</method>
						<method name="setGroup" signature="(Lorg/jfree/data/general/DatasetGroup;)V" line-rate="0.0" branch-rate="0.0">
							<lines>
								<line number="120" hits="0" branch="true" condition-coverage="0% (0/2)">
									<conditions>
										<condition number="0" type="jump" coverage="0%"/>
									</conditions>
								</line>
								<line number="121" hits="0" branch="false"/>
								<line number="123" hits="0" branch="false"/>
								<line number="124" hits="0" branch="false"/>
							</lines>
						</method>
						<method name="validateObject" signature="()V" line-rate="0.0" branch-rate="1.0">
							<lines>
								<line number="257" hits="0" branch="false"/>
								<line number="258" hits="0" branch="false"/>
							</lines>
						</method>
						<method name="writeObject" signature="(Ljava/io/ObjectOutputStream;)V" line-rate="0.0" branch-rate="1.0">
							<lines>
								<line number="220" hits="0" branch="false"/>
								<line number="221" hits="0" branch="false"/>
							</lines>
						</method>
					</methods>
					<lines>
						<line number="96" hits="0" branch="false"/>
						<line number="97" hits="0" branch="false"/>
						<line number="98" hits="0" branch="false"/>
						<line number="99" hits="0" branch="false"/>
						<line number="109" hits="0" branch="false"/>
						<line number="120" hits="0" branch="true" condition-coverage="0% (0/2)">
							<conditions>
								<condition number="0" type="jump" coverage="0%"/>
							</conditions>
						</line>
						<line number="121" hits="0" branch="false"/>
						<line number="123" hits="0" branch="false"/>
						<line number="124" hits="0" branch="false"/>
						<line number="134" hits="0" branch="true" condition-coverage="0% (0/2)">
							<conditions>
								<condition number="0" type="jump" coverage="0%"/>
							</conditions>
						</line>
						<line number="135" hits="0" branch="false"/>
						<line number="146" hits="0" branch="true" condition-coverage="0% (0/2)">
							<conditions>
								<condition number="0" type="jump" coverage="0%"/>
							</conditions>
						</line>
						<line number="147" hits="0" branch="false"/>
						<line number="162" hits="0" branch="false"/>
						<line number="163" hits="0" branch="false"/>
						<line number="172" hits="0" branch="false"/>
						<line number="173" hits="0" branch="false"/>
						<line number="186" hits="0" branch="false"/>
						<line number="187" hits="0" branch="true" condition-coverage="0% (0/2)">
							<conditions>
								<condition number="0" type="jump" coverage="0%"/>
							</conditions>
						</line>
						<line number="188" hits="0" branch="true" condition-coverage="0% (0/4)">
							<conditions>
								<condition number="0" type="jump" coverage="0%"/>
								<condition number="1" type="jump" coverage="0%"/>
							</conditions>
						</line>
						<line number="189" hits="0" branch="false"/>
						<line number="194" hits="0" branch="false"/>
						<line number="207" hits="0" branch="false"/>
						<line number="208" hits="0" branch="false"/>
						<line number="209" hits="0" branch="false"/>
						<line number="220" hits="0" branch="false"/>
						<line number="221" hits="0" branch="false"/>
						<line number="233" hits="0" branch="false"/>
						<line number="234" hits="0" branch="false"/>
						<line number="235" hits="0" branch="false"/>
						<line number="237" hits="0" branch="false"/>
						<line number="257" hits="0" branch="false"/>
						<line number="258" hits="0" branch="false"/>
					</lines>
				</class>
				<class name="org.jfree.data.general.Dataset" filename="org/jfree/data/general/Dataset.java" line-rate="1.0" branch-rate="1.0" complexity="1.0">
					<methods>
					</methods>
					<lines>
					</lines>
				</class>
				<class name="org.jfree.data.general.DatasetChangeEvent" filename="org/jfree/data/general/DatasetChangeEvent.java" line-rate="0.0" branch-rate="1.0" complexity="1.0">
					<methods>
						<method name="&lt;init&gt;" signature="(Ljava/lang/Object;Lorg/jfree/data/general/Dataset;)V" line-rate="0.0" branch-rate="1.0">
							<lines>
								<line number="73" hits="0" branch="false"/>
								<line number="74" hits="0" branch="false"/>
								<line number="75" hits="0" branch="false"/>
							</lines>
						</method>
						<method name="getDataset" signature="()Lorg/jfree/data/general/Dataset;" line-rate="0.0" branch-rate="1.0">
							<lines>
								<line number="85" hits="0" branch="false"/>
							</lines>
						</method>
					</methods>
					<lines>
						<line number="73" hits="0" branch="false"/>
						<line number="74" hits="0" branch="false"/>
						<line number="75" hits="0" branch="false"/>
						<line number="85" hits="0" branch="false"/>
					</lines>
				</class>
				<class name="org.jfree.data.general.DatasetChangeListener" filename="org/jfree/data/general/DatasetChangeListener.java" line-rate="1.0" branch-rate="1.0" complexity="1.0">
					<methods>
					</methods>
					<lines>
					</lines>
				</class>
				<class name="org.jfree.data.general.DatasetGroup" filename="org/jfree/data/general/DatasetGroup.java" line-rate="0.0" branch-rate="0.0" complexity="2.6">
					<methods>
						<method name="&lt;init&gt;" signature="()V" line-rate="0.0" branch-rate="1.0">
							<lines>
								<line number="65" hits="0" branch="false"/>
								<line number="66" hits="0" branch="false"/>
								<line number="67" hits="0" branch="false"/>
							</lines>
						</method>
						<method name="&lt;init&gt;" signature="(Ljava/lang/String;)V" line-rate="0.0" branch-rate="0.0">
							<lines>
								<line number="74" hits="0" branch="false"/>
								<line number="75" hits="0" branch="true" condition-coverage="0% (0/2)">
									<conditions>
										<condition number="0" type="jump" coverage="0%"/>
									</conditions>
								</line>
								<line number="76" hits="0" branch="false"/>
								<line number="78" hits="0" branch="false"/>
								<line number="79" hits="0" branch="false"/>
							</lines>
						</method>
						<method name="clone" signature="()Ljava/lang/Object;" line-rate="0.0" branch-rate="1.0">
							<lines>
								<line number="98" hits="0" branch="false"/>
							</lines>
						</method>
						<method name="equals" signature="(Ljava/lang/Object;)Z" line-rate="0.0" branch-rate="0.0">
							<lines>
								<line number="109" hits="0" branch="true" condition-coverage="0% (0/2)">
									<conditions>
										<condition number="0" type="jump" coverage="0%"/>
									</conditions>
								</line>
								<line number="110" hits="0" branch="false"/>
								<line number="112" hits="0" branch="true" condition-coverage="0% (0/2)">
									<conditions>
										<condition number="0" type="jump" coverage="0%"/>
									</conditions>
								</line>
								<line number="113" hits="0" branch="false"/>
								<line number="115" hits="0" branch="false"/>
								<line number="116" hits="0" branch="true" condition-coverage="0% (0/2)">
									<conditions>
										<condition number="0" type="jump" coverage="0%"/>
									</conditions>
								</line>
								<line number="117" hits="0" branch="false"/>
								<line number="119" hits="0" branch="false"/>
							</lines>
						</method>
						<method name="getID" signature="()Ljava/lang/String;" line-rate="0.0" branch-rate="1.0">
							<lines>
								<line number="87" hits="0" branch="false"/>
							</lines>
						</method>
					</methods>
					<lines>
						<line number="65" hits="0" branch="false"/>
						<line number="66" hits="0" branch="false"/>
						<line number="67" hits="0" branch="false"/>
						<line number="74" hits="0" branch="false"/>
						<line number="75" hits="0" branch="true" condition-coverage="0% (0/2)">
							<conditions>
								<condition number="0" type="jump" coverage="0%"/>
							</conditions>
						</line>
						<line number="76" hits="0" branch="false"/>
						<line number="78" hits="0" branch="false"/>
						<line number="79" hits="0" branch="false"/>
						<line number="87" hits="0" branch="false"/>
						<line number="98" hits="0" branch="false"/>
						<line number="109" hits="0" branch="true" condition-coverage="0% (0/2)">
							<conditions>
								<condition number="0" type="jump" coverage="0%"/>
							</conditions>
						</line>
						<line number="110" hits="0" branch="false"/>
						<line number="112" hits="0" branch="true" condition-coverage="0% (0/2)">
							<conditions>
								<condition number="0" type="jump" coverage="0%"/>
							</conditions>
						</line>
						<line number="113" hits="0" branch="false"/>
						<line number="115" hits="0" branch="false"/>
						<line number="116" hits="0" branch="true" condition-coverage="0% (0/2)">
							<conditions>
								<condition number="0" type="jump" coverage="0%"/>
							</conditions>
						</line>
						<line number="117" hits="0" branch="false"/>
						<line number="119" hits="0" branch="false"/>
					</lines>
				</class>
			</classes>
		</package>
	</packages>
</coverage>
