<?xml version="1.0"?>
<!DOCTYPE coverage SYSTEM "http://cobertura.sourceforge.net/xml/coverage-04.dtd">

<coverage line-rate="0.2238033635187581" branch-rate="0.12274024738344434" lines-covered="1038" lines-valid="4638" branches-covered="258" branches-valid="2102" complexity="2.069453809844909" version="2.0.3" timestamp="1608050395027">
	<sources>
		<source>src/main/java</source>
	</sources>
	<packages>
		<package name="org.joda.time" line-rate="0.1971608832807571" branch-rate="0.09876543209876543" complexity="1.9323770491803278">
			<classes>
				<class name="org.joda.time.Chronology" filename="org/joda/time/Chronology.java" line-rate="1.0" branch-rate="1.0" complexity="1.0">
					<methods>
						<method name="&lt;init&gt;" signature="()V" line-rate="1.0" branch-rate="1.0">
							<lines>
								<line number="63" hits="4" branch="false"/>
							</lines>
						</method>
					</methods>
					<lines>
						<line number="63" hits="4" branch="false"/>
					</lines>
				</class>
				<class name="org.joda.time.DateTimeField" filename="org/joda/time/DateTimeField.java" line-rate="1.0" branch-rate="1.0" complexity="1.0">
					<methods>
						<method name="&lt;init&gt;" signature="()V" line-rate="1.0" branch-rate="1.0">
							<lines>
								<line number="33" hits="53" branch="false"/>
							</lines>
						</method>
					</methods>
					<lines>
						<line number="33" hits="53" branch="false"/>
					</lines>
				</class>
				<class name="org.joda.time.DateTimeFieldType" filename="org/joda/time/DateTimeFieldType.java" line-rate="0.9245283018867925" branch-rate="1.0" complexity="3.6216216216216215">
					<methods>
						<method name="&lt;clinit&gt;" signature="()V" line-rate="1.0" branch-rate="1.0">
							<lines>
								<line number="73" hits="1" branch="false"/>
								<line number="76" hits="1" branch="false"/>
								<line number="79" hits="1" branch="false"/>
								<line number="82" hits="1" branch="false"/>
								<line number="85" hits="1" branch="false"/>
								<line number="88" hits="1" branch="false"/>
								<line number="91" hits="1" branch="false"/>
								<line number="94" hits="1" branch="false"/>
								<line number="97" hits="1" branch="false"/>
								<line number="100" hits="1" branch="false"/>
								<line number="103" hits="1" branch="false"/>
								<line number="106" hits="1" branch="false"/>
								<line number="110" hits="1" branch="false"/>
								<line number="113" hits="1" branch="false"/>
								<line number="116" hits="1" branch="false"/>
								<line number="119" hits="1" branch="false"/>
								<line number="122" hits="1" branch="false"/>
								<line number="125" hits="1" branch="false"/>
								<line number="128" hits="1" branch="false"/>
								<line number="131" hits="1" branch="false"/>
								<line number="134" hits="1" branch="false"/>
								<line number="137" hits="1" branch="false"/>
								<line number="140" hits="1" branch="false"/>
							</lines>
						</method>
						<method name="&lt;init&gt;" signature="(Ljava/lang/String;)V" line-rate="1.0" branch-rate="1.0">
							<lines>
								<line number="153" hits="23" branch="false"/>
								<line number="154" hits="23" branch="false"/>
								<line number="155" hits="23" branch="false"/>
							</lines>
						</method>
						<method name="access$000" signature="()Lorg/joda/time/DateTimeFieldType;" line-rate="1.0" branch-rate="1.0">
							<lines>
							</lines>
						</method>
						<method name="access$100" signature="()Lorg/joda/time/DateTimeFieldType;" line-rate="1.0" branch-rate="1.0">
							<lines>
							</lines>
						</method>
						<method name="access$1000" signature="()Lorg/joda/time/DateTimeFieldType;" line-rate="1.0" branch-rate="1.0">
							<lines>
							</lines>
						</method>
						<method name="access$1100" signature="()Lorg/joda/time/DateTimeFieldType;" line-rate="1.0" branch-rate="1.0">
							<lines>
							</lines>
						</method>
						<method name="access$1200" signature="()Lorg/joda/time/DateTimeFieldType;" line-rate="1.0" branch-rate="1.0">
							<lines>
							</lines>
						</method>
						<method name="access$1300" signature="()Lorg/joda/time/DateTimeFieldType;" line-rate="1.0" branch-rate="1.0">
							<lines>
							</lines>
						</method>
						<method name="access$1400" signature="()Lorg/joda/time/DateTimeFieldType;" line-rate="1.0" branch-rate="1.0">
							<lines>
							</lines>
						</method>
						<method name="access$1500" signature="()Lorg/joda/time/DateTimeFieldType;" line-rate="1.0" branch-rate="1.0">
							<lines>
							</lines>
						</method>
						<method name="access$1600" signature="()Lorg/joda/time/DateTimeFieldType;" line-rate="1.0" branch-rate="1.0">
							<lines>
							</lines>
						</method>
						<method name="access$1700" signature="()Lorg/joda/time/DateTimeFieldType;" line-rate="1.0" branch-rate="1.0">
							<lines>
							</lines>
						</method>
						<method name="access$1800" signature="()Lorg/joda/time/DateTimeFieldType;" line-rate="1.0" branch-rate="1.0">
							<lines>
							</lines>
						</method>
						<method name="access$1900" signature="()Lorg/joda/time/DateTimeFieldType;" line-rate="1.0" branch-rate="1.0">
							<lines>
							</lines>
						</method>
						<method name="access$200" signature="()Lorg/joda/time/DateTimeFieldType;" line-rate="1.0" branch-rate="1.0">
							<lines>
							</lines>
						</method>
						<method name="access$2000" signature="()Lorg/joda/time/DateTimeFieldType;" line-rate="1.0" branch-rate="1.0">
							<lines>
							</lines>
						</method>
						<method name="access$2100" signature="()Lorg/joda/time/DateTimeFieldType;" line-rate="1.0" branch-rate="1.0">
							<lines>
							</lines>
						</method>
						<method name="access$2200" signature="()Lorg/joda/time/DateTimeFieldType;" line-rate="0.0" branch-rate="1.0">
							<lines>
								<line number="41" hits="0" branch="false"/>
							</lines>
						</method>
						<method name="access$300" signature="()Lorg/joda/time/DateTimeFieldType;" line-rate="1.0" branch-rate="1.0">
							<lines>
							</lines>
						</method>
						<method name="access$400" signature="()Lorg/joda/time/DateTimeFieldType;" line-rate="1.0" branch-rate="1.0">
							<lines>
							</lines>
						</method>
						<method name="access$500" signature="()Lorg/joda/time/DateTimeFieldType;" line-rate="1.0" branch-rate="1.0">
							<lines>
							</lines>
						</method>
						<method name="access$600" signature="()Lorg/joda/time/DateTimeFieldType;" line-rate="1.0" branch-rate="1.0">
							<lines>
							</lines>
						</method>
						<method name="access$700" signature="()Lorg/joda/time/DateTimeFieldType;" line-rate="1.0" branch-rate="1.0">
							<lines>
							</lines>
						</method>
						<method name="access$800" signature="()Lorg/joda/time/DateTimeFieldType;" line-rate="1.0" branch-rate="1.0">
							<lines>
							</lines>
						</method>
						<method name="access$900" signature="()Lorg/joda/time/DateTimeFieldType;" line-rate="1.0" branch-rate="1.0">
							<lines>
							</lines>
						</method>
						<method name="centuryOfEra" signature="()Lorg/joda/time/DateTimeFieldType;" line-rate="1.0" branch-rate="1.0">
							<lines>
								<line number="354" hits="2" branch="false"/>
							</lines>
						</method>
						<method name="clockhourOfDay" signature="()Lorg/joda/time/DateTimeFieldType;" line-rate="1.0" branch-rate="1.0">
							<lines>
								<line number="227" hits="1" branch="false"/>
							</lines>
						</method>
						<method name="clockhourOfHalfday" signature="()Lorg/joda/time/DateTimeFieldType;" line-rate="1.0" branch-rate="1.0">
							<lines>
								<line number="245" hits="1" branch="false"/>
							</lines>
						</method>
						<method name="dayOfMonth" signature="()Lorg/joda/time/DateTimeFieldType;" line-rate="1.0" branch-rate="1.0">
							<lines>
								<line number="273" hits="1" branch="false"/>
							</lines>
						</method>
						<method name="dayOfWeek" signature="()Lorg/joda/time/DateTimeFieldType;" line-rate="1.0" branch-rate="1.0">
							<lines>
								<line number="264" hits="1" branch="false"/>
							</lines>
						</method>
						<method name="dayOfYear" signature="()Lorg/joda/time/DateTimeFieldType;" line-rate="1.0" branch-rate="1.0">
							<lines>
								<line number="282" hits="1" branch="false"/>
							</lines>
						</method>
						<method name="era" signature="()Lorg/joda/time/DateTimeFieldType;" line-rate="1.0" branch-rate="1.0">
							<lines>
								<line number="363" hits="1" branch="false"/>
							</lines>
						</method>
						<method name="getName" signature="()Ljava/lang/String;" line-rate="0.0" branch-rate="1.0">
							<lines>
								<line number="378" hits="0" branch="false"/>
							</lines>
						</method>
						<method name="halfdayOfDay" signature="()Lorg/joda/time/DateTimeFieldType;" line-rate="1.0" branch-rate="1.0">
							<lines>
								<line number="254" hits="1" branch="false"/>
							</lines>
						</method>
						<method name="hourOfDay" signature="()Lorg/joda/time/DateTimeFieldType;" line-rate="1.0" branch-rate="1.0">
							<lines>
								<line number="218" hits="1" branch="false"/>
							</lines>
						</method>
						<method name="hourOfHalfday" signature="()Lorg/joda/time/DateTimeFieldType;" line-rate="1.0" branch-rate="1.0">
							<lines>
								<line number="236" hits="1" branch="false"/>
							</lines>
						</method>
						<method name="isSupported" signature="(Lorg/joda/time/Chronology;)Z" line-rate="0.0" branch-rate="1.0">
							<lines>
								<line number="410" hits="0" branch="false"/>
							</lines>
						</method>
						<method name="millisOfDay" signature="()Lorg/joda/time/DateTimeFieldType;" line-rate="1.0" branch-rate="1.0">
							<lines>
								<line number="173" hits="1" branch="false"/>
							</lines>
						</method>
						<method name="millisOfSecond" signature="()Lorg/joda/time/DateTimeFieldType;" line-rate="1.0" branch-rate="1.0">
							<lines>
								<line number="164" hits="1" branch="false"/>
							</lines>
						</method>
						<method name="minuteOfDay" signature="()Lorg/joda/time/DateTimeFieldType;" line-rate="1.0" branch-rate="1.0">
							<lines>
								<line number="209" hits="1" branch="false"/>
							</lines>
						</method>
						<method name="minuteOfHour" signature="()Lorg/joda/time/DateTimeFieldType;" line-rate="1.0" branch-rate="1.0">
							<lines>
								<line number="200" hits="1" branch="false"/>
							</lines>
						</method>
						<method name="monthOfYear" signature="()Lorg/joda/time/DateTimeFieldType;" line-rate="1.0" branch-rate="1.0">
							<lines>
								<line number="318" hits="1" branch="false"/>
							</lines>
						</method>
						<method name="secondOfDay" signature="()Lorg/joda/time/DateTimeFieldType;" line-rate="1.0" branch-rate="1.0">
							<lines>
								<line number="191" hits="1" branch="false"/>
							</lines>
						</method>
						<method name="secondOfMinute" signature="()Lorg/joda/time/DateTimeFieldType;" line-rate="1.0" branch-rate="1.0">
							<lines>
								<line number="182" hits="1" branch="false"/>
							</lines>
						</method>
						<method name="toString" signature="()Ljava/lang/String;" line-rate="0.0" branch-rate="1.0">
							<lines>
								<line number="419" hits="0" branch="false"/>
							</lines>
						</method>
						<method name="weekOfWeekyear" signature="()Lorg/joda/time/DateTimeFieldType;" line-rate="1.0" branch-rate="1.0">
							<lines>
								<line number="291" hits="1" branch="false"/>
							</lines>
						</method>
						<method name="weekyear" signature="()Lorg/joda/time/DateTimeFieldType;" line-rate="1.0" branch-rate="1.0">
							<lines>
								<line number="300" hits="1" branch="false"/>
							</lines>
						</method>
						<method name="weekyearOfCentury" signature="()Lorg/joda/time/DateTimeFieldType;" line-rate="1.0" branch-rate="1.0">
							<lines>
								<line number="309" hits="3" branch="false"/>
							</lines>
						</method>
						<method name="year" signature="()Lorg/joda/time/DateTimeFieldType;" line-rate="1.0" branch-rate="1.0">
							<lines>
								<line number="327" hits="1" branch="false"/>
							</lines>
						</method>
						<method name="yearOfCentury" signature="()Lorg/joda/time/DateTimeFieldType;" line-rate="1.0" branch-rate="1.0">
							<lines>
								<line number="345" hits="2" branch="false"/>
							</lines>
						</method>
						<method name="yearOfEra" signature="()Lorg/joda/time/DateTimeFieldType;" line-rate="1.0" branch-rate="1.0">
							<lines>
								<line number="336" hits="2" branch="false"/>
							</lines>
						</method>
					</methods>
					<lines>
						<line number="41" hits="0" branch="false"/>
						<line number="73" hits="1" branch="false"/>
						<line number="76" hits="1" branch="false"/>
						<line number="79" hits="1" branch="false"/>
						<line number="82" hits="1" branch="false"/>
						<line number="85" hits="1" branch="false"/>
						<line number="88" hits="1" branch="false"/>
						<line number="91" hits="1" branch="false"/>
						<line number="94" hits="1" branch="false"/>
						<line number="97" hits="1" branch="false"/>
						<line number="100" hits="1" branch="false"/>
						<line number="103" hits="1" branch="false"/>
						<line number="106" hits="1" branch="false"/>
						<line number="110" hits="1" branch="false"/>
						<line number="113" hits="1" branch="false"/>
						<line number="116" hits="1" branch="false"/>
						<line number="119" hits="1" branch="false"/>
						<line number="122" hits="1" branch="false"/>
						<line number="125" hits="1" branch="false"/>
						<line number="128" hits="1" branch="false"/>
						<line number="131" hits="1" branch="false"/>
						<line number="134" hits="1" branch="false"/>
						<line number="137" hits="1" branch="false"/>
						<line number="140" hits="1" branch="false"/>
						<line number="153" hits="23" branch="false"/>
						<line number="154" hits="23" branch="false"/>
						<line number="155" hits="23" branch="false"/>
						<line number="164" hits="1" branch="false"/>
						<line number="173" hits="1" branch="false"/>
						<line number="182" hits="1" branch="false"/>
						<line number="191" hits="1" branch="false"/>
						<line number="200" hits="1" branch="false"/>
						<line number="209" hits="1" branch="false"/>
						<line number="218" hits="1" branch="false"/>
						<line number="227" hits="1" branch="false"/>
						<line number="236" hits="1" branch="false"/>
						<line number="245" hits="1" branch="false"/>
						<line number="254" hits="1" branch="false"/>
						<line number="264" hits="1" branch="false"/>
						<line number="273" hits="1" branch="false"/>
						<line number="282" hits="1" branch="false"/>
						<line number="291" hits="1" branch="false"/>
						<line number="300" hits="1" branch="false"/>
						<line number="309" hits="3" branch="false"/>
						<line number="318" hits="1" branch="false"/>
						<line number="327" hits="1" branch="false"/>
						<line number="336" hits="2" branch="false"/>
						<line number="345" hits="2" branch="false"/>
						<line number="354" hits="2" branch="false"/>
						<line number="363" hits="1" branch="false"/>
						<line number="378" hits="0" branch="false"/>
						<line number="410" hits="0" branch="false"/>
						<line number="419" hits="0" branch="false"/>
					</lines>
				</class>
				<class name="org.joda.time.DateTimeFieldType$StandardDateTimeFieldType" filename="org/joda/time/DateTimeFieldType.java" line-rate="0.109375" branch-rate="0.0" complexity="3.6216216216216215">
					<methods>
						<method name="&lt;init&gt;" signature="(Ljava/lang/String;BLorg/joda/time/DurationFieldType;Lorg/joda/time/DurationFieldType;)V" line-rate="1.0" branch-rate="1.0">
							<lines>
								<line number="444" hits="23" branch="false"/>
								<line number="445" hits="23" branch="false"/>
								<line number="446" hits="23" branch="false"/>
								<line number="447" hits="23" branch="false"/>
								<line number="448" hits="23" branch="false"/>
							</lines>
						</method>
						<method name="equals" signature="(Ljava/lang/Object;)Z" line-rate="0.0" branch-rate="0.0">
							<lines>
								<line number="463" hits="0" branch="true" condition-coverage="0% (0/2)">
									<conditions>
										<condition number="0" type="jump" coverage="0%"/>
									</conditions>
								</line>
								<line number="464" hits="0" branch="false"/>
								<line number="466" hits="0" branch="true" condition-coverage="0% (0/2)">
									<conditions>
										<condition number="0" type="jump" coverage="0%"/>
									</conditions>
								</line>
								<line number="467" hits="0" branch="true" condition-coverage="0% (0/2)">
									<conditions>
										<condition number="0" type="jump" coverage="0%"/>
									</conditions>
								</line>
								<line number="469" hits="0" branch="false"/>
							</lines>
						</method>
						<method name="getDurationType" signature="()Lorg/joda/time/DurationFieldType;" line-rate="1.0" branch-rate="1.0">
							<lines>
								<line number="452" hits="5" branch="false"/>
							</lines>
						</method>
						<method name="getField" signature="(Lorg/joda/time/Chronology;)Lorg/joda/time/DateTimeField;" line-rate="0.0" branch-rate="0.0">
							<lines>
								<line number="480" hits="0" branch="false"/>
								<line number="482" hits="0" branch="true" condition-coverage="0% (0/24)">
									<conditions>
										<condition number="0" type="switch" coverage="0%"/>
									</conditions>
								</line>
								<line number="484" hits="0" branch="false"/>
								<line number="486" hits="0" branch="false"/>
								<line number="488" hits="0" branch="false"/>
								<line number="490" hits="0" branch="false"/>
								<line number="492" hits="0" branch="false"/>
								<line number="494" hits="0" branch="false"/>
								<line number="496" hits="0" branch="false"/>
								<line number="498" hits="0" branch="false"/>
								<line number="500" hits="0" branch="false"/>
								<line number="502" hits="0" branch="false"/>
								<line number="504" hits="0" branch="false"/>
								<line number="506" hits="0" branch="false"/>
								<line number="508" hits="0" branch="false"/>
								<line number="510" hits="0" branch="false"/>
								<line number="512" hits="0" branch="false"/>
								<line number="514" hits="0" branch="false"/>
								<line number="516" hits="0" branch="false"/>
								<line number="518" hits="0" branch="false"/>
								<line number="520" hits="0" branch="false"/>
								<line number="522" hits="0" branch="false"/>
								<line number="524" hits="0" branch="false"/>
								<line number="526" hits="0" branch="false"/>
								<line number="528" hits="0" branch="false"/>
								<line number="531" hits="0" branch="false"/>
							</lines>
						</method>
						<method name="getRangeDurationType" signature="()Lorg/joda/time/DurationFieldType;" line-rate="1.0" branch-rate="1.0">
							<lines>
								<line number="457" hits="1" branch="false"/>
							</lines>
						</method>
						<method name="hashCode" signature="()I" line-rate="0.0" branch-rate="1.0">
							<lines>
								<line number="475" hits="0" branch="false"/>
							</lines>
						</method>
						<method name="readResolve" signature="()Ljava/lang/Object;" line-rate="0.0" branch-rate="0.0">
							<lines>
								<line number="541" hits="0" branch="true" condition-coverage="0% (0/24)">
									<conditions>
										<condition number="0" type="switch" coverage="0%"/>
									</conditions>
								</line>
								<line number="543" hits="0" branch="false"/>
								<line number="545" hits="0" branch="false"/>
								<line number="547" hits="0" branch="false"/>
								<line number="549" hits="0" branch="false"/>
								<line number="551" hits="0" branch="false"/>
								<line number="553" hits="0" branch="false"/>
								<line number="555" hits="0" branch="false"/>
								<line number="557" hits="0" branch="false"/>
								<line number="559" hits="0" branch="false"/>
								<line number="561" hits="0" branch="false"/>
								<line number="563" hits="0" branch="false"/>
								<line number="565" hits="0" branch="false"/>
								<line number="567" hits="0" branch="false"/>
								<line number="569" hits="0" branch="false"/>
								<line number="571" hits="0" branch="false"/>
								<line number="573" hits="0" branch="false"/>
								<line number="575" hits="0" branch="false"/>
								<line number="577" hits="0" branch="false"/>
								<line number="579" hits="0" branch="false"/>
								<line number="581" hits="0" branch="false"/>
								<line number="583" hits="0" branch="false"/>
								<line number="585" hits="0" branch="false"/>
								<line number="587" hits="0" branch="false"/>
								<line number="590" hits="0" branch="false"/>
							</lines>
						</method>
					</methods>
					<lines>
						<line number="444" hits="23" branch="false"/>
						<line number="445" hits="23" branch="false"/>
						<line number="446" hits="23" branch="false"/>
						<line number="447" hits="23" branch="false"/>
						<line number="448" hits="23" branch="false"/>
						<line number="452" hits="5" branch="false"/>
						<line number="457" hits="1" branch="false"/>
						<line number="463" hits="0" branch="true" condition-coverage="0% (0/2)">
							<conditions>
								<condition number="0" type="jump" coverage="0%"/>
							</conditions>
						</line>
						<line number="464" hits="0" branch="false"/>
						<line number="466" hits="0" branch="true" condition-coverage="0% (0/2)">
							<conditions>
								<condition number="0" type="jump" coverage="0%"/>
							</conditions>
						</line>
						<line number="467" hits="0" branch="true" condition-coverage="0% (0/2)">
							<conditions>
								<condition number="0" type="jump" coverage="0%"/>
							</conditions>
						</line>
						<line number="469" hits="0" branch="false"/>
						<line number="475" hits="0" branch="false"/>
						<line number="480" hits="0" branch="false"/>
						<line number="482" hits="0" branch="true" condition-coverage="0% (0/24)">
							<conditions>
								<condition number="0" type="switch" coverage="0%"/>
							</conditions>
						</line>
						<line number="484" hits="0" branch="false"/>
						<line number="486" hits="0" branch="false"/>
						<line number="488" hits="0" branch="false"/>
						<line number="490" hits="0" branch="false"/>
						<line number="492" hits="0" branch="false"/>
						<line number="494" hits="0" branch="false"/>
						<line number="496" hits="0" branch="false"/>
						<line number="498" hits="0" branch="false"/>
						<line number="500" hits="0" branch="false"/>
						<line number="502" hits="0" branch="false"/>
						<line number="504" hits="0" branch="false"/>
						<line number="506" hits="0" branch="false"/>
						<line number="508" hits="0" branch="false"/>
						<line number="510" hits="0" branch="false"/>
						<line number="512" hits="0" branch="false"/>
						<line number="514" hits="0" branch="false"/>
						<line number="516" hits="0" branch="false"/>
						<line number="518" hits="0" branch="false"/>
						<line number="520" hits="0" branch="false"/>
						<line number="522" hits="0" branch="false"/>
						<line number="524" hits="0" branch="false"/>
						<line number="526" hits="0" branch="false"/>
						<line number="528" hits="0" branch="false"/>
						<line number="531" hits="0" branch="false"/>
						<line number="541" hits="0" branch="true" condition-coverage="0% (0/24)">
							<conditions>
								<condition number="0" type="switch" coverage="0%"/>
							</conditions>
						</line>
						<line number="543" hits="0" branch="false"/>
						<line number="545" hits="0" branch="false"/>
						<line number="547" hits="0" branch="false"/>
						<line number="549" hits="0" branch="false"/>
						<line number="551" hits="0" branch="false"/>
						<line number="553" hits="0" branch="false"/>
						<line number="555" hits="0" branch="false"/>
						<line number="557" hits="0" branch="false"/>
						<line number="559" hits="0" branch="false"/>
						<line number="561" hits="0" branch="false"/>
						<line number="563" hits="0" branch="false"/>
						<line number="565" hits="0" branch="false"/>
						<line number="567" hits="0" branch="false"/>
						<line number="569" hits="0" branch="false"/>
						<line number="571" hits="0" branch="false"/>
						<line number="573" hits="0" branch="false"/>
						<line number="575" hits="0" branch="false"/>
						<line number="577" hits="0" branch="false"/>
						<line number="579" hits="0" branch="false"/>
						<line number="581" hits="0" branch="false"/>
						<line number="583" hits="0" branch="false"/>
						<line number="585" hits="0" branch="false"/>
						<line number="587" hits="0" branch="false"/>
						<line number="590" hits="0" branch="false"/>
					</lines>
				</class>
				<class name="org.joda.time.DateTimeUtils" filename="org/joda/time/DateTimeUtils.java" line-rate="0.20512820512820512" branch-rate="0.1" complexity="2.4166666666666665">
					<methods>
						<method name="&lt;clinit&gt;" signature="()V" line-rate="1.0" branch-rate="1.0">
							<lines>
								<line number="35" hits="1" branch="false"/>
								<line number="37" hits="1" branch="false"/>
							</lines>
						</method>
						<method name="&lt;init&gt;" signature="()V" line-rate="0.0" branch-rate="1.0">
							<lines>
								<line number="43" hits="0" branch="false"/>
								<line number="44" hits="0" branch="false"/>
							</lines>
						</method>
						<method name="checkPermission" signature="()V" line-rate="0.75" branch-rate="0.5">
							<lines>
								<line number="129" hits="2" branch="false"/>
								<line number="130" hits="2" branch="true" condition-coverage="50% (1/2)">
									<conditions>
										<condition number="0" type="jump" coverage="50%"/>
									</conditions>
								</line>
								<line number="131" hits="0" branch="false"/>
								<line number="133" hits="2" branch="false"/>
							</lines>
						</method>
						<method name="currentTimeMillis" signature="()J" line-rate="0.0" branch-rate="1.0">
							<lines>
								<line number="56" hits="0" branch="false"/>
							</lines>
						</method>
						<method name="getChronology" signature="(Lorg/joda/time/Chronology;)Lorg/joda/time/Chronology;" line-rate="1.0" branch-rate="1.0">
							<lines>
								<line number="252" hits="10" branch="true" condition-coverage="100% (2/2)">
									<conditions>
										<condition number="0" type="jump" coverage="100%"/>
									</conditions>
								</line>
								<line number="253" hits="2" branch="false"/>
								<line number="255" hits="8" branch="false"/>
							</lines>
						</method>
						<method name="getDateFormatSymbols" signature="(Ljava/util/Locale;)Ljava/text/DateFormatSymbols;" line-rate="0.0" branch-rate="1.0">
							<lines>
								<line number="365" hits="0" branch="false"/>
								<line number="366" hits="0" branch="false"/>
								<line number="367" hits="0" branch="false"/>
								<line number="368" hits="0" branch="false"/>
							</lines>
						</method>
						<method name="getDurationMillis" signature="(Lorg/joda/time/ReadableDuration;)J" line-rate="0.0" branch-rate="0.0">
							<lines>
								<line number="303" hits="0" branch="true" condition-coverage="0% (0/2)">
									<conditions>
										<condition number="0" type="jump" coverage="0%"/>
									</conditions>
								</line>
								<line number="304" hits="0" branch="false"/>
								<line number="306" hits="0" branch="false"/>
							</lines>
						</method>
						<method name="getInstantChronology" signature="(Lorg/joda/time/ReadableInstant;)Lorg/joda/time/Chronology;" line-rate="0.0" branch-rate="0.0">
							<lines>
								<line number="164" hits="0" branch="true" condition-coverage="0% (0/2)">
									<conditions>
										<condition number="0" type="jump" coverage="0%"/>
									</conditions>
								</line>
								<line number="165" hits="0" branch="false"/>
								<line number="167" hits="0" branch="false"/>
								<line number="168" hits="0" branch="true" condition-coverage="0% (0/2)">
									<conditions>
										<condition number="0" type="jump" coverage="0%"/>
									</conditions>
								</line>
								<line number="169" hits="0" branch="false"/>
								<line number="171" hits="0" branch="false"/>
							</lines>
						</method>
						<method name="getInstantMillis" signature="(Lorg/joda/time/ReadableInstant;)J" line-rate="0.0" branch-rate="0.0">
							<lines>
								<line number="146" hits="0" branch="true" condition-coverage="0% (0/2)">
									<conditions>
										<condition number="0" type="jump" coverage="0%"/>
									</conditions>
								</line>
								<line number="147" hits="0" branch="false"/>
								<line number="149" hits="0" branch="false"/>
							</lines>
						</method>
						<method name="getIntervalChronology" signature="(Lorg/joda/time/ReadableInstant;Lorg/joda/time/ReadableInstant;)Lorg/joda/time/Chronology;" line-rate="0.0" branch-rate="0.0">
							<lines>
								<line number="187" hits="0" branch="false"/>
								<line number="188" hits="0" branch="true" condition-coverage="0% (0/2)">
									<conditions>
										<condition number="0" type="jump" coverage="0%"/>
									</conditions>
								</line>
								<line number="189" hits="0" branch="false"/>
								<line number="190" hits="0" branch="true" condition-coverage="0% (0/2)">
									<conditions>
										<condition number="0" type="jump" coverage="0%"/>
									</conditions>
								</line>
								<line number="191" hits="0" branch="false"/>
								<line number="193" hits="0" branch="true" condition-coverage="0% (0/2)">
									<conditions>
										<condition number="0" type="jump" coverage="0%"/>
									</conditions>
								</line>
								<line number="194" hits="0" branch="false"/>
								<line number="196" hits="0" branch="false"/>
							</lines>
						</method>
						<method name="getIntervalChronology" signature="(Lorg/joda/time/ReadableInterval;)Lorg/joda/time/Chronology;" line-rate="0.0" branch-rate="0.0">
							<lines>
								<line number="211" hits="0" branch="true" condition-coverage="0% (0/2)">
									<conditions>
										<condition number="0" type="jump" coverage="0%"/>
									</conditions>
								</line>
								<line number="212" hits="0" branch="false"/>
								<line number="214" hits="0" branch="false"/>
								<line number="215" hits="0" branch="true" condition-coverage="0% (0/2)">
									<conditions>
										<condition number="0" type="jump" coverage="0%"/>
									</conditions>
								</line>
								<line number="216" hits="0" branch="false"/>
								<line number="218" hits="0" branch="false"/>
							</lines>
						</method>
						<method name="getPeriodType" signature="(Lorg/joda/time/PeriodType;)Lorg/joda/time/PeriodType;" line-rate="0.6666666666666666" branch-rate="0.5">
							<lines>
								<line number="286" hits="2" branch="true" condition-coverage="50% (1/2)">
									<conditions>
										<condition number="0" type="jump" coverage="50%"/>
									</conditions>
								</line>
								<line number="287" hits="2" branch="false"/>
								<line number="289" hits="0" branch="false"/>
							</lines>
						</method>
						<method name="getReadableInterval" signature="(Lorg/joda/time/ReadableInterval;)Lorg/joda/time/ReadableInterval;" line-rate="0.0" branch-rate="0.0">
							<lines>
								<line number="234" hits="0" branch="true" condition-coverage="0% (0/2)">
									<conditions>
										<condition number="0" type="jump" coverage="0%"/>
									</conditions>
								</line>
								<line number="235" hits="0" branch="false"/>
								<line number="236" hits="0" branch="false"/>
								<line number="238" hits="0" branch="false"/>
							</lines>
						</method>
						<method name="getZone" signature="(Lorg/joda/time/DateTimeZone;)Lorg/joda/time/DateTimeZone;" line-rate="0.0" branch-rate="0.0">
							<lines>
								<line number="269" hits="0" branch="true" condition-coverage="0% (0/2)">
									<conditions>
										<condition number="0" type="jump" coverage="0%"/>
									</conditions>
								</line>
								<line number="270" hits="0" branch="false"/>
								<line number="272" hits="0" branch="false"/>
							</lines>
						</method>
						<method name="isContiguous" signature="(Lorg/joda/time/ReadablePartial;)Z" line-rate="0.0" branch-rate="0.0">
							<lines>
								<line number="334" hits="0" branch="true" condition-coverage="0% (0/2)">
									<conditions>
										<condition number="0" type="jump" coverage="0%"/>
									</conditions>
								</line>
								<line number="335" hits="0" branch="false"/>
								<line number="337" hits="0" branch="false"/>
								<line number="338" hits="0" branch="true" condition-coverage="0% (0/2)">
									<conditions>
										<condition number="0" type="jump" coverage="0%"/>
									</conditions>
								</line>
								<line number="339" hits="0" branch="false"/>
								<line number="340" hits="0" branch="true" condition-coverage="0% (0/2)">
									<conditions>
										<condition number="0" type="jump" coverage="0%"/>
									</conditions>
								</line>
								<line number="341" hits="0" branch="true" condition-coverage="0% (0/2)">
									<conditions>
										<condition number="0" type="jump" coverage="0%"/>
									</conditions>
								</line>
								<line number="342" hits="0" branch="false"/>
								<line number="345" hits="0" branch="false"/>
								<line number="347" hits="0" branch="false"/>
							</lines>
						</method>
						<method name="setCurrentMillisFixed" signature="(J)V" line-rate="1.0" branch-rate="1.0">
							<lines>
								<line number="82" hits="1" branch="false"/>
								<line number="83" hits="1" branch="false"/>
								<line number="84" hits="1" branch="false"/>
							</lines>
						</method>
						<method name="setCurrentMillisOffset" signature="(J)V" line-rate="0.0" branch-rate="0.0">
							<lines>
								<line number="97" hits="0" branch="false"/>
								<line number="98" hits="0" branch="true" condition-coverage="0% (0/2)">
									<conditions>
										<condition number="0" type="jump" coverage="0%"/>
									</conditions>
								</line>
								<line number="99" hits="0" branch="false"/>
								<line number="101" hits="0" branch="false"/>
								<line number="103" hits="0" branch="false"/>
							</lines>
						</method>
						<method name="setCurrentMillisProvider" signature="(Lorg/joda/time/DateTimeUtils$MillisProvider;)V" line-rate="0.0" branch-rate="0.0">
							<lines>
								<line number="116" hits="0" branch="true" condition-coverage="0% (0/2)">
									<conditions>
										<condition number="0" type="jump" coverage="0%"/>
									</conditions>
								</line>
								<line number="117" hits="0" branch="false"/>
								<line number="119" hits="0" branch="false"/>
								<line number="120" hits="0" branch="false"/>
								<line number="121" hits="0" branch="false"/>
							</lines>
						</method>
						<method name="setCurrentMillisSystem" signature="()V" line-rate="1.0" branch-rate="1.0">
							<lines>
								<line number="68" hits="1" branch="false"/>
								<line number="69" hits="1" branch="false"/>
								<line number="70" hits="1" branch="false"/>
							</lines>
						</method>
					</methods>
					<lines>
						<line number="35" hits="1" branch="false"/>
						<line number="37" hits="1" branch="false"/>
						<line number="43" hits="0" branch="false"/>
						<line number="44" hits="0" branch="false"/>
						<line number="56" hits="0" branch="false"/>
						<line number="68" hits="1" branch="false"/>
						<line number="69" hits="1" branch="false"/>
						<line number="70" hits="1" branch="false"/>
						<line number="82" hits="1" branch="false"/>
						<line number="83" hits="1" branch="false"/>
						<line number="84" hits="1" branch="false"/>
						<line number="97" hits="0" branch="false"/>
						<line number="98" hits="0" branch="true" condition-coverage="0% (0/2)">
							<conditions>
								<condition number="0" type="jump" coverage="0%"/>
							</conditions>
						</line>
						<line number="99" hits="0" branch="false"/>
						<line number="101" hits="0" branch="false"/>
						<line number="103" hits="0" branch="false"/>
						<line number="116" hits="0" branch="true" condition-coverage="0% (0/2)">
							<conditions>
								<condition number="0" type="jump" coverage="0%"/>
							</conditions>
						</line>
						<line number="117" hits="0" branch="false"/>
						<line number="119" hits="0" branch="false"/>
						<line number="120" hits="0" branch="false"/>
						<line number="121" hits="0" branch="false"/>
						<line number="129" hits="2" branch="false"/>
						<line number="130" hits="2" branch="true" condition-coverage="50% (1/2)">
							<conditions>
								<condition number="0" type="jump" coverage="50%"/>
							</conditions>
						</line>
						<line number="131" hits="0" branch="false"/>
						<line number="133" hits="2" branch="false"/>
						<line number="146" hits="0" branch="true" condition-coverage="0% (0/2)">
							<conditions>
								<condition number="0" type="jump" coverage="0%"/>
							</conditions>
						</line>
						<line number="147" hits="0" branch="false"/>
						<line number="149" hits="0" branch="false"/>
						<line number="164" hits="0" branch="true" condition-coverage="0% (0/2)">
							<conditions>
								<condition number="0" type="jump" coverage="0%"/>
							</conditions>
						</line>
						<line number="165" hits="0" branch="false"/>
						<line number="167" hits="0" branch="false"/>
						<line number="168" hits="0" branch="true" condition-coverage="0% (0/2)">
							<conditions>
								<condition number="0" type="jump" coverage="0%"/>
							</conditions>
						</line>
						<line number="169" hits="0" branch="false"/>
						<line number="171" hits="0" branch="false"/>
						<line number="187" hits="0" branch="false"/>
						<line number="188" hits="0" branch="true" condition-coverage="0% (0/2)">
							<conditions>
								<condition number="0" type="jump" coverage="0%"/>
							</conditions>
						</line>
						<line number="189" hits="0" branch="false"/>
						<line number="190" hits="0" branch="true" condition-coverage="0% (0/2)">
							<conditions>
								<condition number="0" type="jump" coverage="0%"/>
							</conditions>
						</line>
						<line number="191" hits="0" branch="false"/>
						<line number="193" hits="0" branch="true" condition-coverage="0% (0/2)">
							<conditions>
								<condition number="0" type="jump" coverage="0%"/>
							</conditions>
						</line>
						<line number="194" hits="0" branch="false"/>
						<line number="196" hits="0" branch="false"/>
						<line number="211" hits="0" branch="true" condition-coverage="0% (0/2)">
							<conditions>
								<condition number="0" type="jump" coverage="0%"/>
							</conditions>
						</line>
						<line number="212" hits="0" branch="false"/>
						<line number="214" hits="0" branch="false"/>
						<line number="215" hits="0" branch="true" condition-coverage="0% (0/2)">
							<conditions>
								<condition number="0" type="jump" coverage="0%"/>
							</conditions>
						</line>
						<line number="216" hits="0" branch="false"/>
						<line number="218" hits="0" branch="false"/>
						<line number="234" hits="0" branch="true" condition-coverage="0% (0/2)">
							<conditions>
								<condition number="0" type="jump" coverage="0%"/>
							</conditions>
						</line>
						<line number="235" hits="0" branch="false"/>
						<line number="236" hits="0" branch="false"/>
						<line number="238" hits="0" branch="false"/>
						<line number="252" hits="10" branch="true" condition-coverage="100% (2/2)">
							<conditions>
								<condition number="0" type="jump" coverage="100%"/>
							</conditions>
						</line>
						<line number="253" hits="2" branch="false"/>
						<line number="255" hits="8" branch="false"/>
						<line number="269" hits="0" branch="true" condition-coverage="0% (0/2)">
							<conditions>
								<condition number="0" type="jump" coverage="0%"/>
							</conditions>
						</line>
						<line number="270" hits="0" branch="false"/>
						<line number="272" hits="0" branch="false"/>
						<line number="286" hits="2" branch="true" condition-coverage="50% (1/2)">
							<conditions>
								<condition number="0" type="jump" coverage="50%"/>
							</conditions>
						</line>
						<line number="287" hits="2" branch="false"/>
						<line number="289" hits="0" branch="false"/>
						<line number="303" hits="0" branch="true" condition-coverage="0% (0/2)">
							<conditions>
								<condition number="0" type="jump" coverage="0%"/>
							</conditions>
						</line>
						<line number="304" hits="0" branch="false"/>
						<line number="306" hits="0" branch="false"/>
						<line number="334" hits="0" branch="true" condition-coverage="0% (0/2)">
							<conditions>
								<condition number="0" type="jump" coverage="0%"/>
							</conditions>
						</line>
						<line number="335" hits="0" branch="false"/>
						<line number="337" hits="0" branch="false"/>
						<line number="338" hits="0" branch="true" condition-coverage="0% (0/2)">
							<conditions>
								<condition number="0" type="jump" coverage="0%"/>
							</conditions>
						</line>
						<line number="339" hits="0" branch="false"/>
						<line number="340" hits="0" branch="true" condition-coverage="0% (0/2)">
							<conditions>
								<condition number="0" type="jump" coverage="0%"/>
							</conditions>
						</line>
						<line number="341" hits="0" branch="true" condition-coverage="0% (0/2)">
							<conditions>
								<condition number="0" type="jump" coverage="0%"/>
							</conditions>
						</line>
						<line number="342" hits="0" branch="false"/>
						<line number="345" hits="0" branch="false"/>
						<line number="347" hits="0" branch="false"/>
						<line number="365" hits="0" branch="false"/>
						<line number="366" hits="0" branch="false"/>
						<line number="367" hits="0" branch="false"/>
						<line number="368" hits="0" branch="false"/>
					</lines>
				</class>
				<class name="org.joda.time.DateTimeUtils$FixedMillisProvider" filename="org/joda/time/DateTimeUtils.java" line-rate="0.75" branch-rate="1.0" complexity="2.4166666666666665">
					<methods>
						<method name="&lt;init&gt;" signature="(J)V" line-rate="1.0" branch-rate="1.0">
							<lines>
								<line number="414" hits="1" branch="false"/>
								<line number="415" hits="1" branch="false"/>
								<line number="416" hits="1" branch="false"/>
							</lines>
						</method>
						<method name="getMillis" signature="()J" line-rate="0.0" branch-rate="1.0">
							<lines>
								<line number="423" hits="0" branch="false"/>
							</lines>
						</method>
					</methods>
					<lines>
						<line number="414" hits="1" branch="false"/>
						<line number="415" hits="1" branch="false"/>
						<line number="416" hits="1" branch="false"/>
						<line number="423" hits="0" branch="false"/>
					</lines>
				</class>
				<class name="org.joda.time.DateTimeUtils$MillisProvider" filename="org/joda/time/DateTimeUtils.java" line-rate="1.0" branch-rate="1.0" complexity="2.4166666666666665">
					<methods>
					</methods>
					<lines>
					</lines>
				</class>
				<class name="org.joda.time.DateTimeUtils$OffsetMillisProvider" filename="org/joda/time/DateTimeUtils.java" line-rate="0.0" branch-rate="1.0" complexity="2.4166666666666665">
					<methods>
						<method name="&lt;init&gt;" signature="(J)V" line-rate="0.0" branch-rate="1.0">
							<lines>
								<line number="438" hits="0" branch="false"/>
								<line number="439" hits="0" branch="false"/>
								<line number="440" hits="0" branch="false"/>
							</lines>
						</method>
						<method name="getMillis" signature="()J" line-rate="0.0" branch-rate="1.0">
							<lines>
								<line number="447" hits="0" branch="false"/>
							</lines>
						</method>
					</methods>
					<lines>
						<line number="438" hits="0" branch="false"/>
						<line number="439" hits="0" branch="false"/>
						<line number="440" hits="0" branch="false"/>
						<line number="447" hits="0" branch="false"/>
					</lines>
				</class>
				<class name="org.joda.time.DateTimeUtils$SystemMillisProvider" filename="org/joda/time/DateTimeUtils.java" line-rate="0.5" branch-rate="1.0" complexity="2.4166666666666665">
					<methods>
						<method name="&lt;init&gt;" signature="()V" line-rate="1.0" branch-rate="1.0">
							<lines>
								<line number="393" hits="1" branch="false"/>
							</lines>
						</method>
						<method name="getMillis" signature="()J" line-rate="0.0" branch-rate="1.0">
							<lines>
								<line number="399" hits="0" branch="false"/>
							</lines>
						</method>
					</methods>
					<lines>
						<line number="393" hits="1" branch="false"/>
						<line number="399" hits="0" branch="false"/>
					</lines>
				</class>
				<class name="org.joda.time.DateTimeZone" filename="org/joda/time/DateTimeZone.java" line-rate="0.30246913580246915" branch-rate="0.19753086419753085" complexity="3.327272727272727">
					<methods>
						<method name="&lt;clinit&gt;" signature="()V" line-rate="1.0" branch-rate="1.0">
							<lines>
								<line number="95" hits="1" branch="false"/>
								<line number="115" hits="1" branch="false"/>
								<line number="116" hits="1" branch="false"/>
								<line number="117" hits="1" branch="false"/>
							</lines>
						</method>
						<method name="&lt;init&gt;" signature="(Ljava/lang/String;)V" line-rate="0.8" branch-rate="0.5">
							<lines>
								<line number="688" hits="8" branch="false"/>
								<line number="689" hits="8" branch="true" condition-coverage="50% (1/2)">
									<conditions>
										<condition number="0" type="jump" coverage="50%"/>
									</conditions>
								</line>
								<line number="690" hits="0" branch="false"/>
								<line number="692" hits="8" branch="false"/>
								<line number="693" hits="8" branch="false"/>
							</lines>
						</method>
						<method name="adjustOffset" signature="(JZ)J" line-rate="0.0" branch-rate="0.0">
							<lines>
								<line number="1163" hits="0" branch="false"/>
								<line number="1164" hits="0" branch="false"/>
								<line number="1165" hits="0" branch="true" condition-coverage="0% (0/2)">
									<conditions>
										<condition number="0" type="jump" coverage="0%"/>
									</conditions>
								</line>
								<line number="1166" hits="0" branch="false"/>
								<line number="1168" hits="0" branch="false"/>
								<line number="1169" hits="0" branch="true" condition-coverage="0% (0/2)">
									<conditions>
										<condition number="0" type="jump" coverage="0%"/>
									</conditions>
								</line>
							</lines>
						</method>
						<method name="convertLocalToUTC" signature="(JZ)J" line-rate="0.0" branch-rate="0.0">
							<lines>
								<line number="973" hits="0" branch="false"/>
								<line number="975" hits="0" branch="false"/>
								<line number="977" hits="0" branch="true" condition-coverage="0% (0/2)">
									<conditions>
										<condition number="0" type="jump" coverage="0%"/>
									</conditions>
								</line>
								<line number="981" hits="0" branch="true" condition-coverage="0% (0/4)">
									<conditions>
										<condition number="0" type="jump" coverage="0%"/>
										<condition number="1" type="jump" coverage="0%"/>
									</conditions>
								</line>
								<line number="983" hits="0" branch="false"/>
								<line number="984" hits="0" branch="true" condition-coverage="0% (0/2)">
									<conditions>
										<condition number="0" type="jump" coverage="0%"/>
									</conditions>
								</line>
								<line number="985" hits="0" branch="false"/>
								<line number="987" hits="0" branch="false"/>
								<line number="988" hits="0" branch="true" condition-coverage="0% (0/2)">
									<conditions>
										<condition number="0" type="jump" coverage="0%"/>
									</conditions>
								</line>
								<line number="989" hits="0" branch="false"/>
								<line number="991" hits="0" branch="true" condition-coverage="0% (0/2)">
									<conditions>
										<condition number="0" type="jump" coverage="0%"/>
									</conditions>
								</line>
								<line number="993" hits="0" branch="true" condition-coverage="0% (0/2)">
									<conditions>
										<condition number="0" type="jump" coverage="0%"/>
									</conditions>
								</line>
								<line number="995" hits="0" branch="false"/>
								<line number="1002" hits="0" branch="false"/>
								<line number="1008" hits="0" branch="false"/>
								<line number="1010" hits="0" branch="true" condition-coverage="0% (0/4)">
									<conditions>
										<condition number="0" type="jump" coverage="0%"/>
										<condition number="1" type="jump" coverage="0%"/>
									</conditions>
								</line>
								<line number="1011" hits="0" branch="false"/>
								<line number="1013" hits="0" branch="false"/>
							</lines>
						</method>
						<method name="convertLocalToUTC" signature="(JZJ)J" line-rate="0.0" branch-rate="0.0">
							<lines>
								<line number="950" hits="0" branch="false"/>
								<line number="951" hits="0" branch="false"/>
								<line number="952" hits="0" branch="false"/>
								<line number="953" hits="0" branch="true" condition-coverage="0% (0/2)">
									<conditions>
										<condition number="0" type="jump" coverage="0%"/>
									</conditions>
								</line>
								<line number="954" hits="0" branch="false"/>
								<line number="956" hits="0" branch="false"/>
							</lines>
						</method>
						<method name="convertUTCToLocal" signature="(J)J" line-rate="0.0" branch-rate="0.0">
							<lines>
								<line number="923" hits="0" branch="false"/>
								<line number="924" hits="0" branch="false"/>
								<line number="926" hits="0" branch="true" condition-coverage="0% (0/4)">
									<conditions>
										<condition number="0" type="jump" coverage="0%"/>
										<condition number="1" type="jump" coverage="0%"/>
									</conditions>
								</line>
								<line number="927" hits="0" branch="false"/>
								<line number="929" hits="0" branch="false"/>
							</lines>
						</method>
						<method name="fixedOffsetZone" signature="(Ljava/lang/String;I)Lorg/joda/time/DateTimeZone;" line-rate="0.6666666666666666" branch-rate="0.375">
							<lines>
								<line number="349" hits="1" branch="true" condition-coverage="50% (1/2)">
									<conditions>
										<condition number="0" type="jump" coverage="50%"/>
									</conditions>
								</line>
								<line number="350" hits="0" branch="false"/>
								<line number="352" hits="1" branch="true" condition-coverage="50% (1/2)">
									<conditions>
										<condition number="0" type="jump" coverage="50%"/>
									</conditions>
								</line>
								<line number="353" hits="1" branch="false"/>
								<line number="356" hits="1" branch="false"/>
								<line number="357" hits="1" branch="true" condition-coverage="50% (1/2)">
									<conditions>
										<condition number="0" type="jump" coverage="50%"/>
									</conditions>
								</line>
								<line number="358" hits="0" branch="false"/>
								<line number="359" hits="0" branch="true" condition-coverage="0% (0/2)">
									<conditions>
										<condition number="0" type="jump" coverage="0%"/>
									</conditions>
								</line>
								<line number="360" hits="0" branch="false"/>
								<line number="363" hits="1" branch="false"/>
								<line number="364" hits="1" branch="false"/>
								<line number="365" hits="1" branch="false"/>
							</lines>
						</method>
						<method name="forID" signature="(Ljava/lang/String;)Lorg/joda/time/DateTimeZone;" line-rate="0.35714285714285715" branch-rate="0.25">
							<lines>
								<line number="204" hits="2" branch="true" condition-coverage="50% (1/2)">
									<conditions>
										<condition number="0" type="jump" coverage="50%"/>
									</conditions>
								</line>
								<line number="205" hits="0" branch="false"/>
								<line number="207" hits="2" branch="true" condition-coverage="50% (1/2)">
									<conditions>
										<condition number="0" type="jump" coverage="50%"/>
									</conditions>
								</line>
								<line number="208" hits="0" branch="false"/>
								<line number="210" hits="2" branch="false"/>
								<line number="211" hits="2" branch="true" condition-coverage="50% (1/2)">
									<conditions>
										<condition number="0" type="jump" coverage="50%"/>
									</conditions>
								</line>
								<line number="212" hits="2" branch="false"/>
								<line number="214" hits="0" branch="true" condition-coverage="0% (0/4)">
									<conditions>
										<condition number="0" type="jump" coverage="0%"/>
										<condition number="1" type="jump" coverage="0%"/>
									</conditions>
								</line>
								<line number="215" hits="0" branch="false"/>
								<line number="216" hits="0" branch="true" condition-coverage="0% (0/2)">
									<conditions>
										<condition number="0" type="jump" coverage="0%"/>
									</conditions>
								</line>
								<line number="217" hits="0" branch="false"/>
								<line number="219" hits="0" branch="false"/>
								<line number="220" hits="0" branch="false"/>
								<line number="223" hits="0" branch="false"/>
							</lines>
						</method>
						<method name="forOffsetHours" signature="(I)Lorg/joda/time/DateTimeZone;" line-rate="1.0" branch-rate="1.0">
							<lines>
								<line number="237" hits="1" branch="false"/>
							</lines>
						</method>
						<method name="forOffsetHoursMinutes" signature="(II)Lorg/joda/time/DateTimeZone;" line-rate="0.6428571428571429" branch-rate="0.4">
							<lines>
								<line number="254" hits="1" branch="true" condition-coverage="25% (1/4)">
									<conditions>
										<condition number="0" type="jump" coverage="50%"/>
										<condition number="1" type="jump" coverage="0%"/>
									</conditions>
								</line>
								<line number="255" hits="0" branch="false"/>
								<line number="257" hits="1" branch="true" condition-coverage="50% (2/4)">
									<conditions>
										<condition number="0" type="jump" coverage="50%"/>
										<condition number="1" type="jump" coverage="50%"/>
									</conditions>
								</line>
								<line number="258" hits="0" branch="false"/>
								<line number="260" hits="1" branch="false"/>
								<line number="262" hits="1" branch="false"/>
								<line number="263" hits="1" branch="true" condition-coverage="50% (1/2)">
									<conditions>
										<condition number="0" type="jump" coverage="50%"/>
									</conditions>
								</line>
								<line number="264" hits="0" branch="false"/>
								<line number="266" hits="1" branch="false"/>
								<line number="268" hits="1" branch="false"/>
								<line number="269" hits="0" branch="false"/>
								<line number="270" hits="0" branch="false"/>
								<line number="271" hits="1" branch="false"/>
								<line number="272" hits="1" branch="false"/>
							</lines>
						</method>
						<method name="forOffsetMillis" signature="(I)Lorg/joda/time/DateTimeZone;" line-rate="1.0" branch-rate="1.0">
							<lines>
								<line number="282" hits="1" branch="false"/>
								<line number="283" hits="1" branch="false"/>
							</lines>
						</method>
						<method name="forTimeZone" signature="(Ljava/util/TimeZone;)Lorg/joda/time/DateTimeZone;" line-rate="0.0" branch-rate="0.0">
							<lines>
								<line number="302" hits="0" branch="true" condition-coverage="0% (0/2)">
									<conditions>
										<condition number="0" type="jump" coverage="0%"/>
									</conditions>
								</line>
								<line number="303" hits="0" branch="false"/>
								<line number="305" hits="0" branch="false"/>
								<line number="306" hits="0" branch="true" condition-coverage="0% (0/2)">
									<conditions>
										<condition number="0" type="jump" coverage="0%"/>
									</conditions>
								</line>
								<line number="307" hits="0" branch="false"/>
								<line number="311" hits="0" branch="false"/>
								<line number="312" hits="0" branch="false"/>
								<line number="313" hits="0" branch="true" condition-coverage="0% (0/2)">
									<conditions>
										<condition number="0" type="jump" coverage="0%"/>
									</conditions>
								</line>
								<line number="314" hits="0" branch="false"/>
								<line number="316" hits="0" branch="true" condition-coverage="0% (0/2)">
									<conditions>
										<condition number="0" type="jump" coverage="0%"/>
									</conditions>
								</line>
								<line number="317" hits="0" branch="false"/>
								<line number="319" hits="0" branch="true" condition-coverage="0% (0/2)">
									<conditions>
										<condition number="0" type="jump" coverage="0%"/>
									</conditions>
								</line>
								<line number="320" hits="0" branch="false"/>
								<line number="324" hits="0" branch="true" condition-coverage="0% (0/2)">
									<conditions>
										<condition number="0" type="jump" coverage="0%"/>
									</conditions>
								</line>
								<line number="325" hits="0" branch="false"/>
								<line number="326" hits="0" branch="true" condition-coverage="0% (0/4)">
									<conditions>
										<condition number="0" type="jump" coverage="0%"/>
										<condition number="1" type="jump" coverage="0%"/>
									</conditions>
								</line>
								<line number="327" hits="0" branch="false"/>
								<line number="328" hits="0" branch="false"/>
								<line number="329" hits="0" branch="true" condition-coverage="0% (0/2)">
									<conditions>
										<condition number="0" type="jump" coverage="0%"/>
									</conditions>
								</line>
								<line number="330" hits="0" branch="false"/>
								<line number="332" hits="0" branch="false"/>
								<line number="333" hits="0" branch="false"/>
								<line number="337" hits="0" branch="false"/>
							</lines>
						</method>
						<method name="getAvailableIDs" signature="()Ljava/util/Set;" line-rate="0.0" branch-rate="1.0">
							<lines>
								<line number="374" hits="0" branch="false"/>
							</lines>
						</method>
						<method name="getConvertedId" signature="(Ljava/lang/String;)Ljava/lang/String;" line-rate="0.0" branch-rate="0.0">
							<lines>
								<line number="559" hits="0" branch="false"/>
								<line number="560" hits="0" branch="true" condition-coverage="0% (0/2)">
									<conditions>
										<condition number="0" type="jump" coverage="0%"/>
									</conditions>
								</line>
								<line number="562" hits="0" branch="false"/>
								<line number="563" hits="0" branch="false"/>
								<line number="564" hits="0" branch="false"/>
								<line number="565" hits="0" branch="false"/>
								<line number="566" hits="0" branch="false"/>
								<line number="567" hits="0" branch="false"/>
								<line number="568" hits="0" branch="false"/>
								<line number="569" hits="0" branch="false"/>
								<line number="570" hits="0" branch="false"/>
								<line number="571" hits="0" branch="false"/>
								<line number="572" hits="0" branch="false"/>
								<line number="573" hits="0" branch="false"/>
								<line number="574" hits="0" branch="false"/>
								<line number="575" hits="0" branch="false"/>
								<line number="576" hits="0" branch="false"/>
								<line number="577" hits="0" branch="false"/>
								<line number="578" hits="0" branch="false"/>
								<line number="579" hits="0" branch="false"/>
								<line number="580" hits="0" branch="false"/>
								<line number="581" hits="0" branch="false"/>
								<line number="582" hits="0" branch="false"/>
								<line number="583" hits="0" branch="false"/>
								<line number="584" hits="0" branch="false"/>
								<line number="585" hits="0" branch="false"/>
								<line number="586" hits="0" branch="false"/>
								<line number="587" hits="0" branch="false"/>
								<line number="588" hits="0" branch="false"/>
								<line number="589" hits="0" branch="false"/>
								<line number="590" hits="0" branch="false"/>
								<line number="591" hits="0" branch="false"/>
								<line number="592" hits="0" branch="false"/>
								<line number="593" hits="0" branch="false"/>
								<line number="594" hits="0" branch="false"/>
								<line number="595" hits="0" branch="false"/>
								<line number="597" hits="0" branch="false"/>
							</lines>
						</method>
						<method name="getDefault" signature="()Lorg/joda/time/DateTimeZone;" line-rate="0.8" branch-rate="0.6">
							<lines>
								<line number="133" hits="4" branch="false"/>
								<line number="134" hits="4" branch="true" condition-coverage="100% (2/2)">
									<conditions>
										<condition number="0" type="jump" coverage="100%"/>
									</conditions>
								</line>
								<line number="135" hits="1" branch="false"/>
								<line number="136" hits="1" branch="false"/>
								<line number="137" hits="1" branch="true" condition-coverage="50% (1/2)">
									<conditions>
										<condition number="0" type="jump" coverage="50%"/>
									</conditions>
								</line>
								<line number="138" hits="1" branch="false"/>
								<line number="141" hits="1" branch="false"/>
								<line number="142" hits="1" branch="true" condition-coverage="50% (1/2)">
									<conditions>
										<condition number="0" type="jump" coverage="50%"/>
									</conditions>
								</line>
								<line number="143" hits="1" branch="false"/>
								<line number="145" hits="0" branch="false"/>
								<line number="147" hits="1" branch="false"/>
								<line number="148" hits="1" branch="true" condition-coverage="50% (1/2)">
									<conditions>
										<condition number="0" type="jump" coverage="50%"/>
									</conditions>
								</line>
								<line number="149" hits="0" branch="false"/>
								<line number="151" hits="0" branch="false"/>
								<line number="153" hits="1" branch="false"/>
								<line number="154" hits="1" branch="true" condition-coverage="50% (1/2)">
									<conditions>
										<condition number="0" type="jump" coverage="50%"/>
									</conditions>
								</line>
								<line number="155" hits="0" branch="false"/>
								<line number="157" hits="1" branch="false"/>
								<line number="159" hits="1" branch="false"/>
								<line number="161" hits="4" branch="false"/>
							</lines>
						</method>
						<method name="getDefaultNameProvider" signature="()Lorg/joda/time/tz/NameProvider;" line-rate="0.5384615384615384" branch-rate="0.5">
							<lines>
								<line number="529" hits="1" branch="false"/>
								<line number="531" hits="1" branch="false"/>
								<line number="532" hits="1" branch="true" condition-coverage="50% (1/2)">
									<conditions>
										<condition number="0" type="jump" coverage="50%"/>
									</conditions>
								</line>
								<line number="534" hits="0" branch="false"/>
								<line number="535" hits="0" branch="false"/>
								<line number="536" hits="0" branch="false"/>
								<line number="537" hits="0" branch="false"/>
								<line number="538" hits="0" branch="false"/>
								<line number="540" hits="0" branch="false"/>
								<line number="542" hits="1" branch="false"/>
								<line number="544" hits="1" branch="true" condition-coverage="50% (1/2)">
									<conditions>
										<condition number="0" type="jump" coverage="50%"/>
									</conditions>
								</line>
								<line number="545" hits="1" branch="false"/>
								<line number="548" hits="1" branch="false"/>
							</lines>
						</method>
						<method name="getDefaultProvider" signature="()Lorg/joda/time/tz/Provider;" line-rate="0.47368421052631576" branch-rate="0.5">
							<lines>
								<line number="443" hits="1" branch="false"/>
								<line number="446" hits="1" branch="false"/>
								<line number="448" hits="1" branch="true" condition-coverage="50% (1/2)">
									<conditions>
										<condition number="0" type="jump" coverage="50%"/>
									</conditions>
								</line>
								<line number="450" hits="0" branch="false"/>
								<line number="451" hits="0" branch="false"/>
								<line number="452" hits="0" branch="false"/>
								<line number="453" hits="0" branch="false"/>
								<line number="454" hits="0" branch="false"/>
								<line number="456" hits="0" branch="false"/>
								<line number="458" hits="1" branch="false"/>
								<line number="460" hits="1" branch="true" condition-coverage="50% (1/2)">
									<conditions>
										<condition number="0" type="jump" coverage="50%"/>
									</conditions>
								</line>
								<line number="462" hits="1" branch="false"/>
								<line number="463" hits="0" branch="false"/>
								<line number="464" hits="0" branch="false"/>
								<line number="465" hits="0" branch="false"/>
								<line number="466" hits="1" branch="false"/>
								<line number="469" hits="1" branch="true" condition-coverage="50% (1/2)">
									<conditions>
										<condition number="0" type="jump" coverage="50%"/>
									</conditions>
								</line>
								<line number="470" hits="0" branch="false"/>
								<line number="473" hits="1" branch="false"/>
							</lines>
						</method>
						<method name="getID" signature="()Ljava/lang/String;" line-rate="1.0" branch-rate="1.0">
							<lines>
								<line number="705" hits="7" branch="false"/>
							</lines>
						</method>
						<method name="getMillisKeepLocal" signature="(Lorg/joda/time/DateTimeZone;J)J" line-rate="0.0" branch-rate="0.0">
							<lines>
								<line number="1027" hits="0" branch="true" condition-coverage="0% (0/2)">
									<conditions>
										<condition number="0" type="jump" coverage="0%"/>
									</conditions>
								</line>
								<line number="1028" hits="0" branch="false"/>
								<line number="1030" hits="0" branch="true" condition-coverage="0% (0/2)">
									<conditions>
										<condition number="0" type="jump" coverage="0%"/>
									</conditions>
								</line>
								<line number="1031" hits="0" branch="false"/>
								<line number="1033" hits="0" branch="false"/>
								<line number="1034" hits="0" branch="false"/>
							</lines>
						</method>
						<method name="getName" signature="(J)Ljava/lang/String;" line-rate="0.0" branch-rate="1.0">
							<lines>
								<line number="768" hits="0" branch="false"/>
							</lines>
						</method>
						<method name="getName" signature="(JLjava/util/Locale;)Ljava/lang/String;" line-rate="0.0" branch-rate="0.0">
							<lines>
								<line number="783" hits="0" branch="true" condition-coverage="0% (0/2)">
									<conditions>
										<condition number="0" type="jump" coverage="0%"/>
									</conditions>
								</line>
								<line number="784" hits="0" branch="false"/>
								<line number="786" hits="0" branch="false"/>
								<line number="787" hits="0" branch="true" condition-coverage="0% (0/2)">
									<conditions>
										<condition number="0" type="jump" coverage="0%"/>
									</conditions>
								</line>
								<line number="788" hits="0" branch="false"/>
								<line number="790" hits="0" branch="false"/>
								<line number="791" hits="0" branch="true" condition-coverage="0% (0/2)">
									<conditions>
										<condition number="0" type="jump" coverage="0%"/>
									</conditions>
								</line>
								<line number="792" hits="0" branch="false"/>
								<line number="794" hits="0" branch="false"/>
							</lines>
						</method>
						<method name="getNameProvider" signature="()Lorg/joda/time/tz/NameProvider;" line-rate="0.0" branch-rate="1.0">
							<lines>
								<line number="486" hits="0" branch="false"/>
							</lines>
						</method>
						<method name="getOffset" signature="(Lorg/joda/time/ReadableInstant;)I" line-rate="0.0" branch-rate="0.0">
							<lines>
								<line number="812" hits="0" branch="true" condition-coverage="0% (0/2)">
									<conditions>
										<condition number="0" type="jump" coverage="0%"/>
									</conditions>
								</line>
								<line number="813" hits="0" branch="false"/>
								<line number="815" hits="0" branch="false"/>
							</lines>
						</method>
						<method name="getOffsetFromLocal" signature="(J)I" line-rate="0.0" branch-rate="0.0">
							<lines>
								<line number="881" hits="0" branch="false"/>
								<line number="883" hits="0" branch="false"/>
								<line number="884" hits="0" branch="false"/>
								<line number="886" hits="0" branch="true" condition-coverage="0% (0/2)">
									<conditions>
										<condition number="0" type="jump" coverage="0%"/>
									</conditions>
								</line>
								<line number="889" hits="0" branch="true" condition-coverage="0% (0/2)">
									<conditions>
										<condition number="0" type="jump" coverage="0%"/>
									</conditions>
								</line>
								<line number="893" hits="0" branch="false"/>
								<line number="894" hits="0" branch="false"/>
								<line number="895" hits="0" branch="true" condition-coverage="0% (0/2)">
									<conditions>
										<condition number="0" type="jump" coverage="0%"/>
									</conditions>
								</line>
								<line number="896" hits="0" branch="false"/>
								<line number="898" hits="0" branch="false"/>
								<line number="899" hits="0" branch="true" condition-coverage="0% (0/2)">
									<conditions>
										<condition number="0" type="jump" coverage="0%"/>
									</conditions>
								</line>
								<line number="900" hits="0" branch="false"/>
								<line number="901" hits="0" branch="true" condition-coverage="0% (0/2)">
									<conditions>
										<condition number="0" type="jump" coverage="0%"/>
									</conditions>
								</line>
								<line number="902" hits="0" branch="false"/>
								<line number="903" hits="0" branch="false"/>
								<line number="904" hits="0" branch="true" condition-coverage="0% (0/2)">
									<conditions>
										<condition number="0" type="jump" coverage="0%"/>
									</conditions>
								</line>
								<line number="905" hits="0" branch="false"/>
								<line number="909" hits="0" branch="false"/>
							</lines>
						</method>
						<method name="getProvider" signature="()Lorg/joda/time/tz/Provider;" line-rate="0.0" branch-rate="1.0">
							<lines>
								<line number="387" hits="0" branch="false"/>
							</lines>
						</method>
						<method name="getShortName" signature="(J)Ljava/lang/String;" line-rate="0.0" branch-rate="1.0">
							<lines>
								<line number="728" hits="0" branch="false"/>
							</lines>
						</method>
						<method name="getShortName" signature="(JLjava/util/Locale;)Ljava/lang/String;" line-rate="0.0" branch-rate="0.0">
							<lines>
								<line number="743" hits="0" branch="true" condition-coverage="0% (0/2)">
									<conditions>
										<condition number="0" type="jump" coverage="0%"/>
									</conditions>
								</line>
								<line number="744" hits="0" branch="false"/>
								<line number="746" hits="0" branch="false"/>
								<line number="747" hits="0" branch="true" condition-coverage="0% (0/2)">
									<conditions>
										<condition number="0" type="jump" coverage="0%"/>
									</conditions>
								</line>
								<line number="748" hits="0" branch="false"/>
								<line number="750" hits="0" branch="false"/>
								<line number="751" hits="0" branch="true" condition-coverage="0% (0/2)">
									<conditions>
										<condition number="0" type="jump" coverage="0%"/>
									</conditions>
								</line>
								<line number="752" hits="0" branch="false"/>
								<line number="754" hits="0" branch="false"/>
							</lines>
						</method>
						<method name="hashCode" signature="()I" line-rate="0.0" branch-rate="1.0">
							<lines>
								<line number="1226" hits="0" branch="false"/>
							</lines>
						</method>
						<method name="isLocalDateTimeGap" signature="(Lorg/joda/time/LocalDateTime;)Z" line-rate="0.0" branch-rate="0.0">
							<lines>
								<line number="1144" hits="0" branch="true" condition-coverage="0% (0/2)">
									<conditions>
										<condition number="0" type="jump" coverage="0%"/>
									</conditions>
								</line>
								<line number="1145" hits="0" branch="false"/>
								<line number="1148" hits="0" branch="false"/>
								<line number="1149" hits="0" branch="false"/>
								<line number="1150" hits="0" branch="false"/>
								<line number="1151" hits="0" branch="false"/>
							</lines>
						</method>
						<method name="isStandardOffset" signature="(J)Z" line-rate="0.0" branch-rate="0.0">
							<lines>
								<line number="843" hits="0" branch="true" condition-coverage="0% (0/2)">
									<conditions>
										<condition number="0" type="jump" coverage="0%"/>
									</conditions>
								</line>
							</lines>
						</method>
						<method name="offsetFormatter" signature="()Lorg/joda/time/format/DateTimeFormatter;" line-rate="0.0" branch-rate="0.0">
							<lines>
								<line number="669" hits="0" branch="true" condition-coverage="0% (0/2)">
									<conditions>
										<condition number="0" type="jump" coverage="0%"/>
									</conditions>
								</line>
								<line number="670" hits="0" branch="false"/>
								<line number="674" hits="0" branch="false"/>
							</lines>
						</method>
						<method name="parseOffset" signature="(Ljava/lang/String;)I" line-rate="0.0" branch-rate="1.0">
							<lines>
								<line number="603" hits="0" branch="false"/>
								<line number="617" hits="0" branch="false"/>
							</lines>
						</method>
						<method name="printOffset" signature="(I)Ljava/lang/String;" line-rate="0.5217391304347826" branch-rate="0.3333333333333333">
							<lines>
								<line number="630" hits="1" branch="false"/>
								<line number="631" hits="1" branch="true" condition-coverage="50% (1/2)">
									<conditions>
										<condition number="0" type="jump" coverage="50%"/>
									</conditions>
								</line>
								<line number="632" hits="1" branch="false"/>
								<line number="634" hits="0" branch="false"/>
								<line number="635" hits="0" branch="false"/>
								<line number="638" hits="1" branch="false"/>
								<line number="639" hits="1" branch="false"/>
								<line number="640" hits="1" branch="false"/>
								<line number="642" hits="1" branch="false"/>
								<line number="643" hits="1" branch="false"/>
								<line number="644" hits="1" branch="false"/>
								<line number="645" hits="1" branch="false"/>
								<line number="646" hits="1" branch="true" condition-coverage="50% (1/2)">
									<conditions>
										<condition number="0" type="jump" coverage="50%"/>
									</conditions>
								</line>
								<line number="647" hits="1" branch="false"/>
								<line number="650" hits="0" branch="false"/>
								<line number="651" hits="0" branch="false"/>
								<line number="652" hits="0" branch="false"/>
								<line number="653" hits="0" branch="false"/>
								<line number="654" hits="0" branch="true" condition-coverage="0% (0/2)">
									<conditions>
										<condition number="0" type="jump" coverage="0%"/>
									</conditions>
								</line>
								<line number="655" hits="0" branch="false"/>
								<line number="658" hits="0" branch="false"/>
								<line number="659" hits="0" branch="false"/>
								<line number="660" hits="0" branch="false"/>
							</lines>
						</method>
						<method name="setDefault" signature="(Lorg/joda/time/DateTimeZone;)V" line-rate="0.7777777777777778" branch-rate="0.5">
							<lines>
								<line number="174" hits="4" branch="false"/>
								<line number="175" hits="4" branch="true" condition-coverage="50% (1/2)">
									<conditions>
										<condition number="0" type="jump" coverage="50%"/>
									</conditions>
								</line>
								<line number="176" hits="0" branch="false"/>
								<line number="178" hits="4" branch="true" condition-coverage="50% (1/2)">
									<conditions>
										<condition number="0" type="jump" coverage="50%"/>
									</conditions>
								</line>
								<line number="179" hits="0" branch="false"/>
								<line number="181" hits="4" branch="false"/>
								<line number="182" hits="4" branch="false"/>
								<line number="183" hits="4" branch="false"/>
								<line number="184" hits="4" branch="false"/>
							</lines>
						</method>
						<method name="setNameProvider" signature="(Lorg/joda/time/tz/NameProvider;)V" line-rate="0.0" branch-rate="0.0">
							<lines>
								<line number="500" hits="0" branch="false"/>
								<line number="501" hits="0" branch="true" condition-coverage="0% (0/2)">
									<conditions>
										<condition number="0" type="jump" coverage="0%"/>
									</conditions>
								</line>
								<line number="502" hits="0" branch="false"/>
								<line number="504" hits="0" branch="false"/>
								<line number="505" hits="0" branch="false"/>
							</lines>
						</method>
						<method name="setNameProvider0" signature="(Lorg/joda/time/tz/NameProvider;)V" line-rate="1.0" branch-rate="0.5">
							<lines>
								<line number="514" hits="1" branch="true" condition-coverage="50% (1/2)">
									<conditions>
										<condition number="0" type="jump" coverage="50%"/>
									</conditions>
								</line>
								<line number="515" hits="1" branch="false"/>
								<line number="517" hits="1" branch="false"/>
								<line number="518" hits="1" branch="false"/>
							</lines>
						</method>
						<method name="setProvider" signature="(Lorg/joda/time/tz/Provider;)V" line-rate="0.0" branch-rate="0.0">
							<lines>
								<line number="401" hits="0" branch="false"/>
								<line number="402" hits="0" branch="true" condition-coverage="0% (0/2)">
									<conditions>
										<condition number="0" type="jump" coverage="0%"/>
									</conditions>
								</line>
								<line number="403" hits="0" branch="false"/>
								<line number="405" hits="0" branch="false"/>
								<line number="406" hits="0" branch="false"/>
							</lines>
						</method>
						<method name="setProvider0" signature="(Lorg/joda/time/tz/Provider;)V" line-rate="0.75" branch-rate="0.5">
							<lines>
								<line number="415" hits="1" branch="true" condition-coverage="50% (1/2)">
									<conditions>
										<condition number="0" type="jump" coverage="50%"/>
									</conditions>
								</line>
								<line number="416" hits="1" branch="false"/>
								<line number="418" hits="1" branch="false"/>
								<line number="419" hits="1" branch="true" condition-coverage="50% (2/4)">
									<conditions>
										<condition number="0" type="jump" coverage="50%"/>
										<condition number="1" type="jump" coverage="50%"/>
									</conditions>
								</line>
								<line number="420" hits="0" branch="false"/>
								<line number="423" hits="1" branch="true" condition-coverage="50% (1/2)">
									<conditions>
										<condition number="0" type="jump" coverage="50%"/>
									</conditions>
								</line>
								<line number="424" hits="0" branch="false"/>
								<line number="426" hits="1" branch="true" condition-coverage="50% (1/2)">
									<conditions>
										<condition number="0" type="jump" coverage="50%"/>
									</conditions>
								</line>
								<line number="427" hits="0" branch="false"/>
								<line number="429" hits="1" branch="false"/>
								<line number="430" hits="1" branch="false"/>
								<line number="431" hits="1" branch="false"/>
							</lines>
						</method>
						<method name="toString" signature="()Ljava/lang/String;" line-rate="0.0" branch-rate="1.0">
							<lines>
[...]
								<line number="78" hits="0" branch="true" condition-coverage="0% (0/6)">
									<conditions>
										<condition number="0" type="jump" coverage="0%"/>
										<condition number="1" type="jump" coverage="0%"/>
										<condition number="2" type="jump" coverage="0%"/>
									</conditions>
								</line>
								<line number="81" hits="0" branch="false"/>
								<line number="84" hits="0" branch="false"/>
							</lines>
						</method>
					</methods>
					<lines>
						<line number="38" hits="2" branch="false"/>
						<line number="39" hits="2" branch="false"/>
						<line number="40" hits="2" branch="false"/>
						<line number="41" hits="2" branch="false"/>
						<line number="42" hits="2" branch="false"/>
						<line number="45" hits="0" branch="false"/>
						<line number="49" hits="14" branch="false"/>
						<line number="53" hits="0" branch="false"/>
						<line number="57" hits="2" branch="false"/>
						<line number="61" hits="2" branch="false"/>
						<line number="65" hits="0" branch="false"/>
						<line number="69" hits="0" branch="false"/>
						<line number="77" hits="0" branch="false"/>
						<line number="78" hits="0" branch="true" condition-coverage="0% (0/6)">
							<conditions>
								<condition number="0" type="jump" coverage="0%"/>
								<condition number="1" type="jump" coverage="0%"/>
								<condition number="2" type="jump" coverage="0%"/>
							</conditions>
						</line>
						<line number="81" hits="0" branch="false"/>
						<line number="84" hits="0" branch="false"/>
						<line number="88" hits="1" branch="true" condition-coverage="50% (1/2)">
							<conditions>
								<condition number="0" type="jump" coverage="50%"/>
							</conditions>
						</line>
						<line number="89" hits="1" branch="false"/>
						<line number="91" hits="0" branch="true" condition-coverage="0% (0/2)">
							<conditions>
								<condition number="0" type="jump" coverage="0%"/>
							</conditions>
						</line>
						<line number="92" hits="0" branch="false"/>
						<line number="93" hits="0" branch="true" condition-coverage="0% (0/6)">
							<conditions>
								<condition number="0" type="jump" coverage="0%"/>
								<condition number="1" type="jump" coverage="0%"/>
								<condition number="2" type="jump" coverage="0%"/>
							</conditions>
						</line>
						<line number="98" hits="0" branch="false"/>
						<line number="102" hits="5" branch="false"/>
					</lines>
				</class>
				<class name="org.joda.time.tz.NameProvider" filename="org/joda/time/tz/NameProvider.java" line-rate="1.0" branch-rate="1.0" complexity="1.0">
					<methods>
					</methods>
					<lines>
					</lines>
				</class>
				<class name="org.joda.time.tz.Provider" filename="org/joda/time/tz/Provider.java" line-rate="1.0" branch-rate="1.0" complexity="1.0">
					<methods>
					</methods>
					<lines>
					</lines>
				</class>
				<class name="org.joda.time.tz.ZoneInfoProvider" filename="org/joda/time/tz/ZoneInfoProvider.java" line-rate="0.5934065934065934" branch-rate="0.47368421052631576" complexity="4.2727272727272725">
					<methods>
						<method name="&lt;init&gt;" signature="(Ljava/io/File;)V" line-rate="0.0" branch-rate="0.0">
							<lines>
								<line number="56" hits="0" branch="false"/>
								<line number="57" hits="0" branch="true" condition-coverage="0% (0/2)">
									<conditions>
										<condition number="0" type="jump" coverage="0%"/>
									</conditions>
								</line>
								<line number="58" hits="0" branch="false"/>
								<line number="60" hits="0" branch="true" condition-coverage="0% (0/2)">
									<conditions>
										<condition number="0" type="jump" coverage="0%"/>
									</conditions>
								</line>
								<line number="61" hits="0" branch="false"/>
								<line number="63" hits="0" branch="true" condition-coverage="0% (0/2)">
									<conditions>
										<condition number="0" type="jump" coverage="0%"/>
									</conditions>
								</line>
								<line number="64" hits="0" branch="false"/>
								<line number="67" hits="0" branch="false"/>
								<line number="68" hits="0" branch="false"/>
								<line number="69" hits="0" branch="false"/>
								<line number="71" hits="0" branch="false"/>
								<line number="72" hits="0" branch="false"/>
							</lines>
						</method>
						<method name="&lt;init&gt;" signature="(Ljava/lang/String;)V" line-rate="1.0" branch-rate="1.0">
							<lines>
								<line number="82" hits="1" branch="false"/>
								<line number="83" hits="1" branch="false"/>
							</lines>
						</method>
						<method name="&lt;init&gt;" signature="(Ljava/lang/String;Ljava/lang/ClassLoader;)V" line-rate="0.0" branch-rate="1.0">
							<lines>
								<line number="96" hits="0" branch="false"/>
								<line number="97" hits="0" branch="false"/>
							</lines>
						</method>
						<method name="&lt;init&gt;" signature="(Ljava/lang/String;Ljava/lang/ClassLoader;Z)V" line-rate="0.9166666666666666" branch-rate="0.5">
							<lines>
								<line number="106" hits="1" branch="false"/>
								<line number="107" hits="1" branch="true" condition-coverage="50% (1/2)">
									<conditions>
										<condition number="0" type="jump" coverage="50%"/>
									</conditions>
								</line>
								<line number="108" hits="0" branch="false"/>
								<line number="110" hits="1" branch="true" condition-coverage="50% (1/2)">
									<conditions>
										<condition number="0" type="jump" coverage="50%"/>
									</conditions>
								</line>
								<line number="111" hits="1" branch="false"/>
								<line number="114" hits="1" branch="false"/>
								<line number="115" hits="1" branch="false"/>
								<line number="117" hits="1" branch="true" condition-coverage="50% (2/4)">
									<conditions>
										<condition number="0" type="jump" coverage="50%"/>
										<condition number="1" type="jump" coverage="50%"/>
									</conditions>
								</line>
								<line number="118" hits="1" branch="false"/>
								<line number="121" hits="1" branch="false"/>
								<line number="123" hits="1" branch="false"/>
								<line number="124" hits="1" branch="false"/>
							</lines>
						</method>
						<method name="getAvailableIDs" signature="()Ljava/util/Set;" line-rate="1.0" branch-rate="1.0">
							<lines>
								<line number="174" hits="1" branch="false"/>
							</lines>
						</method>
						<method name="getZone" signature="(Ljava/lang/String;)Lorg/joda/time/DateTimeZone;" line-rate="0.7142857142857143" branch-rate="0.6">
							<lines>
								<line number="136" hits="3" branch="true" condition-coverage="50% (1/2)">
									<conditions>
										<condition number="0" type="jump" coverage="50%"/>
									</conditions>
								</line>
								<line number="137" hits="0" branch="false"/>
								<line number="140" hits="3" branch="false"/>
								<line number="141" hits="3" branch="true" condition-coverage="50% (1/2)">
									<conditions>
										<condition number="0" type="jump" coverage="50%"/>
									</conditions>
								</line>
								<line number="142" hits="0" branch="false"/>
								<line number="145" hits="3" branch="true" condition-coverage="100% (2/2)">
									<conditions>
										<condition number="0" type="jump" coverage="100%"/>
									</conditions>
								</line>
								<line number="147" hits="2" branch="false"/>
								<line number="150" hits="1" branch="true" condition-coverage="50% (1/2)">
									<conditions>
										<condition number="0" type="jump" coverage="50%"/>
									</conditions>
								</line>
								<line number="152" hits="1" branch="false"/>
								<line number="153" hits="1" branch="false"/>
								<line number="154" hits="1" branch="true" condition-coverage="50% (1/2)">
									<conditions>
										<condition number="0" type="jump" coverage="50%"/>
									</conditions>
								</line>
								<line number="155" hits="1" branch="false"/>
								<line number="158" hits="0" branch="false"/>
								<line number="162" hits="0" branch="false"/>
							</lines>
						</method>
						<method name="loadZoneData" signature="(Ljava/lang/String;)Lorg/joda/time/DateTimeZone;" line-rate="0.5714285714285714" branch-rate="0.5">
							<lines>
								<line number="224" hits="2" branch="false"/>
								<line number="226" hits="2" branch="false"/>
								<line number="227" hits="2" branch="false"/>
								<line number="228" hits="2" branch="false"/>
								<line number="229" hits="2" branch="false"/>
								<line number="230" hits="0" branch="false"/>
								<line number="231" hits="0" branch="false"/>
								<line number="232" hits="0" branch="false"/>
								<line number="233" hits="0" branch="false"/>
								<line number="235" hits="0" branch="false"/>
								<line number="236" hits="2" branch="true" condition-coverage="50% (1/2)">
									<conditions>
										<condition number="0" type="jump" coverage="50%"/>
									</conditions>
								</line>
								<line number="237" hits="2" branch="false"/>
								<line number="239" hits="0" branch="false"/>
								<line number="240" hits="4" branch="false"/>
							</lines>
						</method>
						<method name="loadZoneInfoMap" signature="(Ljava/io/InputStream;)Ljava/util/Map;" line-rate="0.7" branch-rate="1.0">
							<lines>
								<line number="252" hits="1" branch="false"/>
								<line number="253" hits="1" branch="false"/>
								<line number="255" hits="1" branch="false"/>
								<line number="257" hits="0" branch="false"/>
								<line number="258" hits="1" branch="false"/>
								<line number="259" hits="0" branch="false"/>
								<line number="260" hits="1" branch="false"/>
								<line number="261" hits="0" branch="false"/>
								<line number="262" hits="1" branch="false"/>
								<line number="263" hits="1" branch="false"/>
							</lines>
						</method>
						<method name="openResource" signature="(Ljava/lang/String;)Ljava/io/InputStream;" line-rate="0.6" branch-rate="0.375">
							<lines>
								<line number="196" hits="3" branch="true" condition-coverage="50% (1/2)">
									<conditions>
										<condition number="0" type="jump" coverage="50%"/>
									</conditions>
								</line>
								<line number="197" hits="0" branch="false"/>
								<line number="199" hits="3" branch="false"/>
								<line number="200" hits="3" branch="true" condition-coverage="50% (1/2)">
									<conditions>
										<condition number="0" type="jump" coverage="50%"/>
									</conditions>
								</line>
								<line number="201" hits="3" branch="false"/>
								<line number="203" hits="0" branch="false"/>
								<line number="205" hits="3" branch="true" condition-coverage="50% (1/2)">
									<conditions>
										<condition number="0" type="jump" coverage="50%"/>
									</conditions>
								</line>
								<line number="206" hits="0" branch="true" condition-coverage="0% (0/2)">
									<conditions>
										<condition number="0" type="jump" coverage="0%"/>
									</conditions>
								</line>
								<line number="211" hits="0" branch="false"/>
								<line number="214" hits="3" branch="false"/>
							</lines>
						</method>
						<method name="readZoneInfoMap" signature="(Ljava/io/DataInputStream;Ljava/util/Map;)V" line-rate="0.8181818181818182" branch-rate="1.0">
							<lines>
								<line number="274" hits="1" branch="false"/>
								<line number="275" hits="1" branch="false"/>
								<line number="276" hits="568" branch="true" condition-coverage="100% (2/2)">
									<conditions>
										<condition number="0" type="jump" coverage="100%"/>
									</conditions>
								</line>
								<line number="277" hits="567" branch="false"/>
								<line number="281" hits="1" branch="false"/>
								<line number="282" hits="568" branch="true" condition-coverage="100% (2/2)">
									<conditions>
										<condition number="0" type="jump" coverage="100%"/>
									</conditions>
								</line>
								<line number="284" hits="567" branch="false"/>
								<line number="285" hits="0" branch="false"/>
								<line number="286" hits="0" branch="false"/>
								<line number="287" hits="567" branch="false"/>
								<line number="289" hits="1" branch="false"/>
							</lines>
						</method>
						<method name="uncaughtException" signature="(Ljava/lang/Exception;)V" line-rate="0.0" branch-rate="1.0">
							<lines>
								<line number="183" hits="0" branch="false"/>
								<line number="184" hits="0" branch="false"/>
								<line number="185" hits="0" branch="false"/>
							</lines>
						</method>
					</methods>
					<lines>
						<line number="56" hits="0" branch="false"/>
						<line number="57" hits="0" branch="true" condition-coverage="0% (0/2)">
							<conditions>
								<condition number="0" type="jump" coverage="0%"/>
							</conditions>
						</line>
						<line number="58" hits="0" branch="false"/>
						<line number="60" hits="0" branch="true" condition-coverage="0% (0/2)">
							<conditions>
								<condition number="0" type="jump" coverage="0%"/>
							</conditions>
						</line>
						<line number="61" hits="0" branch="false"/>
						<line number="63" hits="0" branch="true" condition-coverage="0% (0/2)">
							<conditions>
								<condition number="0" type="jump" coverage="0%"/>
							</conditions>
						</line>
						<line number="64" hits="0" branch="false"/>
						<line number="67" hits="0" branch="false"/>
						<line number="68" hits="0" branch="false"/>
						<line number="69" hits="0" branch="false"/>
						<line number="71" hits="0" branch="false"/>
						<line number="72" hits="0" branch="false"/>
						<line number="82" hits="1" branch="false"/>
						<line number="83" hits="1" branch="false"/>
						<line number="96" hits="0" branch="false"/>
						<line number="97" hits="0" branch="false"/>
						<line number="106" hits="1" branch="false"/>
						<line number="107" hits="1" branch="true" condition-coverage="50% (1/2)">
							<conditions>
								<condition number="0" type="jump" coverage="50%"/>
							</conditions>
						</line>
						<line number="108" hits="0" branch="false"/>
						<line number="110" hits="1" branch="true" condition-coverage="50% (1/2)">
							<conditions>
								<condition number="0" type="jump" coverage="50%"/>
							</conditions>
						</line>
						<line number="111" hits="1" branch="false"/>
						<line number="114" hits="1" branch="false"/>
						<line number="115" hits="1" branch="false"/>
						<line number="117" hits="1" branch="true" condition-coverage="50% (2/4)">
							<conditions>
								<condition number="0" type="jump" coverage="50%"/>
								<condition number="1" type="jump" coverage="50%"/>
							</conditions>
						</line>
						<line number="118" hits="1" branch="false"/>
						<line number="121" hits="1" branch="false"/>
						<line number="123" hits="1" branch="false"/>
						<line number="124" hits="1" branch="false"/>
						<line number="136" hits="3" branch="true" condition-coverage="50% (1/2)">
							<conditions>
								<condition number="0" type="jump" coverage="50%"/>
							</conditions>
						</line>
						<line number="137" hits="0" branch="false"/>
						<line number="140" hits="3" branch="false"/>
						<line number="141" hits="3" branch="true" condition-coverage="50% (1/2)">
							<conditions>
								<condition number="0" type="jump" coverage="50%"/>
							</conditions>
						</line>
						<line number="142" hits="0" branch="false"/>
						<line number="145" hits="3" branch="true" condition-coverage="100% (2/2)">
							<conditions>
								<condition number="0" type="jump" coverage="100%"/>
							</conditions>
						</line>
						<line number="147" hits="2" branch="false"/>
						<line number="150" hits="1" branch="true" condition-coverage="50% (1/2)">
							<conditions>
								<condition number="0" type="jump" coverage="50%"/>
							</conditions>
						</line>
						<line number="152" hits="1" branch="false"/>
						<line number="153" hits="1" branch="false"/>
						<line number="154" hits="1" branch="true" condition-coverage="50% (1/2)">
							<conditions>
								<condition number="0" type="jump" coverage="50%"/>
							</conditions>
						</line>
						<line number="155" hits="1" branch="false"/>
						<line number="158" hits="0" branch="false"/>
						<line number="162" hits="0" branch="false"/>
						<line number="174" hits="1" branch="false"/>
						<line number="183" hits="0" branch="false"/>
						<line number="184" hits="0" branch="false"/>
						<line number="185" hits="0" branch="false"/>
						<line number="196" hits="3" branch="true" condition-coverage="50% (1/2)">
							<conditions>
								<condition number="0" type="jump" coverage="50%"/>
							</conditions>
						</line>
						<line number="197" hits="0" branch="false"/>
						<line number="199" hits="3" branch="false"/>
						<line number="200" hits="3" branch="true" condition-coverage="50% (1/2)">
							<conditions>
								<condition number="0" type="jump" coverage="50%"/>
							</conditions>
						</line>
						<line number="201" hits="3" branch="false"/>
						<line number="203" hits="0" branch="false"/>
						<line number="205" hits="3" branch="true" condition-coverage="50% (1/2)">
							<conditions>
								<condition number="0" type="jump" coverage="50%"/>
							</conditions>
						</line>
						<line number="206" hits="0" branch="true" condition-coverage="0% (0/2)">
							<conditions>
								<condition number="0" type="jump" coverage="0%"/>
							</conditions>
						</line>
						<line number="211" hits="0" branch="false"/>
						<line number="214" hits="3" branch="false"/>
						<line number="224" hits="2" branch="false"/>
						<line number="226" hits="2" branch="false"/>
						<line number="227" hits="2" branch="false"/>
						<line number="228" hits="2" branch="false"/>
						<line number="229" hits="2" branch="false"/>
						<line number="230" hits="0" branch="false"/>
						<line number="231" hits="0" branch="false"/>
						<line number="232" hits="0" branch="false"/>
						<line number="233" hits="0" branch="false"/>
						<line number="235" hits="0" branch="false"/>
						<line number="236" hits="2" branch="true" condition-coverage="50% (1/2)">
							<conditions>
								<condition number="0" type="jump" coverage="50%"/>
							</conditions>
						</line>
						<line number="237" hits="2" branch="false"/>
						<line number="239" hits="0" branch="false"/>
						<line number="240" hits="4" branch="false"/>
						<line number="252" hits="1" branch="false"/>
						<line number="253" hits="1" branch="false"/>
						<line number="255" hits="1" branch="false"/>
						<line number="257" hits="0" branch="false"/>
						<line number="258" hits="1" branch="false"/>
						<line number="259" hits="0" branch="false"/>
						<line number="260" hits="1" branch="false"/>
						<line number="261" hits="0" branch="false"/>
						<line number="262" hits="1" branch="false"/>
						<line number="263" hits="1" branch="false"/>
						<line number="274" hits="1" branch="false"/>
						<line number="275" hits="1" branch="false"/>
						<line number="276" hits="568" branch="true" condition-coverage="100% (2/2)">
							<conditions>
								<condition number="0" type="jump" coverage="100%"/>
							</conditions>
						</line>
						<line number="277" hits="567" branch="false"/>
						<line number="281" hits="1" branch="false"/>
						<line number="282" hits="568" branch="true" condition-coverage="100% (2/2)">
							<conditions>
								<condition number="0" type="jump" coverage="100%"/>
							</conditions>
						</line>
						<line number="284" hits="567" branch="false"/>
						<line number="285" hits="0" branch="false"/>
						<line number="286" hits="0" branch="false"/>
						<line number="287" hits="567" branch="false"/>
						<line number="289" hits="1" branch="false"/>
					</lines>
				</class>
			</classes>
		</package>
	</packages>
</coverage>
