<?xml version="1.0"?>
<!DOCTYPE coverage SYSTEM "http://cobertura.sourceforge.net/xml/coverage-04.dtd">

<coverage line-rate="0.00819672131147541" branch-rate="0.0" lines-covered="2" lines-valid="244" branches-covered="0" branches-valid="144" complexity="4.193548387096774" version="2.0.3" timestamp="1608049163835">
	<sources>
		<source>source</source>
	</sources>
	<packages>
		<package name="org.jfree.chart.imagemap" line-rate="0.0392156862745098" branch-rate="0.0" complexity="2.5">
			<classes>
				<class name="org.jfree.chart.imagemap.ImageMapUtilities" filename="org/jfree/chart/imagemap/ImageMapUtilities.java" line-rate="0.0" branch-rate="0.0" complexity="3.5">
					<methods>
						<method name="&lt;init&gt;" signature="()V" line-rate="0.0" branch-rate="1.0">
							<lines>
								<line number="63" hits="0" branch="false"/>
							</lines>
						</method>
						<method name="getImageMap" signature="(Ljava/lang/String;Lorg/jfree/chart/ChartRenderingInfo;)Ljava/lang/String;" line-rate="0.0" branch-rate="1.0">
							<lines>
								<line number="152" hits="0" branch="false"/>
							</lines>
						</method>
						<method name="getImageMap" signature="(Ljava/lang/String;Lorg/jfree/chart/ChartRenderingInfo;Lorg/jfree/chart/imagemap/ToolTipTagFragmentGenerator;Lorg/jfree/chart/imagemap/URLTagFragmentGenerator;)Ljava/lang/String;" line-rate="0.0" branch-rate="0.0">
							<lines>
								<line number="176" hits="0" branch="false"/>
								<line number="177" hits="0" branch="false"/>
								<line number="179" hits="0" branch="false"/>
								<line number="180" hits="0" branch="false"/>
								<line number="181" hits="0" branch="true" condition-coverage="0% (0/2)">
									<conditions>
										<condition number="0" type="jump" coverage="0%"/>
									</conditions>
								</line>
								<line number="182" hits="0" branch="false"/>
								<line number="183" hits="0" branch="true" condition-coverage="0% (0/2)">
									<conditions>
										<condition number="0" type="jump" coverage="0%"/>
									</conditions>
								</line>
								<line number="184" hits="0" branch="false"/>
								<line number="185" hits="0" branch="true" condition-coverage="0% (0/4)">
									<conditions>
										<condition number="0" type="jump" coverage="0%"/>
										<condition number="1" type="jump" coverage="0%"/>
									</conditions>
								</line>
								<line number="187" hits="0" branch="false"/>
								<line number="190" hits="0" branch="true" condition-coverage="0% (0/2)">
									<conditions>
										<condition number="0" type="jump" coverage="0%"/>
									</conditions>
								</line>
								<line number="191" hits="0" branch="false"/>
								<line number="192" hits="0" branch="false"/>
								<line number="197" hits="0" branch="false"/>
								<line number="198" hits="0" branch="false"/>
							</lines>
						</method>
						<method name="htmlEscape" signature="(Ljava/lang/String;)Ljava/lang/String;" line-rate="0.0" branch-rate="0.0">
							<lines>
								<line number="213" hits="0" branch="true" condition-coverage="0% (0/2)">
									<conditions>
										<condition number="0" type="jump" coverage="0%"/>
									</conditions>
								</line>
								<line number="214" hits="0" branch="false"/>
								<line number="216" hits="0" branch="false"/>
								<line number="217" hits="0" branch="false"/>
								<line number="218" hits="0" branch="true" condition-coverage="0% (0/2)">
									<conditions>
										<condition number="0" type="jump" coverage="0%"/>
									</conditions>
								</line>
								<line number="219" hits="0" branch="false"/>
								<line number="220" hits="0" branch="true" condition-coverage="0% (0/2)">
									<conditions>
										<condition number="0" type="jump" coverage="0%"/>
									</conditions>
								</line>
								<line number="221" hits="0" branch="false"/>
								<line number="223" hits="0" branch="true" condition-coverage="0% (0/2)">
									<conditions>
										<condition number="0" type="jump" coverage="0%"/>
									</conditions>
								</line>
								<line number="224" hits="0" branch="false"/>
								<line number="226" hits="0" branch="true" condition-coverage="0% (0/2)">
									<conditions>
										<condition number="0" type="jump" coverage="0%"/>
									</conditions>
								</line>
								<line number="227" hits="0" branch="false"/>
								<line number="229" hits="0" branch="true" condition-coverage="0% (0/2)">
									<conditions>
										<condition number="0" type="jump" coverage="0%"/>
									</conditions>
								</line>
								<line number="230" hits="0" branch="false"/>
								<line number="232" hits="0" branch="true" condition-coverage="0% (0/2)">
									<conditions>
										<condition number="0" type="jump" coverage="0%"/>
									</conditions>
								</line>
								<line number="233" hits="0" branch="false"/>
								<line number="235" hits="0" branch="true" condition-coverage="0% (0/2)">
									<conditions>
										<condition number="0" type="jump" coverage="0%"/>
									</conditions>
								</line>
								<line number="236" hits="0" branch="false"/>
								<line number="239" hits="0" branch="false"/>
								<line number="242" hits="0" branch="false"/>
							</lines>
						</method>
						<method name="writeImageMap" signature="(Ljava/io/PrintWriter;Ljava/lang/String;Lorg/jfree/chart/ChartRenderingInfo;)V" line-rate="0.0" branch-rate="1.0">
							<lines>
								<line number="79" hits="0" branch="false"/>
								<line number="83" hits="0" branch="false"/>
							</lines>
						</method>
						<method name="writeImageMap" signature="(Ljava/io/PrintWriter;Ljava/lang/String;Lorg/jfree/chart/ChartRenderingInfo;Lorg/jfree/chart/imagemap/ToolTipTagFragmentGenerator;Lorg/jfree/chart/imagemap/URLTagFragmentGenerator;)V" line-rate="0.0" branch-rate="1.0">
							<lines>
								<line number="138" hits="0" branch="false"/>
								<line number="140" hits="0" branch="false"/>
							</lines>
						</method>
						<method name="writeImageMap" signature="(Ljava/io/PrintWriter;Ljava/lang/String;Lorg/jfree/chart/ChartRenderingInfo;Z)V" line-rate="0.0" branch-rate="0.0">
							<lines>
								<line number="102" hits="0" branch="false"/>
								<line number="103" hits="0" branch="true" condition-coverage="0% (0/2)">
									<conditions>
										<condition number="0" type="jump" coverage="0%"/>
									</conditions>
								</line>
								<line number="104" hits="0" branch="false"/>
								<line number="108" hits="0" branch="false"/>
								<line number="111" hits="0" branch="false"/>
								<line number="115" hits="0" branch="false"/>
							</lines>
						</method>
					</methods>
					<lines>
						<line number="63" hits="0" branch="false"/>
						<line number="79" hits="0" branch="false"/>
						<line number="83" hits="0" branch="false"/>
						<line number="102" hits="0" branch="false"/>
						<line number="103" hits="0" branch="true" condition-coverage="0% (0/2)">
							<conditions>
								<condition number="0" type="jump" coverage="0%"/>
							</conditions>
						</line>
						<line number="104" hits="0" branch="false"/>
						<line number="108" hits="0" branch="false"/>
						<line number="111" hits="0" branch="false"/>
						<line number="115" hits="0" branch="false"/>
						<line number="138" hits="0" branch="false"/>
						<line number="140" hits="0" branch="false"/>
						<line number="152" hits="0" branch="false"/>
						<line number="176" hits="0" branch="false"/>
						<line number="177" hits="0" branch="false"/>
						<line number="179" hits="0" branch="false"/>
						<line number="180" hits="0" branch="false"/>
						<line number="181" hits="0" branch="true" condition-coverage="0% (0/2)">
							<conditions>
								<condition number="0" type="jump" coverage="0%"/>
							</conditions>
						</line>
						<line number="182" hits="0" branch="false"/>
						<line number="183" hits="0" branch="true" condition-coverage="0% (0/2)">
							<conditions>
								<condition number="0" type="jump" coverage="0%"/>
							</conditions>
						</line>
						<line number="184" hits="0" branch="false"/>
						<line number="185" hits="0" branch="true" condition-coverage="0% (0/4)">
							<conditions>
								<condition number="0" type="jump" coverage="0%"/>
								<condition number="1" type="jump" coverage="0%"/>
							</conditions>
						</line>
						<line number="187" hits="0" branch="false"/>
						<line number="190" hits="0" branch="true" condition-coverage="0% (0/2)">
							<conditions>
								<condition number="0" type="jump" coverage="0%"/>
							</conditions>
						</line>
						<line number="191" hits="0" branch="false"/>
						<line number="192" hits="0" branch="false"/>
						<line number="197" hits="0" branch="false"/>
						<line number="198" hits="0" branch="false"/>
						<line number="213" hits="0" branch="true" condition-coverage="0% (0/2)">
							<conditions>
								<condition number="0" type="jump" coverage="0%"/>
							</conditions>
						</line>
						<line number="214" hits="0" branch="false"/>
						<line number="216" hits="0" branch="false"/>
						<line number="217" hits="0" branch="false"/>
						<line number="218" hits="0" branch="true" condition-coverage="0% (0/2)">
							<conditions>
								<condition number="0" type="jump" coverage="0%"/>
							</conditions>
						</line>
						<line number="219" hits="0" branch="false"/>
						<line number="220" hits="0" branch="true" condition-coverage="0% (0/2)">
							<conditions>
								<condition number="0" type="jump" coverage="0%"/>
							</conditions>
						</line>
						<line number="221" hits="0" branch="false"/>
						<line number="223" hits="0" branch="true" condition-coverage="0% (0/2)">
							<conditions>
								<condition number="0" type="jump" coverage="0%"/>
							</conditions>
						</line>
						<line number="224" hits="0" branch="false"/>
						<line number="226" hits="0" branch="true" condition-coverage="0% (0/2)">
							<conditions>
								<condition number="0" type="jump" coverage="0%"/>
							</conditions>
						</line>
						<line number="227" hits="0" branch="false"/>
						<line number="229" hits="0" branch="true" condition-coverage="0% (0/2)">
							<conditions>
								<condition number="0" type="jump" coverage="0%"/>
							</conditions>
						</line>
						<line number="230" hits="0" branch="false"/>
						<line number="232" hits="0" branch="true" condition-coverage="0% (0/2)">
							<conditions>
								<condition number="0" type="jump" coverage="0%"/>
							</conditions>
						</line>
						<line number="233" hits="0" branch="false"/>
						<line number="235" hits="0" branch="true" condition-coverage="0% (0/2)">
							<conditions>
								<condition number="0" type="jump" coverage="0%"/>
							</conditions>
						</line>
						<line number="236" hits="0" branch="false"/>
						<line number="239" hits="0" branch="false"/>
						<line number="242" hits="0" branch="false"/>
					</lines>
				</class>
				<class name="org.jfree.chart.imagemap.OverLIBToolTipTagFragmentGenerator" filename="org/jfree/chart/imagemap/OverLIBToolTipTagFragmentGenerator.java" line-rate="0.0" branch-rate="1.0" complexity="1.0">
					<methods>
						<method name="&lt;init&gt;" signature="()V" line-rate="0.0" branch-rate="1.0">
							<lines>
								<line number="46" hits="0" branch="false"/>
							</lines>
						</method>
						<method name="generateToolTipFragment" signature="(Ljava/lang/String;)Ljava/lang/String;" line-rate="0.0" branch-rate="1.0">
							<lines>
								<line number="57" hits="0" branch="false"/>
							</lines>
						</method>
					</methods>
					<lines>
						<line number="46" hits="0" branch="false"/>
						<line number="57" hits="0" branch="false"/>
					</lines>
				</class>
				<class name="org.jfree.chart.imagemap.StandardToolTipTagFragmentGenerator" filename="org/jfree/chart/imagemap/StandardToolTipTagFragmentGenerator.java" line-rate="1.0" branch-rate="1.0" complexity="1.0">
					<methods>
						<method name="&lt;init&gt;" signature="()V" line-rate="1.0" branch-rate="1.0">
							<lines>
								<line number="45" hits="1" branch="false"/>
							</lines>
						</method>
						<method name="generateToolTipFragment" signature="(Ljava/lang/String;)Ljava/lang/String;" line-rate="1.0" branch-rate="1.0">
							<lines>
								<line number="56" hits="2" branch="false"/>
							</lines>
						</method>
					</methods>
					<lines>
						<line number="45" hits="1" branch="false"/>
						<line number="56" hits="2" branch="false"/>
					</lines>
				</class>
				<class name="org.jfree.chart.imagemap.ToolTipTagFragmentGenerator" filename="org/jfree/chart/imagemap/ToolTipTagFragmentGenerator.java" line-rate="1.0" branch-rate="1.0" complexity="1.0">
					<methods>
					</methods>
					<lines>
					</lines>
				</class>
				<class name="org.jfree.chart.imagemap.URLTagFragmentGenerator" filename="org/jfree/chart/imagemap/URLTagFragmentGenerator.java" line-rate="1.0" branch-rate="1.0" complexity="1.0">
					<methods>
					</methods>
					<lines>
					</lines>
				</class>
			</classes>
		</package>
		<package name="org.jfree.chart.util" line-rate="0.0" branch-rate="0.0" complexity="5.0">
			<classes>
				<class name="org.jfree.chart.util.ShapeUtilities" filename="org/jfree/chart/util/ShapeUtilities.java" line-rate="0.0" branch-rate="0.0" complexity="5.0">
					<methods>
						<method name="&lt;clinit&gt;" signature="()V" line-rate="0.0" branch-rate="1.0">
							<lines>
								<line number="389" hits="0" branch="false"/>
							</lines>
						</method>
						<method name="&lt;init&gt;" signature="()V" line-rate="0.0" branch-rate="1.0">
							<lines>
								<line number="84" hits="0" branch="false"/>
								<line number="85" hits="0" branch="false"/>
							</lines>
						</method>
						<method name="clone" signature="(Ljava/awt/Shape;)Ljava/awt/Shape;" line-rate="0.0" branch-rate="0.0">
							<lines>
								<line number="103" hits="0" branch="true" condition-coverage="0% (0/2)">
									<conditions>
										<condition number="0" type="jump" coverage="0%"/>
									</conditions>
								</line>
								<line number="105" hits="0" branch="false"/>
								<line number="107" hits="0" branch="false"/>
								<line number="110" hits="0" branch="false"/>
								<line number="111" hits="0" branch="false"/>
							</lines>
						</method>
						<method name="contains" signature="(Ljava/awt/geom/Rectangle2D;Ljava/awt/geom/Rectangle2D;)Z" line-rate="0.0" branch-rate="0.0">
							<lines>
								<line number="562" hits="0" branch="false"/>
								<line number="563" hits="0" branch="false"/>
								<line number="564" hits="0" branch="false"/>
								<line number="565" hits="0" branch="false"/>
								<line number="566" hits="0" branch="false"/>
								<line number="567" hits="0" branch="false"/>
								<line number="569" hits="0" branch="true" condition-coverage="0% (0/8)">
									<conditions>
										<condition number="0" type="jump" coverage="0%"/>
										<condition number="1" type="jump" coverage="0%"/>
										<condition number="2" type="jump" coverage="0%"/>
										<condition number="3" type="jump" coverage="0%"/>
									</conditions>
								</line>
							</lines>
						</method>
						<method name="createDiagonalCross" signature="(FF)Ljava/awt/Shape;" line-rate="0.0" branch-rate="1.0">
							<lines>
								<line number="400" hits="0" branch="false"/>
								<line number="401" hits="0" branch="false"/>
								<line number="402" hits="0" branch="false"/>
								<line number="403" hits="0" branch="false"/>
								<line number="404" hits="0" branch="false"/>
								<line number="405" hits="0" branch="false"/>
								<line number="406" hits="0" branch="false"/>
								<line number="407" hits="0" branch="false"/>
								<line number="408" hits="0" branch="false"/>
								<line number="409" hits="0" branch="false"/>
								<line number="410" hits="0" branch="false"/>
								<line number="411" hits="0" branch="false"/>
								<line number="412" hits="0" branch="false"/>
								<line number="413" hits="0" branch="false"/>
								<line number="414" hits="0" branch="false"/>
							</lines>
						</method>
						<method name="createDiamond" signature="(F)Ljava/awt/Shape;" line-rate="0.0" branch-rate="1.0">
							<lines>
								<line number="451" hits="0" branch="false"/>
								<line number="452" hits="0" branch="false"/>
								<line number="453" hits="0" branch="false"/>
								<line number="454" hits="0" branch="false"/>
								<line number="455" hits="0" branch="false"/>
								<line number="456" hits="0" branch="false"/>
								<line number="457" hits="0" branch="false"/>
							</lines>
						</method>
						<method name="createDownTriangle" signature="(F)Ljava/awt/Shape;" line-rate="0.0" branch-rate="1.0">
							<lines>
								<line number="484" hits="0" branch="false"/>
								<line number="485" hits="0" branch="false"/>
								<line number="486" hits="0" branch="false"/>
								<line number="487" hits="0" branch="false"/>
								<line number="488" hits="0" branch="false"/>
								<line number="489" hits="0" branch="false"/>
							</lines>
						</method>
						<method name="createLineRegion" signature="(Ljava/awt/geom/Line2D;F)Ljava/awt/Shape;" line-rate="0.0" branch-rate="0.0">
							<lines>
								<line number="503" hits="0" branch="false"/>
								<line number="504" hits="0" branch="false"/>
								<line number="505" hits="0" branch="false"/>
								<line number="506" hits="0" branch="false"/>
								<line number="507" hits="0" branch="false"/>
								<line number="508" hits="0" branch="true" condition-coverage="0% (0/2)">
									<conditions>
										<condition number="0" type="jump" coverage="0%"/>
									</conditions>
								</line>
								<line number="509" hits="0" branch="false"/>
								<line number="510" hits="0" branch="false"/>
								<line number="511" hits="0" branch="false"/>
								<line number="512" hits="0" branch="false"/>
								<line number="513" hits="0" branch="false"/>
								<line number="514" hits="0" branch="false"/>
								<line number="515" hits="0" branch="false"/>
								<line number="516" hits="0" branch="false"/>
								<line number="517" hits="0" branch="false"/>
								<line number="520" hits="0" branch="false"/>
								<line number="521" hits="0" branch="false"/>
								<line number="522" hits="0" branch="false"/>
								<line number="523" hits="0" branch="false"/>
								<line number="524" hits="0" branch="false"/>
								<line number="526" hits="0" branch="false"/>
							</lines>
						</method>
						<method name="createRegularCross" signature="(FF)Ljava/awt/Shape;" line-rate="0.0" branch-rate="1.0">
							<lines>
								<line number="426" hits="0" branch="false"/>
								<line number="427" hits="0" branch="false"/>
								<line number="428" hits="0" branch="false"/>
								<line number="429" hits="0" branch="false"/>
								<line number="430" hits="0" branch="false"/>
								<line number="431" hits="0" branch="false"/>
								<line number="432" hits="0" branch="false"/>
								<line number="433" hits="0" branch="false"/>
								<line number="434" hits="0" branch="false"/>
								<line number="435" hits="0" branch="false"/>
								<line number="436" hits="0" branch="false"/>
								<line number="437" hits="0" branch="false"/>
								<line number="438" hits="0" branch="false"/>
								<line number="439" hits="0" branch="false"/>
								<line number="440" hits="0" branch="false"/>
							</lines>
						</method>
						<method name="createTranslatedShape" signature="(Ljava/awt/Shape;DD)Ljava/awt/Shape;" line-rate="0.0" branch-rate="0.0">
							<lines>
								<line number="310" hits="0" branch="true" condition-coverage="0% (0/2)">
									<conditions>
										<condition number="0" type="jump" coverage="0%"/>
									</conditions>
								</line>
								<line number="311" hits="0" branch="false"/>
								<line number="313" hits="0" branch="false"/>
								<line number="315" hits="0" branch="false"/>
							</lines>
						</method>
						<method name="createTranslatedShape" signature="(Ljava/awt/Shape;Lorg/jfree/chart/util/RectangleAnchor;DD)Ljava/awt/Shape;" line-rate="0.0" branch-rate="0.0">
							<lines>
								<line number="334" hits="0" branch="true" condition-coverage="0% (0/2)">
									<conditions>
										<condition number="0" type="jump" coverage="0%"/>
									</conditions>
								</line>
								<line number="335" hits="0" branch="false"/>
								<line number="337" hits="0" branch="true" condition-coverage="0% (0/2)">
									<conditions>
										<condition number="0" type="jump" coverage="0%"/>
									</conditions>
								</line>
								<line number="338" hits="0" branch="false"/>
								<line number="340" hits="0" branch="false"/>
								<line number="342" hits="0" branch="false"/>
								<line number="344" hits="0" branch="false"/>
							</lines>
						</method>
						<method name="createUpTriangle" signature="(F)Ljava/awt/Shape;" line-rate="0.0" branch-rate="1.0">
							<lines>
								<line number="468" hits="0" branch="false"/>
								<line number="469" hits="0" branch="false"/>
								<line number="470" hits="0" branch="false"/>
								<line number="471" hits="0" branch="false"/>
								<line number="472" hits="0" branch="false"/>
								<line number="473" hits="0" branch="false"/>
							</lines>
						</method>
						<method name="drawRotatedShape" signature="(Ljava/awt/Graphics2D;Ljava/awt/Shape;DFF)V" line-rate="0.0" branch-rate="1.0">
							<lines>
								<line number="380" hits="0" branch="false"/>
								<line number="381" hits="0" branch="false"/>
								<line number="382" hits="0" branch="false"/>
								<line number="383" hits="0" branch="false"/>
								<line number="384" hits="0" branch="false"/>
								<line number="386" hits="0" branch="false"/>
							</lines>
						</method>
						<method name="equal" signature="(Ljava/awt/Polygon;Ljava/awt/Polygon;)Z" line-rate="0.0" branch-rate="0.0">
							<lines>
								<line number="237" hits="0" branch="true" condition-coverage="0% (0/2)">
									<conditions>
										<condition number="0" type="jump" coverage="0%"/>
									</conditions>
								</line>
								<line number="238" hits="0" branch="true" condition-coverage="0% (0/2)">
									<conditions>
										<condition number="0" type="jump" coverage="0%"/>
									</conditions>
								</line>
								<line number="240" hits="0" branch="true" condition-coverage="0% (0/2)">
									<conditions>
										<condition number="0" type="jump" coverage="0%"/>
									</conditions>
								</line>
								<line number="241" hits="0" branch="false"/>
								<line number="243" hits="0" branch="true" condition-coverage="0% (0/2)">
									<conditions>
										<condition number="0" type="jump" coverage="0%"/>
									</conditions>
								</line>
								<line number="244" hits="0" branch="false"/>
								<line number="246" hits="0" branch="true" condition-coverage="0% (0/2)">
									<conditions>
										<condition number="0" type="jump" coverage="0%"/>
									</conditions>
								</line>
								<line number="247" hits="0" branch="false"/>
								<line number="249" hits="0" branch="true" condition-coverage="0% (0/2)">
									<conditions>
										<condition number="0" type="jump" coverage="0%"/>
									</conditions>
								</line>
								<line number="250" hits="0" branch="false"/>
								<line number="252" hits="0" branch="false"/>
							</lines>
						</method>
						<method name="equal" signature="(Ljava/awt/Shape;Ljava/awt/Shape;)Z" line-rate="0.0" branch-rate="0.0">
							<lines>
								<line number="128" hits="0" branch="true" condition-coverage="0% (0/4)">
									<conditions>
										<condition number="0" type="jump" coverage="0%"/>
										<condition number="1" type="jump" coverage="0%"/>
									</conditions>
								</line>
								<line number="129" hits="0" branch="false"/>
								<line number="131" hits="0" branch="true" condition-coverage="0% (0/4)">
									<conditions>
										<condition number="0" type="jump" coverage="0%"/>
										<condition number="1" type="jump" coverage="0%"/>
									</conditions>
								</line>
								<line number="132" hits="0" branch="false"/>
								<line number="134" hits="0" branch="true" condition-coverage="0% (0/4)">
									<conditions>
										<condition number="0" type="jump" coverage="0%"/>
										<condition number="1" type="jump" coverage="0%"/>
									</conditions>
								</line>
								<line number="135" hits="0" branch="false"/>
								<line number="137" hits="0" branch="true" condition-coverage="0% (0/4)">
									<conditions>
										<condition number="0" type="jump" coverage="0%"/>
										<condition number="1" type="jump" coverage="0%"/>
									</conditions>
								</line>
								<line number="138" hits="0" branch="false"/>
								<line number="140" hits="0" branch="true" condition-coverage="0% (0/4)">
									<conditions>
										<condition number="0" type="jump" coverage="0%"/>
										<condition number="1" type="jump" coverage="0%"/>
									</conditions>
								</line>
								<line number="141" hits="0" branch="false"/>
								<line number="145" hits="0" branch="false"/>
							</lines>
						</method>
						<method name="equal" signature="(Ljava/awt/geom/Arc2D;Ljava/awt/geom/Arc2D;)Z" line-rate="0.0" branch-rate="0.0">
							<lines>
								<line number="206" hits="0" branch="true" condition-coverage="0% (0/2)">
									<conditions>
										<condition number="0" type="jump" coverage="0%"/>
									</conditions>
								</line>
								<line number="207" hits="0" branch="true" condition-coverage="0% (0/2)">
									<conditions>
										<condition number="0" type="jump" coverage="0%"/>
									</conditions>
								</line>
								<line number="209" hits="0" branch="true" condition-coverage="0% (0/2)">
									<conditions>
										<condition number="0" type="jump" coverage="0%"/>
									</conditions>
								</line>
								<line number="210" hits="0" branch="false"/>
								<line number="212" hits="0" branch="true" condition-coverage="0% (0/2)">
									<conditions>
										<condition number="0" type="jump" coverage="0%"/>
									</conditions>
								</line>
								<line number="213" hits="0" branch="false"/>
								<line number="215" hits="0" branch="true" condition-coverage="0% (0/2)">
									<conditions>
										<condition number="0" type="jump" coverage="0%"/>
									</conditions>
								</line>
								<line number="216" hits="0" branch="false"/>
								<line number="218" hits="0" branch="true" condition-coverage="0% (0/2)">
									<conditions>
										<condition number="0" type="jump" coverage="0%"/>
									</conditions>
								</line>
								<line number="219" hits="0" branch="false"/>
								<line number="221" hits="0" branch="true" condition-coverage="0% (0/2)">
									<conditions>
										<condition number="0" type="jump" coverage="0%"/>
									</conditions>
								</line>
								<line number="222" hits="0" branch="false"/>
								<line number="224" hits="0" branch="false"/>
							</lines>
						</method>
						<method name="equal" signature="(Ljava/awt/geom/Ellipse2D;Ljava/awt/geom/Ellipse2D;)Z" line-rate="0.0" branch-rate="0.0">
							<lines>
								<line number="184" hits="0" branch="true" condition-coverage="0% (0/2)">
									<conditions>
										<condition number="0" type="jump" coverage="0%"/>
									</conditions>
								</line>
								<line number="185" hits="0" branch="true" condition-coverage="0% (0/2)">
									<conditions>
										<condition number="0" type="jump" coverage="0%"/>
									</conditions>
								</line>
								<line number="187" hits="0" branch="true" condition-coverage="0% (0/2)">
									<conditions>
										<condition number="0" type="jump" coverage="0%"/>
									</conditions>
								</line>
								<line number="188" hits="0" branch="false"/>
								<line number="190" hits="0" branch="true" condition-coverage="0% (0/2)">
									<conditions>
										<condition number="0" type="jump" coverage="0%"/>
									</conditions>
								</line>
								<line number="191" hits="0" branch="false"/>
								<line number="193" hits="0" branch="false"/>
							</lines>
						</method>
						<method name="equal" signature="(Ljava/awt/geom/GeneralPath;Ljava/awt/geom/GeneralPath;)Z" line-rate="0.0" branch-rate="0.0">
							<lines>
								<line number="265" hits="0" branch="true" condition-coverage="0% (0/2)">
									<conditions>
										<condition number="0" type="jump" coverage="0%"/>
									</conditions>
								</line>
								<line number="266" hits="0" branch="true" condition-coverage="0% (0/2)">
									<conditions>
										<condition number="0" type="jump" coverage="0%"/>
									</conditions>
								</line>
								<line number="268" hits="0" branch="true" condition-coverage="0% (0/2)">
									<conditions>
										<condition number="0" type="jump" coverage="0%"/>
									</conditions>
								</line>
								<line number="269" hits="0" branch="false"/>
								<line number="271" hits="0" branch="true" condition-coverage="0% (0/2)">
									<conditions>
										<condition number="0" type="jump" coverage="0%"/>
									</conditions>
								</line>
								<line number="272" hits="0" branch="false"/>
								<line number="274" hits="0" branch="false"/>
								<line number="275" hits="0" branch="false"/>
								<line number="276" hits="0" branch="false"/>
								<line number="277" hits="0" branch="false"/>
								<line number="278" hits="0" branch="true" condition-coverage="0% (0/4)">
									<conditions>
										<condition number="0" type="jump" coverage="0%"/>
										<condition number="1" type="jump" coverage="0%"/>
									</conditions>
								</line>
								<line number="279" hits="0" branch="true" condition-coverage="0% (0/2)">
									<conditions>
										<condition number="0" type="jump" coverage="0%"/>
									</conditions>
								</line>
								<line number="280" hits="0" branch="true" condition-coverage="0% (0/2)">
									<conditions>
										<condition number="0" type="jump" coverage="0%"/>
									</conditions>
								</line>
								<line number="281" hits="0" branch="false"/>
								<line number="283" hits="0" branch="false"/>
								<line number="284" hits="0" branch="false"/>
								<line number="285" hits="0" branch="true" condition-coverage="0% (0/2)">
									<conditions>
										<condition number="0" type="jump" coverage="0%"/>
									</conditions>
								</line>
								<line number="286" hits="0" branch="false"/>
								<line number="288" hits="0" branch="true" condition-coverage="0% (0/2)">
									<conditions>
										<condition number="0" type="jump" coverage="0%"/>
									</conditions>
								</line>
								<line number="289" hits="0" branch="false"/>
								<line number="291" hits="0" branch="false"/>
								<line number="292" hits="0" branch="false"/>
								<line number="293" hits="0" branch="true" condition-coverage="0% (0/4)">
									<conditions>
										<condition number="0" type="jump" coverage="0%"/>
										<condition number="1" type="jump" coverage="0%"/>
									</conditions>
								</line>
								<line number="294" hits="0" branch="false"/>
								<line number="295" hits="0" branch="false"/>
							</lines>
						</method>
						<method name="equal" signature="(Ljava/awt/geom/Line2D;Ljava/awt/geom/Line2D;)Z" line-rate="0.0" branch-rate="0.0">
							<lines>
								<line number="159" hits="0" branch="true" condition-coverage="0% (0/2)">
									<conditions>
										<condition number="0" type="jump" coverage="0%"/>
									</conditions>
								</line>
								<line number="160" hits="0" branch="true" condition-coverage="0% (0/2)">
									<conditions>
										<condition number="0" type="jump" coverage="0%"/>
									</conditions>
								</line>
								<line number="162" hits="0" branch="true" condition-coverage="0% (0/2)">
									<conditions>
										<condition number="0" type="jump" coverage="0%"/>
									</conditions>
								</line>
								<line number="163" hits="0" branch="false"/>
								<line number="165" hits="0" branch="true" condition-coverage="0% (0/2)">
									<conditions>
										<condition number="0" type="jump" coverage="0%"/>
									</conditions>
								</line>
								<line number="166" hits="0" branch="false"/>
								<line number="168" hits="0" branch="true" condition-coverage="0% (0/2)">
									<conditions>
										<condition number="0" type="jump" coverage="0%"/>
									</conditions>
								</line>
								<line number="169" hits="0" branch="false"/>
								<line number="171" hits="0" branch="false"/>
							</lines>
						</method>
						<method name="getPointInRectangle" signature="(DDLjava/awt/geom/Rectangle2D;)Ljava/awt/geom/Point2D;" line-rate="0.0" branch-rate="1.0">
							<lines>
								<line number="545" hits="0" branch="false"/>
								<line number="546" hits="0" branch="false"/>
								<line number="547" hits="0" branch="false"/>
							</lines>
						</method>
						<method name="intersects" signature="(Ljava/awt/geom/Rectangle2D;Ljava/awt/geom/Rectangle2D;)Z" line-rate="0.0" branch-rate="0.0">
							<lines>
								<line number="587" hits="0" branch="false"/>
								<line number="588" hits="0" branch="false"/>
								<line number="590" hits="0" branch="false"/>
								<line number="591" hits="0" branch="false"/>
								<line number="592" hits="0" branch="false"/>
								<line number="593" hits="0" branch="false"/>
								<line number="594" hits="0" branch="true" condition-coverage="0% (0/8)">
									<conditions>
										<condition number="0" type="jump" coverage="0%"/>
										<condition number="1" type="jump" coverage="0%"/>
										<condition number="2" type="jump" coverage="0%"/>
										<condition number="3" type="jump" coverage="0%"/>
									</conditions>
								</line>
							</lines>
						</method>
						<method name="rotateShape" signature="(Ljava/awt/Shape;DFF)Ljava/awt/Shape;" line-rate="0.0" branch-rate="0.0">
							<lines>
								<line number="360" hits="0" branch="true" condition-coverage="0% (0/2)">
									<conditions>
										<condition number="0" type="jump" coverage="0%"/>
									</conditions>
								</line>
								<line number="361" hits="0" branch="false"/>
								<line number="363" hits="0" branch="false"/>
								<line number="364" hits="0" branch="false"/>
								<line number="365" hits="0" branch="false"/>
							</lines>
						</method>
					</methods>
					<lines>
						<line number="84" hits="0" branch="false"/>
						<line number="85" hits="0" branch="false"/>
						<line number="103" hits="0" branch="true" condition-coverage="0% (0/2)">
							<conditions>
								<condition number="0" type="jump" coverage="0%"/>
							</conditions>
						</line>
						<line number="105" hits="0" branch="false"/>
						<line number="107" hits="0" branch="false"/>
						<line number="110" hits="0" branch="false"/>
						<line number="111" hits="0" branch="false"/>
						<line number="128" hits="0" branch="true" condition-coverage="0% (0/4)">
							<conditions>
								<condition number="0" type="jump" coverage="0%"/>
								<condition number="1" type="jump" coverage="0%"/>
							</conditions>
						</line>
						<line number="129" hits="0" branch="false"/>
						<line number="131" hits="0" branch="true" condition-coverage="0% (0/4)">
							<conditions>
								<condition number="0" type="jump" coverage="0%"/>
								<condition number="1" type="jump" coverage="0%"/>
							</conditions>
						</line>
						<line number="132" hits="0" branch="false"/>
						<line number="134" hits="0" branch="true" condition-coverage="0% (0/4)">
							<conditions>
								<condition number="0" type="jump" coverage="0%"/>
								<condition number="1" type="jump" coverage="0%"/>
							</conditions>
						</line>
						<line number="135" hits="0" branch="false"/>
						<line number="137" hits="0" branch="true" condition-coverage="0% (0/4)">
							<conditions>
								<condition number="0" type="jump" coverage="0%"/>
								<condition number="1" type="jump" coverage="0%"/>
							</conditions>
						</line>
						<line number="138" hits="0" branch="false"/>
						<line number="140" hits="0" branch="true" condition-coverage="0% (0/4)">
							<conditions>
								<condition number="0" type="jump" coverage="0%"/>
								<condition number="1" type="jump" coverage="0%"/>
							</conditions>
						</line>
						<line number="141" hits="0" branch="false"/>
						<line number="145" hits="0" branch="false"/>
						<line number="159" hits="0" branch="true" condition-coverage="0% (0/2)">
							<conditions>
								<condition number="0" type="jump" coverage="0%"/>
							</conditions>
						</line>
						<line number="160" hits="0" branch="true" condition-coverage="0% (0/2)">
							<conditions>
								<condition number="0" type="jump" coverage="0%"/>
							</conditions>
						</line>
						<line number="162" hits="0" branch="true" condition-coverage="0% (0/2)">
							<conditions>
								<condition number="0" type="jump" coverage="0%"/>
							</conditions>
						</line>
						<line number="163" hits="0" branch="false"/>
						<line number="165" hits="0" branch="true" condition-coverage="0% (0/2)">
							<conditions>
								<condition number="0" type="jump" coverage="0%"/>
							</conditions>
						</line>
						<line number="166" hits="0" branch="false"/>
						<line number="168" hits="0" branch="true" condition-coverage="0% (0/2)">
							<conditions>
								<condition number="0" type="jump" coverage="0%"/>
							</conditions>
						</line>
						<line number="169" hits="0" branch="false"/>
						<line number="171" hits="0" branch="false"/>
						<line number="184" hits="0" branch="true" condition-coverage="0% (0/2)">
							<conditions>
								<condition number="0" type="jump" coverage="0%"/>
							</conditions>
						</line>
						<line number="185" hits="0" branch="true" condition-coverage="0% (0/2)">
							<conditions>
								<condition number="0" type="jump" coverage="0%"/>
							</conditions>
						</line>
						<line number="187" hits="0" branch="true" condition-coverage="0% (0/2)">
							<conditions>
								<condition number="0" type="jump" coverage="0%"/>
							</conditions>
						</line>
						<line number="188" hits="0" branch="false"/>
						<line number="190" hits="0" branch="true" condition-coverage="0% (0/2)">
							<conditions>
								<condition number="0" type="jump" coverage="0%"/>
							</conditions>
						</line>
						<line number="191" hits="0" branch="false"/>
						<line number="193" hits="0" branch="false"/>
						<line number="206" hits="0" branch="true" condition-coverage="0% (0/2)">
							<conditions>
								<condition number="0" type="jump" coverage="0%"/>
							</conditions>
						</line>
						<line number="207" hits="0" branch="true" condition-coverage="0% (0/2)">
							<conditions>
								<condition number="0" type="jump" coverage="0%"/>
							</conditions>
						</line>
						<line number="209" hits="0" branch="true" condition-coverage="0% (0/2)">
							<conditions>
								<condition number="0" type="jump" coverage="0%"/>
							</conditions>
						</line>
						<line number="210" hits="0" branch="false"/>
						<line number="212" hits="0" branch="true" condition-coverage="0% (0/2)">
							<conditions>
								<condition number="0" type="jump" coverage="0%"/>
							</conditions>
						</line>
						<line number="213" hits="0" branch="false"/>
						<line number="215" hits="0" branch="true" condition-coverage="0% (0/2)">
							<conditions>
								<condition number="0" type="jump" coverage="0%"/>
							</conditions>
						</line>
						<line number="216" hits="0" branch="false"/>
						<line number="218" hits="0" branch="true" condition-coverage="0% (0/2)">
							<conditions>
								<condition number="0" type="jump" coverage="0%"/>
							</conditions>
						</line>
						<line number="219" hits="0" branch="false"/>
						<line number="221" hits="0" branch="true" condition-coverage="0% (0/2)">
							<conditions>
								<condition number="0" type="jump" coverage="0%"/>
							</conditions>
						</line>
						<line number="222" hits="0" branch="false"/>
						<line number="224" hits="0" branch="false"/>
						<line number="237" hits="0" branch="true" condition-coverage="0% (0/2)">
							<conditions>
								<condition number="0" type="jump" coverage="0%"/>
							</conditions>
						</line>
						<line number="238" hits="0" branch="true" condition-coverage="0% (0/2)">
							<conditions>
								<condition number="0" type="jump" coverage="0%"/>
							</conditions>
						</line>
						<line number="240" hits="0" branch="true" condition-coverage="0% (0/2)">
							<conditions>
								<condition number="0" type="jump" coverage="0%"/>
							</conditions>
						</line>
						<line number="241" hits="0" branch="false"/>
						<line number="243" hits="0" branch="true" condition-coverage="0% (0/2)">
							<conditions>
								<condition number="0" type="jump" coverage="0%"/>
							</conditions>
						</line>
						<line number="244" hits="0" branch="false"/>
						<line number="246" hits="0" branch="true" condition-coverage="0% (0/2)">
							<conditions>
								<condition number="0" type="jump" coverage="0%"/>
							</conditions>
						</line>
						<line number="247" hits="0" branch="false"/>
						<line number="249" hits="0" branch="true" condition-coverage="0% (0/2)">
							<conditions>
								<condition number="0" type="jump" coverage="0%"/>
							</conditions>
						</line>
						<line number="250" hits="0" branch="false"/>
						<line number="252" hits="0" branch="false"/>
						<line number="265" hits="0" branch="true" condition-coverage="0% (0/2)">
							<conditions>
								<condition number="0" type="jump" coverage="0%"/>
							</conditions>
						</line>
						<line number="266" hits="0" branch="true" condition-coverage="0% (0/2)">
							<conditions>
								<condition number="0" type="jump" coverage="0%"/>
							</conditions>
						</line>
						<line number="268" hits="0" branch="true" condition-coverage="0% (0/2)">
							<conditions>
								<condition number="0" type="jump" coverage="0%"/>
							</conditions>
						</line>
						<line number="269" hits="0" branch="false"/>
						<line number="271" hits="0" branch="true" condition-coverage="0% (0/2)">
							<conditions>
								<condition number="0" type="jump" coverage="0%"/>
							</conditions>
						</line>
						<line number="272" hits="0" branch="false"/>
						<line number="274" hits="0" branch="false"/>
						<line number="275" hits="0" branch="false"/>
						<line number="276" hits="0" branch="false"/>
						<line number="277" hits="0" branch="false"/>
						<line number="278" hits="0" branch="true" condition-coverage="0% (0/4)">
							<conditions>
								<condition number="0" type="jump" coverage="0%"/>
								<condition number="1" type="jump" coverage="0%"/>
							</conditions>
						</line>
						<line number="279" hits="0" branch="true" condition-coverage="0% (0/2)">
							<conditions>
								<condition number="0" type="jump" coverage="0%"/>
							</conditions>
						</line>
						<line number="280" hits="0" branch="true" condition-coverage="0% (0/2)">
							<conditions>
								<condition number="0" type="jump" coverage="0%"/>
							</conditions>
						</line>
						<line number="281" hits="0" branch="false"/>
						<line number="283" hits="0" branch="false"/>
						<line number="284" hits="0" branch="false"/>
						<line number="285" hits="0" branch="true" condition-coverage="0% (0/2)">
							<conditions>
								<condition number="0" type="jump" coverage="0%"/>
							</conditions>
						</line>
						<line number="286" hits="0" branch="false"/>
						<line number="288" hits="0" branch="true" condition-coverage="0% (0/2)">
							<conditions>
								<condition number="0" type="jump" coverage="0%"/>
							</conditions>
						</line>
						<line number="289" hits="0" branch="false"/>
						<line number="291" hits="0" branch="false"/>
						<line number="292" hits="0" branch="false"/>
						<line number="293" hits="0" branch="true" condition-coverage="0% (0/4)">
							<conditions>
								<condition number="0" type="jump" coverage="0%"/>
								<condition number="1" type="jump" coverage="0%"/>
							</conditions>
						</line>
						<line number="294" hits="0" branch="false"/>
						<line number="295" hits="0" branch="false"/>
						<line number="310" hits="0" branch="true" condition-coverage="0% (0/2)">
							<conditions>
								<condition number="0" type="jump" coverage="0%"/>
							</conditions>
						</line>
						<line number="311" hits="0" branch="false"/>
						<line number="313" hits="0" branch="false"/>
						<line number="315" hits="0" branch="false"/>
						<line number="334" hits="0" branch="true" condition-coverage="0% (0/2)">
							<conditions>
								<condition number="0" type="jump" coverage="0%"/>
							</conditions>
						</line>
						<line number="335" hits="0" branch="false"/>
						<line number="337" hits="0" branch="true" condition-coverage="0% (0/2)">
							<conditions>
								<condition number="0" type="jump" coverage="0%"/>
							</conditions>
						</line>
						<line number="338" hits="0" branch="false"/>
						<line number="340" hits="0" branch="false"/>
						<line number="342" hits="0" branch="false"/>
						<line number="344" hits="0" branch="false"/>
						<line number="360" hits="0" branch="true" condition-coverage="0% (0/2)">
							<conditions>
								<condition number="0" type="jump" coverage="0%"/>
							</conditions>
						</line>
						<line number="361" hits="0" branch="false"/>
						<line number="363" hits="0" branch="false"/>
						<line number="364" hits="0" branch="false"/>
						<line number="365" hits="0" branch="false"/>
						<line number="380" hits="0" branch="false"/>
						<line number="381" hits="0" branch="false"/>
						<line number="382" hits="0" branch="false"/>
						<line number="383" hits="0" branch="false"/>
						<line number="384" hits="0" branch="false"/>
						<line number="386" hits="0" branch="false"/>
						<line number="389" hits="0" branch="false"/>
						<line number="400" hits="0" branch="false"/>
						<line number="401" hits="0" branch="false"/>
						<line number="402" hits="0" branch="false"/>
						<line number="403" hits="0" branch="false"/>
						<line number="404" hits="0" branch="false"/>
						<line number="405" hits="0" branch="false"/>
						<line number="406" hits="0" branch="false"/>
						<line number="407" hits="0" branch="false"/>
						<line number="408" hits="0" branch="false"/>
						<line number="409" hits="0" branch="false"/>
						<line number="410" hits="0" branch="false"/>
						<line number="411" hits="0" branch="false"/>
						<line number="412" hits="0" branch="false"/>
						<line number="413" hits="0" branch="false"/>
						<line number="414" hits="0" branch="false"/>
						<line number="426" hits="0" branch="false"/>
						<line number="427" hits="0" branch="false"/>
						<line number="428" hits="0" branch="false"/>
						<line number="429" hits="0" branch="false"/>
						<line number="430" hits="0" branch="false"/>
						<line number="431" hits="0" branch="false"/>
						<line number="432" hits="0" branch="false"/>
						<line number="433" hits="0" branch="false"/>
						<line number="434" hits="0" branch="false"/>
						<line number="435" hits="0" branch="false"/>
						<line number="436" hits="0" branch="false"/>
						<line number="437" hits="0" branch="false"/>
						<line number="438" hits="0" branch="false"/>
						<line number="439" hits="0" branch="false"/>
						<line number="440" hits="0" branch="false"/>
						<line number="451" hits="0" branch="false"/>
						<line number="452" hits="0" branch="false"/>
						<line number="453" hits="0" branch="false"/>
						<line number="454" hits="0" branch="false"/>
						<line number="455" hits="0" branch="false"/>
						<line number="456" hits="0" branch="false"/>
						<line number="457" hits="0" branch="false"/>
						<line number="468" hits="0" branch="false"/>
						<line number="469" hits="0" branch="false"/>
						<line number="470" hits="0" branch="false"/>
						<line number="471" hits="0" branch="false"/>
						<line number="472" hits="0" branch="false"/>
						<line number="473" hits="0" branch="false"/>
						<line number="484" hits="0" branch="false"/>
						<line number="485" hits="0" branch="false"/>
						<line number="486" hits="0" branch="false"/>
						<line number="487" hits="0" branch="false"/>
						<line number="488" hits="0" branch="false"/>
						<line number="489" hits="0" branch="false"/>
						<line number="503" hits="0" branch="false"/>
						<line number="504" hits="0" branch="false"/>
						<line number="505" hits="0" branch="false"/>
						<line number="506" hits="0" branch="false"/>
						<line number="507" hits="0" branch="false"/>
						<line number="508" hits="0" branch="true" condition-coverage="0% (0/2)">
							<conditions>
								<condition number="0" type="jump" coverage="0%"/>
							</conditions>
						</line>
						<line number="509" hits="0" branch="false"/>
						<line number="510" hits="0" branch="false"/>
						<line number="511" hits="0" branch="false"/>
						<line number="512" hits="0" branch="false"/>
						<line number="513" hits="0" branch="false"/>
						<line number="514" hits="0" branch="false"/>
						<line number="515" hits="0" branch="false"/>
						<line number="516" hits="0" branch="false"/>
						<line number="517" hits="0" branch="false"/>
						<line number="520" hits="0" branch="false"/>
						<line number="521" hits="0" branch="false"/>
						<line number="522" hits="0" branch="false"/>
						<line number="523" hits="0" branch="false"/>
						<line number="524" hits="0" branch="false"/>
						<line number="526" hits="0" branch="false"/>
						<line number="545" hits="0" branch="false"/>
						<line number="546" hits="0" branch="false"/>
						<line number="547" hits="0" branch="false"/>
						<line number="562" hits="0" branch="false"/>
						<line number="563" hits="0" branch="false"/>
						<line number="564" hits="0" branch="false"/>
						<line number="565" hits="0" branch="false"/>
						<line number="566" hits="0" branch="false"/>
						<line number="567" hits="0" branch="false"/>
						<line number="569" hits="0" branch="true" condition-coverage="0% (0/8)">
							<conditions>
								<condition number="0" type="jump" coverage="0%"/>
								<condition number="1" type="jump" coverage="0%"/>
								<condition number="2" type="jump" coverage="0%"/>
								<condition number="3" type="jump" coverage="0%"/>
							</conditions>
						</line>
						<line number="587" hits="0" branch="false"/>
						<line number="588" hits="0" branch="false"/>
						<line number="590" hits="0" branch="false"/>
						<line number="591" hits="0" branch="false"/>
						<line number="592" hits="0" branch="false"/>
						<line number="593" hits="0" branch="false"/>
						<line number="594" hits="0" branch="true" condition-coverage="0% (0/8)">
							<conditions>
								<condition number="0" type="jump" coverage="0%"/>
								<condition number="1" type="jump" coverage="0%"/>
								<condition number="2" type="jump" coverage="0%"/>
								<condition number="3" type="jump" coverage="0%"/>
							</conditions>
						</line>
					</lines>
				</class>
			</classes>
		</package>
	</packages>
</coverage>
