<?xml version="1.0"?>
<!DOCTYPE coverage SYSTEM "http://cobertura.sourceforge.net/xml/coverage-04.dtd">

<coverage line-rate="0.11044003451251079" branch-rate="0.08781362007168458" lines-covered="128" lines-valid="1159" branches-covered="49" branches-valid="558" complexity="2.9346733668341707" version="2.0.3" timestamp="1608049061145">
	<sources>
		<source>source</source>
	</sources>
	<packages>
		<package name="org.jfree.chart.util" line-rate="0.1887905604719764" branch-rate="0.14244186046511628" complexity="4.287671232876712">
			<classes>
				<class name="org.jfree.chart.util.AbstractObjectList" filename="org/jfree/chart/util/AbstractObjectList.java" line-rate="0.7368421052631579" branch-rate="0.55" complexity="3.0">
					<methods>
						<method name="&lt;init&gt;" signature="()V" line-rate="1.0" branch-rate="1.0">
							<lines>
								<line number="77" hits="1" branch="false"/>
								<line number="78" hits="1" branch="false"/>
							</lines>
						</method>
						<method name="&lt;init&gt;" signature="(I)V" line-rate="1.0" branch-rate="1.0">
							<lines>
								<line number="86" hits="1" branch="false"/>
								<line number="87" hits="1" branch="false"/>
							</lines>
						</method>
						<method name="&lt;init&gt;" signature="(II)V" line-rate="1.0" branch-rate="1.0">
							<lines>
								<line number="68" hits="1" branch="false"/>
								<line number="71" hits="1" branch="false"/>
								<line number="95" hits="1" branch="false"/>
								<line number="96" hits="1" branch="false"/>
								<line number="97" hits="1" branch="false"/>
								<line number="98" hits="1" branch="false"/>
							</lines>
						</method>
						<method name="clear" signature="()V" line-rate="0.0" branch-rate="1.0">
							<lines>
								<line number="139" hits="0" branch="false"/>
								<line number="140" hits="0" branch="false"/>
								<line number="141" hits="0" branch="false"/>
							</lines>
						</method>
						<method name="clone" signature="()Ljava/lang/Object;" line-rate="0.0" branch-rate="0.0">
							<lines>
								<line number="235" hits="0" branch="false"/>
								<line number="236" hits="0" branch="true" condition-coverage="0% (0/2)">
									<conditions>
										<condition number="0" type="jump" coverage="0%"/>
									</conditions>
								</line>
								<line number="237" hits="0" branch="false"/>
								<line number="238" hits="0" branch="false"/>
								<line number="241" hits="0" branch="false"/>
							</lines>
						</method>
						<method name="equals" signature="(Ljava/lang/Object;)Z" line-rate="0.6666666666666666" branch-rate="0.6">
							<lines>
								<line number="178" hits="1" branch="true" condition-coverage="50% (1/2)">
									<conditions>
										<condition number="0" type="jump" coverage="50%"/>
									</conditions>
								</line>
								<line number="179" hits="0" branch="false"/>
								<line number="182" hits="1" branch="true" condition-coverage="50% (1/2)">
									<conditions>
										<condition number="0" type="jump" coverage="50%"/>
									</conditions>
								</line>
								<line number="183" hits="0" branch="false"/>
								<line number="186" hits="1" branch="true" condition-coverage="50% (1/2)">
									<conditions>
										<condition number="0" type="jump" coverage="50%"/>
									</conditions>
								</line>
								<line number="187" hits="0" branch="false"/>
								<line number="190" hits="1" branch="false"/>
								<line number="191" hits="1" branch="false"/>
								<line number="192" hits="2" branch="true" condition-coverage="50% (1/2)">
									<conditions>
										<condition number="0" type="jump" coverage="50%"/>
									</conditions>
								</line>
								<line number="193" hits="2" branch="true" condition-coverage="100% (2/2)">
									<conditions>
										<condition number="0" type="jump" coverage="100%"/>
									</conditions>
								</line>
								<line number="194" hits="1" branch="false"/>
								<line number="197" hits="0" branch="false"/>
							</lines>
						</method>
						<method name="get" signature="(I)Ljava/lang/Object;" line-rate="1.0" branch-rate="0.5">
							<lines>
								<line number="109" hits="10" branch="false"/>
								<line number="110" hits="10" branch="true" condition-coverage="50% (2/4)">
									<conditions>
										<condition number="0" type="jump" coverage="50%"/>
										<condition number="1" type="jump" coverage="50%"/>
									</conditions>
								</line>
								<line number="111" hits="10" branch="false"/>
								<line number="113" hits="10" branch="false"/>
							</lines>
						</method>
						<method name="hashCode" signature="()I" line-rate="1.0" branch-rate="0.5">
							<lines>
								<line number="206" hits="2" branch="false"/>
								<line number="207" hits="2" branch="false"/>
								<line number="208" hits="2" branch="false"/>
								<line number="211" hits="2" branch="true" condition-coverage="50% (1/2)">
									<conditions>
										<condition number="0" type="jump" coverage="50%"/>
									</conditions>
								</line>
								<line number="212" hits="2" branch="false"/>
								<line number="213" hits="2" branch="true" condition-coverage="50% (1/2)">
									<conditions>
										<condition number="0" type="jump" coverage="50%"/>
									</conditions>
								</line>
								<line number="214" hits="2" branch="false"/>
								<line number="215" hits="2" branch="true" condition-coverage="50% (1/2)">
									<conditions>
										<condition number="0" type="jump" coverage="50%"/>
									</conditions>
								</line>
								<line number="216" hits="2" branch="false"/>
								<line number="221" hits="2" branch="false"/>
							</lines>
						</method>
						<method name="indexOf" signature="(Ljava/lang/Object;)I" line-rate="0.0" branch-rate="0.0">
							<lines>
								<line number="161" hits="0" branch="true" condition-coverage="0% (0/2)">
									<conditions>
										<condition number="0" type="jump" coverage="0%"/>
									</conditions>
								</line>
								<line number="162" hits="0" branch="true" condition-coverage="0% (0/2)">
									<conditions>
										<condition number="0" type="jump" coverage="0%"/>
									</conditions>
								</line>
								<line number="163" hits="0" branch="false"/>
								<line number="166" hits="0" branch="false"/>
							</lines>
						</method>
						<method name="readObject" signature="(Ljava/io/ObjectInputStream;)V" line-rate="1.0" branch-rate="1.0">
							<lines>
								<line number="282" hits="1" branch="false"/>
								<line number="283" hits="1" branch="false"/>
								<line number="284" hits="1" branch="false"/>
								<line number="285" hits="4" branch="true" condition-coverage="100% (2/2)">
									<conditions>
										<condition number="0" type="jump" coverage="100%"/>
									</conditions>
								</line>
								<line number="286" hits="3" branch="false"/>
								<line number="287" hits="3" branch="true" condition-coverage="100% (2/2)">
									<conditions>
										<condition number="0" type="jump" coverage="100%"/>
									</conditions>
								</line>
								<line number="288" hits="2" branch="false"/>
								<line number="292" hits="1" branch="false"/>
							</lines>
						</method>
						<method name="set" signature="(ILjava/lang/Object;)V" line-rate="0.5555555555555556" branch-rate="0.5">
							<lines>
								<line number="123" hits="7" branch="true" condition-coverage="50% (1/2)">
									<conditions>
										<condition number="0" type="jump" coverage="50%"/>
									</conditions>
								</line>
								<line number="124" hits="0" branch="false"/>
								<line number="126" hits="7" branch="true" condition-coverage="50% (1/2)">
									<conditions>
										<condition number="0" type="jump" coverage="50%"/>
									</conditions>
								</line>
								<line number="127" hits="0" branch="false"/>
								<line number="128" hits="0" branch="false"/>
								<line number="129" hits="0" branch="false"/>
								<line number="131" hits="7" branch="false"/>
								<line number="132" hits="7" branch="false"/>
								<line number="133" hits="7" branch="false"/>
							</lines>
						</method>
						<method name="size" signature="()I" line-rate="1.0" branch-rate="1.0">
							<lines>
								<line number="149" hits="7" branch="false"/>
							</lines>
						</method>
						<method name="writeObject" signature="(Ljava/io/ObjectOutputStream;)V" line-rate="1.0" branch-rate="0.8333333333333334">
							<lines>
								<line number="255" hits="1" branch="false"/>
								<line number="256" hits="1" branch="false"/>
								<line number="257" hits="1" branch="false"/>
								<line number="258" hits="4" branch="true" condition-coverage="100% (2/2)">
									<conditions>
										<condition number="0" type="jump" coverage="100%"/>
									</conditions>
								</line>
								<line number="259" hits="3" branch="false"/>
								<line number="260" hits="3" branch="true" condition-coverage="75% (3/4)">
									<conditions>
										<condition number="0" type="jump" coverage="100%"/>
										<condition number="1" type="jump" coverage="50%"/>
									</conditions>
								</line>
								<line number="261" hits="2" branch="false"/>
								<line number="262" hits="2" branch="false"/>
								<line number="265" hits="1" branch="false"/>
								<line number="269" hits="1" branch="false"/>
							</lines>
						</method>
					</methods>
					<lines>
						<line number="68" hits="1" branch="false"/>
						<line number="71" hits="1" branch="false"/>
						<line number="77" hits="1" branch="false"/>
						<line number="78" hits="1" branch="false"/>
						<line number="86" hits="1" branch="false"/>
						<line number="87" hits="1" branch="false"/>
						<line number="95" hits="1" branch="false"/>
						<line number="96" hits="1" branch="false"/>
						<line number="97" hits="1" branch="false"/>
						<line number="98" hits="1" branch="false"/>
						<line number="109" hits="10" branch="false"/>
						<line number="110" hits="10" branch="true" condition-coverage="50% (2/4)">
							<conditions>
								<condition number="0" type="jump" coverage="50%"/>
								<condition number="1" type="jump" coverage="50%"/>
							</conditions>
						</line>
						<line number="111" hits="10" branch="false"/>
						<line number="113" hits="10" branch="false"/>
						<line number="123" hits="7" branch="true" condition-coverage="50% (1/2)">
							<conditions>
								<condition number="0" type="jump" coverage="50%"/>
							</conditions>
						</line>
						<line number="124" hits="0" branch="false"/>
						<line number="126" hits="7" branch="true" condition-coverage="50% (1/2)">
							<conditions>
								<condition number="0" type="jump" coverage="50%"/>
							</conditions>
						</line>
						<line number="127" hits="0" branch="false"/>
						<line number="128" hits="0" branch="false"/>
						<line number="129" hits="0" branch="false"/>
						<line number="131" hits="7" branch="false"/>
						<line number="132" hits="7" branch="false"/>
						<line number="133" hits="7" branch="false"/>
						<line number="139" hits="0" branch="false"/>
						<line number="140" hits="0" branch="false"/>
						<line number="141" hits="0" branch="false"/>
						<line number="149" hits="7" branch="false"/>
						<line number="161" hits="0" branch="true" condition-coverage="0% (0/2)">
							<conditions>
								<condition number="0" type="jump" coverage="0%"/>
							</conditions>
						</line>
						<line number="162" hits="0" branch="true" condition-coverage="0% (0/2)">
							<conditions>
								<condition number="0" type="jump" coverage="0%"/>
							</conditions>
						</line>
						<line number="163" hits="0" branch="false"/>
						<line number="166" hits="0" branch="false"/>
						<line number="178" hits="1" branch="true" condition-coverage="50% (1/2)">
							<conditions>
								<condition number="0" type="jump" coverage="50%"/>
							</conditions>
						</line>
						<line number="179" hits="0" branch="false"/>
						<line number="182" hits="1" branch="true" condition-coverage="50% (1/2)">
							<conditions>
								<condition number="0" type="jump" coverage="50%"/>
							</conditions>
						</line>
						<line number="183" hits="0" branch="false"/>
						<line number="186" hits="1" branch="true" condition-coverage="50% (1/2)">
							<conditions>
								<condition number="0" type="jump" coverage="50%"/>
							</conditions>
						</line>
						<line number="187" hits="0" branch="false"/>
						<line number="190" hits="1" branch="false"/>
						<line number="191" hits="1" branch="false"/>
						<line number="192" hits="2" branch="true" condition-coverage="50% (1/2)">
							<conditions>
								<condition number="0" type="jump" coverage="50%"/>
							</conditions>
						</line>
						<line number="193" hits="2" branch="true" condition-coverage="100% (2/2)">
							<conditions>
								<condition number="0" type="jump" coverage="100%"/>
							</conditions>
						</line>
						<line number="194" hits="1" branch="false"/>
						<line number="197" hits="0" branch="false"/>
						<line number="206" hits="2" branch="false"/>
						<line number="207" hits="2" branch="false"/>
						<line number="208" hits="2" branch="false"/>
						<line number="211" hits="2" branch="true" condition-coverage="50% (1/2)">
							<conditions>
								<condition number="0" type="jump" coverage="50%"/>
							</conditions>
						</line>
						<line number="212" hits="2" branch="false"/>
						<line number="213" hits="2" branch="true" condition-coverage="50% (1/2)">
							<conditions>
								<condition number="0" type="jump" coverage="50%"/>
							</conditions>
						</line>
						<line number="214" hits="2" branch="false"/>
						<line number="215" hits="2" branch="true" condition-coverage="50% (1/2)">
							<conditions>
								<condition number="0" type="jump" coverage="50%"/>
							</conditions>
						</line>
						<line number="216" hits="2" branch="false"/>
						<line number="221" hits="2" branch="false"/>
						<line number="235" hits="0" branch="false"/>
						<line number="236" hits="0" branch="true" condition-coverage="0% (0/2)">
							<conditions>
								<condition number="0" type="jump" coverage="0%"/>
							</conditions>
						</line>
						<line number="237" hits="0" branch="false"/>
						<line number="238" hits="0" branch="false"/>
						<line number="241" hits="0" branch="false"/>
						<line number="255" hits="1" branch="false"/>
						<line number="256" hits="1" branch="false"/>
						<line number="257" hits="1" branch="false"/>
						<line number="258" hits="4" branch="true" condition-coverage="100% (2/2)">
							<conditions>
								<condition number="0" type="jump" coverage="100%"/>
							</conditions>
						</line>
						<line number="259" hits="3" branch="false"/>
						<line number="260" hits="3" branch="true" condition-coverage="75% (3/4)">
							<conditions>
								<condition number="0" type="jump" coverage="100%"/>
								<condition number="1" type="jump" coverage="50%"/>
							</conditions>
						</line>
						<line number="261" hits="2" branch="false"/>
						<line number="262" hits="2" branch="false"/>
						<line number="265" hits="1" branch="false"/>
						<line number="269" hits="1" branch="false"/>
						<line number="282" hits="1" branch="false"/>
						<line number="283" hits="1" branch="false"/>
						<line number="284" hits="1" branch="false"/>
						<line number="285" hits="4" branch="true" condition-coverage="100% (2/2)">
							<conditions>
								<condition number="0" type="jump" coverage="100%"/>
							</conditions>
						</line>
						<line number="286" hits="3" branch="false"/>
						<line number="287" hits="3" branch="true" condition-coverage="100% (2/2)">
							<conditions>
								<condition number="0" type="jump" coverage="100%"/>
							</conditions>
						</line>
						<line number="288" hits="2" branch="false"/>
						<line number="292" hits="1" branch="false"/>
					</lines>
				</class>
				<class name="org.jfree.chart.util.ObjectUtilities" filename="org/jfree/chart/util/ObjectUtilities.java" line-rate="0.03278688524590164" branch-rate="0.037037037037037035" complexity="4.2105263157894735">
					<methods>
						<method name="&lt;clinit&gt;" signature="()V" line-rate="1.0" branch-rate="1.0">
							<lines>
								<line number="80" hits="1" branch="false"/>
							</lines>
						</method>
						<method name="&lt;init&gt;" signature="()V" line-rate="0.0" branch-rate="1.0">
							<lines>
								<line number="89" hits="0" branch="false"/>
								<line number="90" hits="0" branch="false"/>
							</lines>
						</method>
						<method name="class$" signature="(Ljava/lang/String;)Ljava/lang/Class;" line-rate="0.0" branch-rate="0.0">
							<lines>
								<line number="439" hits="0" branch="true" condition-coverage="0% (0/2)">
									<conditions>
										<condition number="0" type="jump" coverage="0%"/>
									</conditions>
								</line>
							</lines>
						</method>
						<method name="clone" signature="(Ljava/lang/Object;)Ljava/lang/Object;" line-rate="0.0" branch-rate="0.0">
							<lines>
								<line number="162" hits="0" branch="true" condition-coverage="0% (0/2)">
									<conditions>
										<condition number="0" type="jump" coverage="0%"/>
									</conditions>
								</line>
								<line number="163" hits="0" branch="false"/>
								<line number="165" hits="0" branch="true" condition-coverage="0% (0/2)">
									<conditions>
										<condition number="0" type="jump" coverage="0%"/>
									</conditions>
								</line>
								<line number="166" hits="0" branch="false"/>
								<line number="167" hits="0" branch="false"/>
								<line number="171" hits="0" branch="false"/>
								<line number="173" hits="0" branch="true" condition-coverage="0% (0/2)">
									<conditions>
										<condition number="0" type="jump" coverage="0%"/>
									</conditions>
								</line>
								<line number="174" hits="0" branch="false"/>
								<line number="177" hits="0" branch="false"/>
								<line number="178" hits="0" branch="false"/>
								<line number="180" hits="0" branch="false"/>
								<line number="181" hits="0" branch="false"/>
								<line number="183" hits="0" branch="false"/>
								<line number="184" hits="0" branch="false"/>
								<line number="185" hits="0" branch="false"/>
								<line number="187" hits="0" branch="false"/>
							</lines>
						</method>
						<method name="convertName" signature="(Ljava/lang/String;Ljava/lang/Class;)Ljava/lang/String;" line-rate="0.0" branch-rate="0.0">
							<lines>
								<line number="319" hits="0" branch="true" condition-coverage="0% (0/2)">
									<conditions>
										<condition number="0" type="jump" coverage="0%"/>
									</conditions>
								</line>
								<line number="321" hits="0" branch="false"/>
								<line number="325" hits="0" branch="true" condition-coverage="0% (0/2)">
									<conditions>
										<condition number="0" type="jump" coverage="0%"/>
									</conditions>
								</line>
								<line number="326" hits="0" branch="false"/>
								<line number="329" hits="0" branch="false"/>
								<line number="330" hits="0" branch="false"/>
								<line number="331" hits="0" branch="true" condition-coverage="0% (0/2)">
									<conditions>
										<condition number="0" type="jump" coverage="0%"/>
									</conditions>
								</line>
								<line number="332" hits="0" branch="false"/>
								<line number="335" hits="0" branch="false"/>
								<line number="336" hits="0" branch="false"/>
							</lines>
						</method>
						<method name="deepClone" signature="(Ljava/util/Collection;)Ljava/util/Collection;" line-rate="0.0" branch-rate="0.0">
							<lines>
								<line number="203" hits="0" branch="true" condition-coverage="0% (0/2)">
									<conditions>
										<condition number="0" type="jump" coverage="0%"/>
									</conditions>
								</line>
								<line number="204" hits="0" branch="false"/>
								<line number="209" hits="0" branch="false"/>
								<line number="211" hits="0" branch="false"/>
								<line number="212" hits="0" branch="false"/>
								<line number="213" hits="0" branch="true" condition-coverage="0% (0/2)">
									<conditions>
										<condition number="0" type="jump" coverage="0%"/>
									</conditions>
								</line>
								<line number="214" hits="0" branch="false"/>
								<line number="215" hits="0" branch="true" condition-coverage="0% (0/2)">
									<conditions>
										<condition number="0" type="jump" coverage="0%"/>
									</conditions>
								</line>
								<line number="216" hits="0" branch="false"/>
								<line number="219" hits="0" branch="false"/>
								<line number="221" hits="0" branch="false"/>
								<line number="222" hits="0" branch="false"/>
							</lines>
						</method>
						<method name="equal" signature="(Ljava/lang/Object;Ljava/lang/Object;)Z" line-rate="0.6" branch-rate="0.5">
							<lines>
								<line number="125" hits="2" branch="true" condition-coverage="50% (1/2)">
									<conditions>
										<condition number="0" type="jump" coverage="50%"/>
									</conditions>
								</line>
								<line number="126" hits="0" branch="false"/>
								<line number="128" hits="2" branch="true" condition-coverage="50% (1/2)">
									<conditions>
										<condition number="0" type="jump" coverage="50%"/>
									</conditions>
								</line>
								<line number="129" hits="2" branch="false"/>
								<line number="132" hits="0" branch="false"/>
							</lines>
						</method>
						<method name="getClassLoader" signature="()Ljava/lang/ClassLoader;" line-rate="0.0" branch-rate="1.0">
							<lines>
								<line number="241" hits="0" branch="false"/>
							</lines>
						</method>
						<method name="getClassLoader" signature="(Ljava/lang/Class;)Ljava/lang/ClassLoader;" line-rate="0.0" branch-rate="0.0">
							<lines>
								<line number="255" hits="0" branch="true" condition-coverage="0% (0/2)">
									<conditions>
										<condition number="0" type="jump" coverage="0%"/>
									</conditions>
								</line>
								<line number="256" hits="0" branch="false"/>
								<line number="258" hits="0" branch="true" condition-coverage="0% (0/2)">
									<conditions>
										<condition number="0" type="jump" coverage="0%"/>
									</conditions>
								</line>
								<line number="259" hits="0" branch="false"/>
								<line number="261" hits="0" branch="true" condition-coverage="0% (0/2)">
									<conditions>
										<condition number="0" type="jump" coverage="0%"/>
									</conditions>
								</line>
								<line number="262" hits="0" branch="false"/>
								<line number="267" hits="0" branch="false"/>
								<line number="268" hits="0" branch="true" condition-coverage="0% (0/2)">
									<conditions>
										<condition number="0" type="jump" coverage="0%"/>
									</conditions>
								</line>
								<line number="269" hits="0" branch="false"/>
								<line number="272" hits="0" branch="false"/>
							</lines>
						</method>
						<method name="getClassLoaderSource" signature="()Ljava/lang/String;" line-rate="0.0" branch-rate="1.0">
							<lines>
								<line number="99" hits="0" branch="false"/>
							</lines>
						</method>
						<method name="getResource" signature="(Ljava/lang/String;Ljava/lang/Class;)Ljava/net/URL;" line-rate="0.0" branch-rate="0.0">
							<lines>
								<line number="285" hits="0" branch="false"/>
								<line number="286" hits="0" branch="true" condition-coverage="0% (0/2)">
									<conditions>
										<condition number="0" type="jump" coverage="0%"/>
									</conditions>
								</line>
								<line number="287" hits="0" branch="false"/>
								<line number="289" hits="0" branch="false"/>
							</lines>
						</method>
						<method name="getResourceAsStream" signature="(Ljava/lang/String;Ljava/lang/Class;)Ljava/io/InputStream;" line-rate="0.0" branch-rate="0.0">
							<lines>
								<line number="349" hits="0" branch="false"/>
								<line number="350" hits="0" branch="true" condition-coverage="0% (0/2)">
									<conditions>
										<condition number="0" type="jump" coverage="0%"/>
									</conditions>
								</line>
								<line number="351" hits="0" branch="false"/>
								<line number="355" hits="0" branch="false"/>
								<line number="357" hits="0" branch="false"/>
								<line number="358" hits="0" branch="false"/>
							</lines>
						</method>
						<method name="getResourceRelative" signature="(Ljava/lang/String;Ljava/lang/Class;)Ljava/net/URL;" line-rate="0.0" branch-rate="0.0">
							<lines>
								<line number="300" hits="0" branch="false"/>
								<line number="301" hits="0" branch="false"/>
								<line number="302" hits="0" branch="true" condition-coverage="0% (0/2)">
									<conditions>
										<condition number="0" type="jump" coverage="0%"/>
									</conditions>
								</line>
								<line number="303" hits="0" branch="false"/>
								<line number="305" hits="0" branch="false"/>
							</lines>
						</method>
						<method name="getResourceRelativeAsStream" signature="(Ljava/lang/String;Ljava/lang/Class;)Ljava/io/InputStream;" line-rate="0.0" branch-rate="0.0">
							<lines>
								<line number="372" hits="0" branch="false"/>
								<line number="373" hits="0" branch="true" condition-coverage="0% (0/2)">
									<conditions>
										<condition number="0" type="jump" coverage="0%"/>
									</conditions>
								</line>
								<line number="374" hits="0" branch="false"/>
								<line number="378" hits="0" branch="false"/>
								<line number="380" hits="0" branch="false"/>
								<line number="381" hits="0" branch="false"/>
							</lines>
						</method>
						<method name="hashCode" signature="(Ljava/lang/Object;)I" line-rate="0.0" branch-rate="0.0">
							<lines>
								<line number="145" hits="0" branch="false"/>
								<line number="146" hits="0" branch="true" condition-coverage="0% (0/2)">
									<conditions>
										<condition number="0" type="jump" coverage="0%"/>
									</conditions>
								</line>
								<line number="147" hits="0" branch="false"/>
								<line number="149" hits="0" branch="false"/>
							</lines>
						</method>
						<method name="isJDK14" signature="()Z" line-rate="0.0" branch-rate="0.0">
							<lines>
								<line number="440" hits="0" branch="true" condition-coverage="0% (0/2)">
									<conditions>
										<condition number="0" type="jump" coverage="0%"/>
									</conditions>
								</line>
								<line number="442" hits="0" branch="false"/>
								<line number="443" hits="0" branch="false"/>
								<line number="445" hits="0" branch="false"/>
								<line number="446" hits="0" branch="false"/>
								<line number="448" hits="0" branch="false"/>
								<line number="455" hits="0" branch="false"/>
								<line number="458" hits="0" branch="true" condition-coverage="0% (0/2)">
									<conditions>
										<condition number="0" type="jump" coverage="0%"/>
									</conditions>
								</line>
								<line number="459" hits="0" branch="false"/>
								<line number="462" hits="0" branch="false"/>
								<line number="463" hits="0" branch="false"/>
								<line number="464" hits="0" branch="true" condition-coverage="0% (0/2)">
									<conditions>
										<condition number="0" type="jump" coverage="0%"/>
									</conditions>
								</line>
								<line number="466" hits="0" branch="false"/>
								<line number="467" hits="0" branch="false"/>
							</lines>
						</method>
						<method name="loadAndInstantiate" signature="(Ljava/lang/String;Ljava/lang/Class;)Ljava/lang/Object;" line-rate="0.0" branch-rate="1.0">
							<lines>
								<line number="396" hits="0" branch="false"/>
								<line number="397" hits="0" branch="false"/>
								<line number="398" hits="0" branch="false"/>
								<line number="400" hits="0" branch="false"/>
								<line number="401" hits="0" branch="false"/>
							</lines>
						</method>
						<method name="loadAndInstantiate" signature="(Ljava/lang/String;Ljava/lang/Class;Ljava/lang/Class;)Ljava/lang/Object;" line-rate="0.0" branch-rate="0.0">
							<lines>
								<line number="421" hits="0" branch="false"/>
								<line number="422" hits="0" branch="false"/>
								<line number="423" hits="0" branch="true" condition-coverage="0% (0/2)">
									<conditions>
										<condition number="0" type="jump" coverage="0%"/>
									</conditions>
								</line>
								<line number="424" hits="0" branch="false"/>
								<line number="427" hits="0" branch="false"/>
								<line number="428" hits="0" branch="false"/>
								<line number="429" hits="0" branch="false"/>
								<line number="430" hits="0" branch="false"/>
							</lines>
						</method>
						<method name="parseVersions" signature="(Ljava/lang/String;)[Ljava/lang/String;" line-rate="0.0" branch-rate="0.0">
							<lines>
								<line number="472" hits="0" branch="true" condition-coverage="0% (0/2)">
									<conditions>
										<condition number="0" type="jump" coverage="0%"/>
									</conditions>
								</line>
								<line number="473" hits="0" branch="false"/>
								<line number="476" hits="0" branch="false"/>
								<line number="477" hits="0" branch="false"/>
								<line number="478" hits="0" branch="true" condition-coverage="0% (0/2)">
									<conditions>
										<condition number="0" type="jump" coverage="0%"/>
									</conditions>
								</line>
								<line number="479" hits="0" branch="false"/>
								<line number="481" hits="0" branch="false"/>
							</lines>
						</method>
						<method name="setClassLoader" signature="(Ljava/lang/ClassLoader;)V" line-rate="0.0" branch-rate="1.0">
							<lines>
								<line number="232" hits="0" branch="false"/>
								<line number="233" hits="0" branch="false"/>
							</lines>
						</method>
						<method name="setClassLoaderSource" signature="(Ljava/lang/String;)V" line-rate="0.0" branch-rate="1.0">
							<lines>
								<line number="113" hits="0" branch="false"/>
								<line number="114" hits="0" branch="false"/>
							</lines>
						</method>
					</methods>
					<lines>
						<line number="80" hits="1" branch="false"/>
						<line number="89" hits="0" branch="false"/>
						<line number="90" hits="0" branch="false"/>
						<line number="99" hits="0" branch="false"/>
						<line number="113" hits="0" branch="false"/>
						<line number="114" hits="0" branch="false"/>
						<line number="125" hits="2" branch="true" condition-coverage="50% (1/2)">
							<conditions>
								<condition number="0" type="jump" coverage="50%"/>
							</conditions>
						</line>
						<line number="126" hits="0" branch="false"/>
						<line number="128" hits="2" branch="true" condition-coverage="50% (1/2)">
							<conditions>
								<condition number="0" type="jump" coverage="50%"/>
							</conditions>
						</line>
						<line number="129" hits="2" branch="false"/>
						<line number="132" hits="0" branch="false"/>
						<line number="145" hits="0" branch="false"/>
						<line number="146" hits="0" branch="true" condition-coverage="0% (0/2)">
							<conditions>
								<condition number="0" type="jump" coverage="0%"/>
							</conditions>
						</line>
						<line number="147" hits="0" branch="false"/>
						<line number="149" hits="0" branch="false"/>
						<line number="162" hits="0" branch="true" condition-coverage="0% (0/2)">
							<conditions>
								<condition number="0" type="jump" coverage="0%"/>
							</conditions>
						</line>
						<line number="163" hits="0" branch="false"/>
						<line number="165" hits="0" branch="true" condition-coverage="0% (0/2)">
							<conditions>
								<condition number="0" type="jump" coverage="0%"/>
							</conditions>
						</line>
						<line number="166" hits="0" branch="false"/>
						<line number="167" hits="0" branch="false"/>
						<line number="171" hits="0" branch="false"/>
						<line number="173" hits="0" branch="true" condition-coverage="0% (0/2)">
							<conditions>
								<condition number="0" type="jump" coverage="0%"/>
							</conditions>
						</line>
						<line number="174" hits="0" branch="false"/>
						<line number="177" hits="0" branch="false"/>
						<line number="178" hits="0" branch="false"/>
						<line number="180" hits="0" branch="false"/>
						<line number="181" hits="0" branch="false"/>
						<line number="183" hits="0" branch="false"/>
						<line number="184" hits="0" branch="false"/>
						<line number="185" hits="0" branch="false"/>
						<line number="187" hits="0" branch="false"/>
						<line number="203" hits="0" branch="true" condition-coverage="0% (0/2)">
							<conditions>
								<condition number="0" type="jump" coverage="0%"/>
							</conditions>
						</line>
						<line number="204" hits="0" branch="false"/>
						<line number="209" hits="0" branch="false"/>
						<line number="211" hits="0" branch="false"/>
						<line number="212" hits="0" branch="false"/>
						<line number="213" hits="0" branch="true" condition-coverage="0% (0/2)">
							<conditions>
								<condition number="0" type="jump" coverage="0%"/>
							</conditions>
						</line>
						<line number="214" hits="0" branch="false"/>
						<line number="215" hits="0" branch="true" condition-coverage="0% (0/2)">
							<conditions>
								<condition number="0" type="jump" coverage="0%"/>
							</conditions>
						</line>
						<line number="216" hits="0" branch="false"/>
						<line number="219" hits="0" branch="false"/>
						<line number="221" hits="0" branch="false"/>
						<line number="222" hits="0" branch="false"/>
						<line number="232" hits="0" branch="false"/>
						<line number="233" hits="0" branch="false"/>
						<line number="241" hits="0" branch="false"/>
						<line number="255" hits="0" branch="true" condition-coverage="0% (0/2)">
							<conditions>
								<condition number="0" type="jump" coverage="0%"/>
							</conditions>
						</line>
						<line number="256" hits="0" branch="false"/>
						<line number="258" hits="0" branch="true" condition-coverage="0% (0/2)">
							<conditions>
								<condition number="0" type="jump" coverage="0%"/>
							</conditions>
						</line>
						<line number="259" hits="0" branch="false"/>
						<line number="261" hits="0" branch="true" condition-coverage="0% (0/2)">
							<conditions>
								<condition number="0" type="jump" coverage="0%"/>
							</conditions>
						</line>
						<line number="262" hits="0" branch="false"/>
						<line number="267" hits="0" branch="false"/>
						<line number="268" hits="0" branch="true" condition-coverage="0% (0/2)">
							<conditions>
								<condition number="0" type="jump" coverage="0%"/>
							</conditions>
						</line>
						<line number="269" hits="0" branch="false"/>
						<line number="272" hits="0" branch="false"/>
						<line number="285" hits="0" branch="false"/>
						<line number="286" hits="0" branch="true" condition-coverage="0% (0/2)">
							<conditions>
								<condition number="0" type="jump" coverage="0%"/>
							</conditions>
						</line>
						<line number="287" hits="0" branch="false"/>
						<line number="289" hits="0" branch="false"/>
						<line number="300" hits="0" branch="false"/>
						<line number="301" hits="0" branch="false"/>
						<line number="302" hits="0" branch="true" condition-coverage="0% (0/2)">
							<conditions>
								<condition number="0" type="jump" coverage="0%"/>
							</conditions>
						</line>
						<line number="303" hits="0" branch="false"/>
						<line number="305" hits="0" branch="false"/>
						<line number="319" hits="0" branch="true" condition-coverage="0% (0/2)">
							<conditions>
								<condition number="0" type="jump" coverage="0%"/>
							</conditions>
						</line>
						<line number="321" hits="0" branch="false"/>
						<line number="325" hits="0" branch="true" condition-coverage="0% (0/2)">
							<conditions>
								<condition number="0" type="jump" coverage="0%"/>
							</conditions>
						</line>
						<line number="326" hits="0" branch="false"/>
						<line number="329" hits="0" branch="false"/>
						<line number="330" hits="0" branch="false"/>
						<line number="331" hits="0" branch="true" condition-coverage="0% (0/2)">
							<conditions>
								<condition number="0" type="jump" coverage="0%"/>
							</conditions>
						</line>
						<line number="332" hits="0" branch="false"/>
						<line number="335" hits="0" branch="false"/>
						<line number="336" hits="0" branch="false"/>
						<line number="349" hits="0" branch="false"/>
						<line number="350" hits="0" branch="true" condition-coverage="0% (0/2)">
							<conditions>
								<condition number="0" type="jump" coverage="0%"/>
							</conditions>
						</line>
						<line number="351" hits="0" branch="false"/>
						<line number="355" hits="0" branch="false"/>
						<line number="357" hits="0" branch="false"/>
						<line number="358" hits="0" branch="false"/>
						<line number="372" hits="0" branch="false"/>
						<line number="373" hits="0" branch="true" condition-coverage="0% (0/2)">
							<conditions>
								<condition number="0" type="jump" coverage="0%"/>
							</conditions>
						</line>
						<line number="374" hits="0" branch="false"/>
						<line number="378" hits="0" branch="false"/>
						<line number="380" hits="0" branch="false"/>
						<line number="381" hits="0" branch="false"/>
						<line number="396" hits="0" branch="false"/>
						<line number="397" hits="0" branch="false"/>
						<line number="398" hits="0" branch="false"/>
						<line number="400" hits="0" branch="false"/>
						<line number="401" hits="0" branch="false"/>
						<line number="421" hits="0" branch="false"/>
						<line number="422" hits="0" branch="false"/>
						<line number="423" hits="0" branch="true" condition-coverage="0% (0/2)">
							<conditions>
								<condition number="0" type="jump" coverage="0%"/>
							</conditions>
						</line>
						<line number="424" hits="0" branch="false"/>
						<line number="427" hits="0" branch="false"/>
						<line number="428" hits="0" branch="false"/>
						<line number="429" hits="0" branch="false"/>
						<line number="430" hits="0" branch="false"/>
						<line number="439" hits="0" branch="true" condition-coverage="0% (0/2)">
							<conditions>
								<condition number="0" type="jump" coverage="0%"/>
							</conditions>
						</line>
						<line number="440" hits="0" branch="true" condition-coverage="0% (0/2)">
							<conditions>
								<condition number="0" type="jump" coverage="0%"/>
							</conditions>
						</line>
						<line number="442" hits="0" branch="false"/>
						<line number="443" hits="0" branch="false"/>
						<line number="445" hits="0" branch="false"/>
						<line number="446" hits="0" branch="false"/>
						<line number="448" hits="0" branch="false"/>
						<line number="455" hits="0" branch="false"/>
						<line number="458" hits="0" branch="true" condition-coverage="0% (0/2)">
							<conditions>
								<condition number="0" type="jump" coverage="0%"/>
							</conditions>
						</line>
						<line number="459" hits="0" branch="false"/>
						<line number="462" hits="0" branch="false"/>
						<line number="463" hits="0" branch="false"/>
						<line number="464" hits="0" branch="true" condition-coverage="0% (0/2)">
							<conditions>
								<condition number="0" type="jump" coverage="0%"/>
							</conditions>
						</line>
						<line number="466" hits="0" branch="false"/>
						<line number="467" hits="0" branch="false"/>
						<line number="472" hits="0" branch="true" condition-coverage="0% (0/2)">
							<conditions>
								<condition number="0" type="jump" coverage="0%"/>
							</conditions>
						</line>
						<line number="473" hits="0" branch="false"/>
						<line number="476" hits="0" branch="false"/>
						<line number="477" hits="0" branch="false"/>
						<line number="478" hits="0" branch="true" condition-coverage="0% (0/2)">
							<conditions>
								<condition number="0" type="jump" coverage="0%"/>
							</conditions>
						</line>
						<line number="479" hits="0" branch="false"/>
						<line number="481" hits="0" branch="false"/>
					</lines>
				</class>
				<class name="org.jfree.chart.util.SerialUtilities" filename="org/jfree/chart/util/SerialUtilities.java" line-rate="0.16015625" branch-rate="0.11666666666666667" complexity="5.916666666666667">
					<methods>
						<method name="&lt;init&gt;" signature="()V" line-rate="0.0" branch-rate="1.0">
							<lines>
								<line number="80" hits="0" branch="false"/>
								<line number="81" hits="0" branch="false"/>
							</lines>
						</method>
						<method name="class$" signature="(Ljava/lang/String;)Ljava/lang/Class;" line-rate="1.0" branch-rate="0.0">
							<lines>
								<line number="92" hits="2" branch="true" condition-coverage="0% (0/2)">
									<conditions>
										<condition number="0" type="jump" coverage="0%"/>
									</conditions>
								</line>
							</lines>
						</method>
						<method name="isSerializable" signature="(Ljava/lang/Class;)Z" line-rate="1.0" branch-rate="1.0">
							<lines>
							</lines>
						</method>
						<method name="readAttributedString" signature="(Ljava/io/ObjectInputStream;)Ljava/text/AttributedString;" line-rate="0.0" branch-rate="0.0">
							<lines>
								<line number="490" hits="0" branch="true" condition-coverage="0% (0/2)">
									<conditions>
										<condition number="0" type="jump" coverage="0%"/>
									</conditions>
								</line>
								<line number="491" hits="0" branch="false"/>
								<line number="493" hits="0" branch="false"/>
								<line number="494" hits="0" branch="false"/>
								<line number="495" hits="0" branch="true" condition-coverage="0% (0/2)">
									<conditions>
										<condition number="0" type="jump" coverage="0%"/>
									</conditions>
								</line>
								<line number="497" hits="0" branch="false"/>
								<line number="498" hits="0" branch="false"/>
								<line number="499" hits="0" branch="false"/>
								<line number="500" hits="0" branch="false"/>
								<line number="501" hits="0" branch="true" condition-coverage="0% (0/2)">
									<conditions>
										<condition number="0" type="jump" coverage="0%"/>
									</conditions>
								</line>
								<line number="502" hits="0" branch="false"/>
								<line number="503" hits="0" branch="false"/>
								<line number="504" hits="0" branch="false"/>
								<line number="505" hits="0" branch="false"/>
								<line number="506" hits="0" branch="false"/>
								<line number="507" hits="0" branch="false"/>
								<line number="509" hits="0" branch="false"/>
							</lines>
						</method>
						<method name="readPaint" signature="(Ljava/io/ObjectInputStream;)Ljava/awt/Paint;" line-rate="0.0" branch-rate="0.0">
							<lines>
								<line number="109" hits="0" branch="true" condition-coverage="0% (0/2)">
									<conditions>
										<condition number="0" type="jump" coverage="0%"/>
									</conditions>
								</line>
								<line number="110" hits="0" branch="false"/>
								<line number="112" hits="0" branch="false"/>
								<line number="113" hits="0" branch="false"/>
								<line number="114" hits="0" branch="true" condition-coverage="0% (0/2)">
									<conditions>
										<condition number="0" type="jump" coverage="0%"/>
									</conditions>
								</line>
								<line number="115" hits="0" branch="false"/>
								<line number="116" hits="0" branch="true" condition-coverage="0% (0/2)">
									<conditions>
										<condition number="0" type="jump" coverage="0%"/>
									</conditions>
								</line>
								<line number="117" hits="0" branch="false"/>
								<line number="119" hits="0" branch="true" condition-coverage="0% (0/4)">
									<conditions>
										<condition number="0" type="jump" coverage="0%"/>
										<condition number="1" type="jump" coverage="0%"/>
									</conditions>
								</line>
								<line number="120" hits="0" branch="false"/>
								<line number="121" hits="0" branch="false"/>
								<line number="122" hits="0" branch="false"/>
								<line number="123" hits="0" branch="false"/>
								<line number="124" hits="0" branch="false"/>
								<line number="125" hits="0" branch="false"/>
								<line number="126" hits="0" branch="false"/>
								<line number="127" hits="0" branch="false"/>
								<line number="130" hits="0" branch="false"/>
							</lines>
						</method>
						<method name="readPoint2D" signature="(Ljava/io/ObjectInputStream;)Ljava/awt/geom/Point2D;" line-rate="0.0" branch-rate="0.0">
							<lines>
								<line number="436" hits="0" branch="true" condition-coverage="0% (0/2)">
									<conditions>
										<condition number="0" type="jump" coverage="0%"/>
									</conditions>
								</line>
								<line number="437" hits="0" branch="false"/>
								<line number="439" hits="0" branch="false"/>
								<line number="440" hits="0" branch="false"/>
								<line number="441" hits="0" branch="true" condition-coverage="0% (0/2)">
									<conditions>
										<condition number="0" type="jump" coverage="0%"/>
									</conditions>
								</line>
								<line number="442" hits="0" branch="false"/>
								<line number="443" hits="0" branch="false"/>
								<line number="444" hits="0" branch="false"/>
								<line number="446" hits="0" branch="false"/>
							</lines>
						</method>
						<method name="readShape" signature="(Ljava/io/ObjectInputStream;)Ljava/awt/Shape;" line-rate="0.3125" branch-rate="0.20588235294117646">
							<lines>
								<line number="263" hits="2" branch="true" condition-coverage="50% (1/2)">
									<conditions>
										<condition number="0" type="jump" coverage="50%"/>
									</conditions>
								</line>
								<line number="264" hits="0" branch="false"/>
								<line number="266" hits="2" branch="false"/>
								<line number="267" hits="2" branch="false"/>
								<line number="268" hits="2" branch="true" condition-coverage="50% (1/2)">
									<conditions>
										<condition number="0" type="jump" coverage="50%"/>
									</conditions>
								</line>
								<line number="269" hits="2" branch="false"/>
								<line number="270" hits="2" branch="true" condition-coverage="75% (3/4)">
									<conditions>
										<condition number="0" type="jump" coverage="50%"/>
										<condition number="1" type="jump" coverage="100%"/>
									</conditions>
								</line>
								<line number="271" hits="1" branch="false"/>
								<line number="272" hits="1" branch="false"/>
								<line number="273" hits="1" branch="false"/>
								<line number="274" hits="1" branch="false"/>
								<line number="275" hits="1" branch="false"/>
								<line number="276" hits="1" branch="false"/>
								<line number="277" hits="1" branch="true" condition-coverage="50% (2/4)">
									<conditions>
										<condition number="0" type="jump" coverage="50%"/>
										<condition number="1" type="jump" coverage="50%"/>
									</conditions>
								</line>
								<line number="278" hits="1" branch="false"/>
								<line number="279" hits="1" branch="false"/>
								<line number="280" hits="1" branch="false"/>
								<line number="281" hits="1" branch="false"/>
								<line number="282" hits="1" branch="false"/>
								<line number="283" hits="1" branch="false"/>
								<line number="284" hits="0" branch="true" condition-coverage="0% (0/4)">
									<conditions>
										<condition number="0" type="jump" coverage="0%"/>
										<condition number="1" type="jump" coverage="0%"/>
									</conditions>
								</line>
								<line number="285" hits="0" branch="false"/>
								<line number="286" hits="0" branch="false"/>
								<line number="287" hits="0" branch="false"/>
								<line number="288" hits="0" branch="false"/>
								<line number="289" hits="0" branch="false"/>
								<line number="290" hits="0" branch="false"/>
								<line number="291" hits="0" branch="true" condition-coverage="0% (0/4)">
									<conditions>
										<condition number="0" type="jump" coverage="0%"/>
										<condition number="1" type="jump" coverage="0%"/>
									</conditions>
								</line>
								<line number="292" hits="0" branch="false"/>
								<line number="293" hits="0" branch="false"/>
								<line number="294" hits="0" branch="false"/>
								<line number="295" hits="0" branch="false"/>
								<line number="296" hits="0" branch="false"/>
								<line number="297" hits="0" branch="false"/>
								<line number="298" hits="0" branch="false"/>
								<line number="299" hits="0" branch="false"/>
								<line number="300" hits="0" branch="false"/>
								<line number="301" hits="0" branch="true" condition-coverage="0% (0/4)">
									<conditions>
										<condition number="0" type="jump" coverage="0%"/>
										<condition number="1" type="jump" coverage="0%"/>
									</conditions>
								</line>
								<line number="302" hits="0" branch="false"/>
								<line number="303" hits="0" branch="false"/>
								<line number="304" hits="0" branch="false"/>
								<line number="305" hits="0" branch="true" condition-coverage="0% (0/2)">
									<conditions>
										<condition number="0" type="jump" coverage="0%"/>
									</conditions>
								</line>
								<line number="306" hits="0" branch="false"/>
								<line number="307" hits="0" branch="true" condition-coverage="0% (0/2)">
									<conditions>
										<condition number="0" type="jump" coverage="0%"/>
									</conditions>
								</line>
								<line number="308" hits="0" branch="false"/>
								<line number="310" hits="0" branch="true" condition-coverage="0% (0/6)">
									<conditions>
										<condition number="0" type="switch" coverage="0%"/>
									</conditions>
								</line>
								<line number="312" hits="0" branch="false"/>
								<line number="313" hits="0" branch="false"/>
								<line number="315" hits="0" branch="false"/>
								<line number="316" hits="0" branch="false"/>
								<line number="318" hits="0" branch="false"/>
								<line number="320" hits="0" branch="false"/>
								<line number="322" hits="0" branch="false"/>
								<line number="323" hits="0" branch="false"/>
								<line number="325" hits="0" branch="false"/>
								<line number="326" hits="0" branch="false"/>
								<line number="328" hits="0" branch="false"/>
								<line number="331" hits="0" branch="false"/>
								<line number="332" hits="0" branch="false"/>
								<line number="333" hits="0" branch="false"/>
								<line number="334" hits="0" branch="false"/>
								<line number="335" hits="0" branch="false"/>
								<line number="337" hits="0" branch="false"/>
								<line number="340" hits="2" branch="false"/>
							</lines>
						</method>
						<method name="readStroke" signature="(Ljava/io/ObjectInputStream;)Ljava/awt/Stroke;" line-rate="0.0" branch-rate="0.0">
							<lines>
								<line number="185" hits="0" branch="true" condition-coverage="0% (0/2)">
									<conditions>
										<condition number="0" type="jump" coverage="0%"/>
									</conditions>
								</line>
								<line number="186" hits="0" branch="false"/>
								<line number="188" hits="0" branch="false"/>
								<line number="189" hits="0" branch="false"/>
								<line number="190" hits="0" branch="true" condition-coverage="0% (0/2)">
									<conditions>
										<condition number="0" type="jump" coverage="0%"/>
									</conditions>
								</line>
								<line number="191" hits="0" branch="false"/>
								<line number="192" hits="0" branch="true" condition-coverage="0% (0/4)">
									<conditions>
										<condition number="0" type="jump" coverage="0%"/>
										<condition number="1" type="jump" coverage="0%"/>
									</conditions>
								</line>
								<line number="193" hits="0" branch="false"/>
								<line number="194" hits="0" branch="false"/>
								<line number="195" hits="0" branch="false"/>
								<line number="196" hits="0" branch="false"/>
								<line number="197" hits="0" branch="false"/>
								<line number="198" hits="0" branch="false"/>
								<line number="199" hits="0" branch="false"/>
								<line number="201" hits="0" branch="false"/>
								<line number="203" hits="0" branch="false"/>
								<line number="206" hits="0" branch="false"/>
							</lines>
						</method>
						<method name="writeAttributedString" signature="(Ljava/text/AttributedString;Ljava/io/ObjectOutputStream;)V" line-rate="0.0" branch-rate="0.0">
							<lines>
								<line number="523" hits="0" branch="true" condition-coverage="0% (0/2)">
									<conditions>
										<condition number="0" type="jump" coverage="0%"/>
									</conditions>
								</line>
								<line number="524" hits="0" branch="false"/>
								<line number="526" hits="0" branch="true" condition-coverage="0% (0/2)">
									<conditions>
										<condition number="0" type="jump" coverage="0%"/>
									</conditions>
								</line>
								<line number="527" hits="0" branch="false"/>
								<line number="528" hits="0" branch="false"/>
								<line number="531" hits="0" branch="false"/>
								<line number="532" hits="0" branch="false"/>
								<line number="533" hits="0" branch="true" condition-coverage="0% (0/2)">
									<conditions>
										<condition number="0" type="jump" coverage="0%"/>
									</conditions>
								</line>
								<line number="534" hits="0" branch="false"/>
								<line number="535" hits="0" branch="false"/>
								<line number="537" hits="0" branch="false"/>
								<line number="540" hits="0" branch="false"/>
								<line number="541" hits="0" branch="false"/>
								<line number="542" hits="0" branch="true" condition-coverage="0% (0/2)">
									<conditions>
										<condition number="0" type="jump" coverage="0%"/>
									</conditions>
								</line>
								<line number="546" hits="0" branch="false"/>
								<line number="549" hits="0" branch="false"/>
								<line number="550" hits="0" branch="false"/>
								<line number="553" hits="0" branch="false"/>
								<line number="554" hits="0" branch="false"/>
								<line number="555" hits="0" branch="false"/>
								<line number="556" hits="0" branch="false"/>
								<line number="559" hits="0" branch="false"/>
								<line number="560" hits="0" branch="false"/>
								<line number="563" hits="0" branch="false"/>
								<line number="566" hits="0" branch="false"/>
							</lines>
						</method>
						<method name="writePaint" signature="(Ljava/awt/Paint;Ljava/io/ObjectOutputStream;)V" line-rate="0.0" branch-rate="0.0">
							<lines>
								<line number="145" hits="0" branch="true" condition-coverage="0% (0/2)">
									<conditions>
										<condition number="0" type="jump" coverage="0%"/>
									</conditions>
								</line>
								<line number="146" hits="0" branch="false"/>
								<line number="148" hits="0" branch="true" condition-coverage="0% (0/2)">
									<conditions>
										<condition number="0" type="jump" coverage="0%"/>
									</conditions>
								</line>
								<line number="149" hits="0" branch="false"/>
								<line number="150" hits="0" branch="false"/>
								<line number="151" hits="0" branch="true" condition-coverage="0% (0/2)">
									<conditions>
										<condition number="0" type="jump" coverage="0%"/>
									</conditions>
								</line>
								<line number="152" hits="0" branch="false"/>
								<line number="154" hits="0" branch="true" condition-coverage="0% (0/2)">
									<conditions>
										<condition number="0" type="jump" coverage="0%"/>
									</conditions>
								</line>
								<line number="155" hits="0" branch="false"/>
								<line number="156" hits="0" branch="false"/>
								<line number="157" hits="0" branch="false"/>
								<line number="158" hits="0" branch="false"/>
								<line number="159" hits="0" branch="false"/>
								<line number="160" hits="0" branch="false"/>
								<line number="161" hits="0" branch="false"/>
								<line number="162" hits="0" branch="false"/>
								<line number="163" hits="0" branch="false"/>
								<line number="166" hits="0" branch="false"/>
								<line number="169" hits="0" branch="false"/>
							</lines>
						</method>
						<method name="writePoint2D" signature="(Ljava/awt/geom/Point2D;Ljava/io/ObjectOutputStream;)V" line-rate="0.0" branch-rate="0.0">
							<lines>
								<line number="461" hits="0" branch="true" condition-coverage="0% (0/2)">
									<conditions>
										<condition number="0" type="jump" coverage="0%"/>
									</conditions>
								</line>
								<line number="462" hits="0" branch="false"/>
								<line number="464" hits="0" branch="true" condition-coverage="0% (0/2)">
									<conditions>
										<condition number="0" type="jump" coverage="0%"/>
									</conditions>
								</line>
								<line number="465" hits="0" branch="false"/>
								<line number="466" hits="0" branch="false"/>
								<line number="467" hits="0" branch="false"/>
								<line number="470" hits="0" branch="false"/>
								<line number="472" hits="0" branch="false"/>
							</lines>
						</method>
						<method name="writeShape" signature="(Ljava/awt/Shape;Ljava/io/ObjectOutputStream;)V" line-rate="0.3448275862068966" branch-rate="0.25">
							<lines>
								<line number="355" hits="2" branch="true" condition-coverage="50% (1/2)">
									<conditions>
										<condition number="0" type="jump" coverage="50%"/>
									</conditions>
								</line>
								<line number="356" hits="0" branch="false"/>
								<line number="358" hits="2" branch="true" condition-coverage="50% (1/2)">
									<conditions>
										<condition number="0" type="jump" coverage="50%"/>
									</conditions>
								</line>
								<line number="359" hits="2" branch="false"/>
								<line number="360" hits="2" branch="true" condition-coverage="100% (2/2)">
									<conditions>
										<condition number="0" type="jump" coverage="100%"/>
									</conditions>
								</line>
								<line number="361" hits="1" branch="false"/>
								<line number="362" hits="1" branch="true" condition-coverage="50% (1/2)">
									<conditions>
										<condition number="0" type="jump" coverage="50%"/>
									</conditions>
								</line>
								<line number="363" hits="1" branch="false"/>
								<line number="364" hits="1" branch="false"/>
								<line number="365" hits="1" branch="false"/>
								<line number="366" hits="1" branch="false"/>
								<line number="367" hits="1" branch="false"/>
								<line number="368" hits="1" branch="true" condition-coverage="50% (1/2)">
									<conditions>
										<condition number="0" type="jump" coverage="50%"/>
									</conditions>
								</line>
								<line number="369" hits="1" branch="false"/>
								<line number="370" hits="1" branch="true" condition-coverage="50% (1/2)">
									<conditions>
										<condition number="0" type="jump" coverage="50%"/>
									</conditions>
								</line>
								<line number="371" hits="1" branch="false"/>
								<line number="372" hits="1" branch="false"/>
								<line number="373" hits="1" branch="false"/>
								<line number="374" hits="1" branch="false"/>
								<line number="375" hits="1" branch="false"/>
								<line number="376" hits="0" branch="true" condition-coverage="0% (0/2)">
									<conditions>
										<condition number="0" type="jump" coverage="0%"/>
									</conditions>
								</line>
								<line number="377" hits="0" branch="false"/>
								<line number="378" hits="0" branch="true" condition-coverage="0% (0/2)">
									<conditions>
										<condition number="0" type="jump" coverage="0%"/>
									</conditions>
								</line>
								<line number="379" hits="0" branch="false"/>
								<line number="380" hits="0" branch="false"/>
								<line number="381" hits="0" branch="false"/>
								<line number="382" hits="0" branch="false"/>
								<line number="383" hits="0" branch="false"/>
								<line number="384" hits="0" branch="true" condition-coverage="0% (0/2)">
									<conditions>
										<condition number="0" type="jump" coverage="0%"/>
									</conditions>
								</line>
								<line number="385" hits="0" branch="false"/>
								<line number="386" hits="0" branch="true" condition-coverage="0% (0/2)">
									<conditions>
										<condition number="0" type="jump" coverage="0%"/>
									</conditions>
								</line>
								<line number="387" hits="0" branch="false"/>
								<line number="388" hits="0" branch="false"/>
								<line number="389" hits="0" branch="false"/>
								<line number="390" hits="0" branch="false"/>
								<line number="391" hits="0" branch="false"/>
								<line number="392" hits="0" branch="false"/>
								<line number="393" hits="0" branch="false"/>
								<line number="394" hits="0" branch="false"/>
								<line number="395" hits="0" branch="true" condition-coverage="0% (0/2)">
									<conditions>
										<condition number="0" type="jump" coverage="0%"/>
									</conditions>
								</line>
								<line number="396" hits="0" branch="true" condition-coverage="0% (0/2)">
									<conditions>
										<condition number="0" type="jump" coverage="0%"/>
									</conditions>
								</line>
								<line number="397" hits="0" branch="false"/>
								<line number="398" hits="0" branch="false"/>
								<line number="399" hits="0" branch="false"/>
								<line number="400" hits="0" branch="true" condition-coverage="0% (0/2)">
									<conditions>
										<condition number="0" type="jump" coverage="0%"/>
									</conditions>
								</line>
								<line number="401" hits="0" branch="false"/>
								<line number="402" hits="0" branch="false"/>
								<line number="405" hits="0" branch="true" condition-coverage="0% (0/2)">
									<conditions>
										<condition number="0" type="jump" coverage="0%"/>
									</conditions>
								</line>
								<line number="406" hits="0" branch="false"/>
								<line number="408" hits="0" branch="false"/>
								<line number="409" hits="0" branch="false"/>
								<line number="410" hits="0" branch="false"/>
								<line number="411" hits="0" branch="false"/>
								<line number="412" hits="0" branch="false"/>
								<line number="414" hits="0" branch="false"/>
								<line number="415" hits="0" branch="false"/>
								<line number="419" hits="0" branch="false"/>
								<line number="421" hits="2" branch="false"/>
							</lines>
						</method>
						<method name="writeStroke" signature="(Ljava/awt/Stroke;Ljava/io/ObjectOutputStream;)V" line-rate="0.0" branch-rate="0.0">
							<lines>
								<line number="224" hits="0" branch="true" condition-coverage="0% (0/2)">
									<conditions>
										<condition number="0" type="jump" coverage="0%"/>
									</conditions>
								</line>
								<line number="225" hits="0" branch="false"/>
								<line number="227" hits="0" branch="true" condition-coverage="0% (0/2)">
									<conditions>
										<condition number="0" type="jump" coverage="0%"/>
									</conditions>
								</line>
								<line number="228" hits="0" branch="false"/>
								<line number="229" hits="0" branch="true" condition-coverage="0% (0/2)">
									<conditions>
										<condition number="0" type="jump" coverage="0%"/>
									</conditions>
								</line>
								<line number="230" hits="0" branch="false"/>
								<line number="231" hits="0" branch="true" condition-coverage="0% (0/2)">
									<conditions>
										<condition number="0" type="jump" coverage="0%"/>
									</conditions>
								</line>
								<line number="232" hits="0" branch="false"/>
								<line number="233" hits="0" branch="false"/>
								<line number="234" hits="0" branch="false"/>
								<line number="235" hits="0" branch="false"/>
								<line number="236" hits="0" branch="false"/>
								<line number="237" hits="0" branch="false"/>
								<line number="238" hits="0" branch="false"/>
								<line number="240" hits="0" branch="false"/>
								<line number="241" hits="0" branch="false"/>
								<line number="245" hits="0" branch="false"/>
								<line number="247" hits="0" branch="false"/>
							</lines>
						</method>
					</methods>
					<lines>
						<line number="80" hits="0" branch="false"/>
						<line number="81" hits="0" branch="false"/>
						<line number="92" hits="2" branch="true" condition-coverage="0% (0/2)">
							<conditions>
								<condition number="0" type="jump" coverage="0%"/>
							</conditions>
						</line>
						<line number="109" hits="0" branch="true" condition-coverage="0% (0/2)">
							<conditions>
								<condition number="0" type="jump" coverage="0%"/>
							</conditions>
						</line>
						<line number="110" hits="0" branch="false"/>
						<line number="112" hits="0" branch="false"/>
						<line number="113" hits="0" branch="false"/>
						<line number="114" hits="0" branch="true" condition-coverage="0% (0/2)">
							<conditions>
								<condition number="0" type="jump" coverage="0%"/>
							</conditions>
						</line>
						<line number="115" hits="0" branch="false"/>
						<line number="116" hits="0" branch="true" condition-coverage="0% (0/2)">
							<conditions>
								<condition number="0" type="jump" coverage="0%"/>
							</conditions>
						</line>
						<line number="117" hits="0" branch="false"/>
						<line number="119" hits="0" branch="true" condition-coverage="0% (0/4)">
							<conditions>
								<condition number="0" type="jump" coverage="0%"/>
								<condition number="1" type="jump" coverage="0%"/>
							</conditions>
						</line>
						<line number="120" hits="0" branch="false"/>
						<line number="121" hits="0" branch="false"/>
						<line number="122" hits="0" branch="false"/>
						<line number="123" hits="0" branch="false"/>
						<line number="124" hits="0" branch="false"/>
						<line number="125" hits="0" branch="false"/>
						<line number="126" hits="0" branch="false"/>
						<line number="127" hits="0" branch="false"/>
						<line number="130" hits="0" branch="false"/>
						<line number="145" hits="0" branch="true" condition-coverage="0% (0/2)">
							<conditions>
								<condition number="0" type="jump" coverage="0%"/>
							</conditions>
						</line>
						<line number="146" hits="0" branch="false"/>
						<line number="148" hits="0" branch="true" condition-coverage="0% (0/2)">
							<conditions>
								<condition number="0" type="jump" coverage="0%"/>
							</conditions>
						</line>
						<line number="149" hits="0" branch="false"/>
						<line number="150" hits="0" branch="false"/>
						<line number="151" hits="0" branch="true" condition-coverage="0% (0/2)">
							<conditions>
								<condition number="0" type="jump" coverage="0%"/>
							</conditions>
						</line>
						<line number="152" hits="0" branch="false"/>
						<line number="154" hits="0" branch="true" condition-coverage="0% (0/2)">
							<conditions>
								<condition number="0" type="jump" coverage="0%"/>
							</conditions>
						</line>
						<line number="155" hits="0" branch="false"/>
						<line number="156" hits="0" branch="false"/>
						<line number="157" hits="0" branch="false"/>
						<line number="158" hits="0" branch="false"/>
						<line number="159" hits="0" branch="false"/>
						<line number="160" hits="0" branch="false"/>
						<line number="161" hits="0" branch="false"/>
						<line number="162" hits="0" branch="false"/>
						<line number="163" hits="0" branch="false"/>
						<line number="166" hits="0" branch="false"/>
						<line number="169" hits="0" branch="false"/>
						<line number="185" hits="0" branch="true" condition-coverage="0% (0/2)">
							<conditions>
								<condition number="0" type="jump" coverage="0%"/>
							</conditions>
						</line>
						<line number="186" hits="0" branch="false"/>
						<line number="188" hits="0" branch="false"/>
						<line number="189" hits="0" branch="false"/>
						<line number="190" hits="0" branch="true" condition-coverage="0% (0/2)">
							<conditions>
								<condition number="0" type="jump" coverage="0%"/>
							</conditions>
						</line>
						<line number="191" hits="0" branch="false"/>
						<line number="192" hits="0" branch="true" condition-coverage="0% (0/4)">
							<conditions>
								<condition number="0" type="jump" coverage="0%"/>
								<condition number="1" type="jump" coverage="0%"/>
							</conditions>
						</line>
						<line number="193" hits="0" branch="false"/>
						<line number="194" hits="0" branch="false"/>
						<line number="195" hits="0" branch="false"/>
						<line number="196" hits="0" branch="false"/>
						<line number="197" hits="0" branch="false"/>
						<line number="198" hits="0" branch="false"/>
						<line number="199" hits="0" branch="false"/>
						<line number="201" hits="0" branch="false"/>
						<line number="203" hits="0" branch="false"/>
						<line number="206" hits="0" branch="false"/>
						<line number="224" hits="0" branch="true" condition-coverage="0% (0/2)">
							<conditions>
								<condition number="0" type="jump" coverage="0%"/>
							</conditions>
						</line>
						<line number="225" hits="0" branch="false"/>
						<line number="227" hits="0" branch="true" condition-coverage="0% (0/2)">
							<conditions>
								<condition number="0" type="jump" coverage="0%"/>
							</conditions>
						</line>
						<line number="228" hits="0" branch="false"/>
						<line number="229" hits="0" branch="true" condition-coverage="0% (0/2)">
							<conditions>
								<condition number="0" type="jump" coverage="0%"/>
							</conditions>
						</line>
						<line number="230" hits="0" branch="false"/>
						<line number="231" hits="0" branch="true" condition-coverage="0% (0/2)">
							<conditions>
								<condition number="0" type="jump" coverage="0%"/>
							</conditions>
						</line>
						<line number="232" hits="0" branch="false"/>
						<line number="233" hits="0" branch="false"/>
						<line number="234" hits="0" branch="false"/>
						<line number="235" hits="0" branch="false"/>
						<line number="236" hits="0" branch="false"/>
						<line number="237" hits="0" branch="false"/>
						<line number="238" hits="0" branch="false"/>
						<line number="240" hits="0" branch="false"/>
						<line number="241" hits="0" branch="false"/>
						<line number="245" hits="0" branch="false"/>
						<line number="247" hits="0" branch="false"/>
						<line number="263" hits="2" branch="true" condition-coverage="50% (1/2)">
							<conditions>
								<condition number="0" type="jump" coverage="50%"/>
							</conditions>
						</line>
						<line number="264" hits="0" branch="false"/>
						<line number="266" hits="2" branch="false"/>
						<line number="267" hits="2" branch="false"/>
						<line number="268" hits="2" branch="true" condition-coverage="50% (1/2)">
							<conditions>
								<condition number="0" type="jump" coverage="50%"/>
							</conditions>
						</line>
						<line number="269" hits="2" branch="false"/>
						<line number="270" hits="2" branch="true" condition-coverage="75% (3/4)">
							<conditions>
								<condition number="0" type="jump" coverage="50%"/>
								<condition number="1" type="jump" coverage="100%"/>
							</conditions>
						</line>
						<line number="271" hits="1" branch="false"/>
						<line number="272" hits="1" branch="false"/>
						<line number="273" hits="1" branch="false"/>
						<line number="274" hits="1" branch="false"/>
						<line number="275" hits="1" branch="false"/>
						<line number="276" hits="1" branch="false"/>
						<line number="277" hits="1" branch="true" condition-coverage="50% (2/4)">
							<conditions>
								<condition number="0" type="jump" coverage="50%"/>
								<condition number="1" type="jump" coverage="50%"/>
							</conditions>
						</line>
						<line number="278" hits="1" branch="false"/>
						<line number="279" hits="1" branch="false"/>
						<line number="280" hits="1" branch="false"/>
						<line number="281" hits="1" branch="false"/>
						<line number="282" hits="1" branch="false"/>
						<line number="283" hits="1" branch="false"/>
						<line number="284" hits="0" branch="true" condition-coverage="0% (0/4)">
							<conditions>
								<condition number="0" type="jump" coverage="0%"/>
								<condition number="1" type="jump" coverage="0%"/>
							</conditions>
						</line>
						<line number="285" hits="0" branch="false"/>
						<line number="286" hits="0" branch="false"/>
						<line number="287" hits="0" branch="false"/>
						<line number="288" hits="0" branch="false"/>
						<line number="289" hits="0" branch="false"/>
						<line number="290" hits="0" branch="false"/>
						<line number="291" hits="0" branch="true" condition-coverage="0% (0/4)">
							<conditions>
								<condition number="0" type="jump" coverage="0%"/>
								<condition number="1" type="jump" coverage="0%"/>
							</conditions>
						</line>
						<line number="292" hits="0" branch="false"/>
						<line number="293" hits="0" branch="false"/>
						<line number="294" hits="0" branch="false"/>
						<line number="295" hits="0" branch="false"/>
						<line number="296" hits="0" branch="false"/>
						<line number="297" hits="0" branch="false"/>
						<line number="298" hits="0" branch="false"/>
						<line number="299" hits="0" branch="false"/>
						<line number="300" hits="0" branch="false"/>
						<line number="301" hits="0" branch="true" condition-coverage="0% (0/4)">
							<conditions>
								<condition number="0" type="jump" coverage="0%"/>
								<condition number="1" type="jump" coverage="0%"/>
							</conditions>
						</line>
						<line number="302" hits="0" branch="false"/>
						<line number="303" hits="0" branch="false"/>
						<line number="304" hits="0" branch="false"/>
						<line number="305" hits="0" branch="true" condition-coverage="0% (0/2)">
							<conditions>
								<condition number="0" type="jump" coverage="0%"/>
							</conditions>
						</line>
						<line number="306" hits="0" branch="false"/>
						<line number="307" hits="0" branch="true" condition-coverage="0% (0/2)">
							<conditions>
								<condition number="0" type="jump" coverage="0%"/>
							</conditions>
						</line>
						<line number="308" hits="0" branch="false"/>
						<line number="310" hits="0" branch="true" condition-coverage="0% (0/6)">
							<conditions>
								<condition number="0" type="switch" coverage="0%"/>
							</conditions>
						</line>
						<line number="312" hits="0" branch="false"/>
						<line number="313" hits="0" branch="false"/>
						<line number="315" hits="0" branch="false"/>
						<line number="316" hits="0" branch="false"/>
						<line number="318" hits="0" branch="false"/>
						<line number="320" hits="0" branch="false"/>
						<line number="322" hits="0" branch="false"/>
						<line number="323" hits="0" branch="false"/>
						<line number="325" hits="0" branch="false"/>
						<line number="326" hits="0" branch="false"/>
						<line number="328" hits="0" branch="false"/>
						<line number="331" hits="0" branch="false"/>
						<line number="332" hits="0" branch="false"/>
						<line number="333" hits="0" branch="false"/>
						<line number="334" hits="0" branch="false"/>
						<line number="335" hits="0" branch="false"/>
						<line number="337" hits="0" branch="false"/>
						<line number="340" hits="2" branch="false"/>
						<line number="355" hits="2" branch="true" condition-coverage="50% (1/2)">
							<conditions>
								<condition number="0" type="jump" coverage="50%"/>
							</conditions>
						</line>
						<line number="356" hits="0" branch="false"/>
						<line number="358" hits="2" branch="true" condition-coverage="50% (1/2)">
							<conditions>
								<condition number="0" type="jump" coverage="50%"/>
							</conditions>
						</line>
						<line number="359" hits="2" branch="false"/>
						<line number="360" hits="2" branch="true" condition-coverage="100% (2/2)">
							<conditions>
								<condition number="0" type="jump" coverage="100%"/>
							</conditions>
						</line>
						<line number="361" hits="1" branch="false"/>
						<line number="362" hits="1" branch="true" condition-coverage="50% (1/2)">
							<conditions>
								<condition number="0" type="jump" coverage="50%"/>
							</conditions>
						</line>
						<line number="363" hits="1" branch="false"/>
						<line number="364" hits="1" branch="false"/>
						<line number="365" hits="1" branch="false"/>
						<line number="366" hits="1" branch="false"/>
						<line number="367" hits="1" branch="false"/>
						<line number="368" hits="1" branch="true" condition-coverage="50% (1/2)">
							<conditions>
								<condition number="0" type="jump" coverage="50%"/>
							</conditions>
						</line>
						<line number="369" hits="1" branch="false"/>
						<line number="370" hits="1" branch="true" condition-coverage="50% (1/2)">
							<conditions>
								<condition number="0" type="jump" coverage="50%"/>
							</conditions>
						</line>
						<line number="371" hits="1" branch="false"/>
						<line number="372" hits="1" branch="false"/>
						<line number="373" hits="1" branch="false"/>
						<line number="374" hits="1" branch="false"/>
						<line number="375" hits="1" branch="false"/>
						<line number="376" hits="0" branch="true" condition-coverage="0% (0/2)">
							<conditions>
								<condition number="0" type="jump" coverage="0%"/>
							</conditions>
						</line>
						<line number="377" hits="0" branch="false"/>
						<line number="378" hits="0" branch="true" condition-coverage="0% (0/2)">
							<conditions>
								<condition number="0" type="jump" coverage="0%"/>
							</conditions>
						</line>
						<line number="379" hits="0" branch="false"/>
						<line number="380" hits="0" branch="false"/>
						<line number="381" hits="0" branch="false"/>
						<line number="382" hits="0" branch="false"/>
						<line number="383" hits="0" branch="false"/>
						<line number="384" hits="0" branch="true" condition-coverage="0% (0/2)">
							<conditions>
								<condition number="0" type="jump" coverage="0%"/>
							</conditions>
						</line>
						<line number="385" hits="0" branch="false"/>
						<line number="386" hits="0" branch="true" condition-coverage="0% (0/2)">
							<conditions>
								<condition number="0" type="jump" coverage="0%"/>
							</conditions>
						</line>
						<line number="387" hits="0" branch="false"/>
						<line number="388" hits="0" branch="false"/>
						<line number="389" hits="0" branch="false"/>
						<line number="390" hits="0" branch="false"/>
						<line number="391" hits="0" branch="false"/>
						<line number="392" hits="0" branch="false"/>
						<line number="393" hits="0" branch="false"/>
						<line number="394" hits="0" branch="false"/>
						<line number="395" hits="0" branch="true" condition-coverage="0% (0/2)">
							<conditions>
								<condition number="0" type="jump" coverage="0%"/>
							</conditions>
						</line>
						<line number="396" hits="0" branch="true" condition-coverage="0% (0/2)">
							<conditions>
								<condition number="0" type="jump" coverage="0%"/>
							</conditions>
						</line>
						<line number="397" hits="0" branch="false"/>
						<line number="398" hits="0" branch="false"/>
						<line number="399" hits="0" branch="false"/>
						<line number="400" hits="0" branch="true" condition-coverage="0% (0/2)">
							<conditions>
								<condition number="0" type="jump" coverage="0%"/>
							</conditions>
						</line>
						<line number="401" hits="0" branch="false"/>
						<line number="402" hits="0" branch="false"/>
						<line number="405" hits="0" branch="true" condition-coverage="0% (0/2)">
[...]
						<line number="285" hits="0" branch="true" condition-coverage="0% (0/2)">
							<conditions>
								<condition number="0" type="jump" coverage="0%"/>
							</conditions>
						</line>
						<line number="286" hits="0" branch="false"/>
						<line number="288" hits="0" branch="false"/>
						<line number="290" hits="0" branch="false"/>
						<line number="291" hits="0" branch="true" condition-coverage="0% (0/2)">
							<conditions>
								<condition number="0" type="jump" coverage="0%"/>
							</conditions>
						</line>
						<line number="292" hits="0" branch="false"/>
						<line number="294" hits="0" branch="false"/>
						<line number="296" hits="0" branch="false"/>
						<line number="299" hits="0" branch="true" condition-coverage="0% (0/2)">
							<conditions>
								<condition number="0" type="jump" coverage="0%"/>
							</conditions>
						</line>
						<line number="300" hits="0" branch="false"/>
						<line number="302" hits="0" branch="false"/>
						<line number="304" hits="0" branch="false"/>
						<line number="305" hits="0" branch="true" condition-coverage="0% (0/2)">
							<conditions>
								<condition number="0" type="jump" coverage="0%"/>
							</conditions>
						</line>
						<line number="306" hits="0" branch="false"/>
						<line number="308" hits="0" branch="false"/>
						<line number="310" hits="0" branch="false"/>
						<line number="313" hits="0" branch="true" condition-coverage="0% (0/2)">
							<conditions>
								<condition number="0" type="jump" coverage="0%"/>
							</conditions>
						</line>
						<line number="314" hits="0" branch="false"/>
						<line number="316" hits="0" branch="true" condition-coverage="0% (0/2)">
							<conditions>
								<condition number="0" type="jump" coverage="0%"/>
							</conditions>
						</line>
						<line number="317" hits="0" branch="false"/>
						<line number="319" hits="0" branch="false"/>
						<line number="321" hits="0" branch="false"/>
						<line number="324" hits="0" branch="true" condition-coverage="0% (0/2)">
							<conditions>
								<condition number="0" type="jump" coverage="0%"/>
							</conditions>
						</line>
						<line number="325" hits="0" branch="false"/>
						<line number="327" hits="0" branch="true" condition-coverage="0% (0/2)">
							<conditions>
								<condition number="0" type="jump" coverage="0%"/>
							</conditions>
						</line>
						<line number="328" hits="0" branch="false"/>
						<line number="330" hits="0" branch="false"/>
						<line number="332" hits="0" branch="false"/>
						<line number="335" hits="0" branch="false"/>
						<line number="341" hits="0" branch="false"/>
						<line number="342" hits="0" branch="false"/>
						<line number="343" hits="0" branch="false"/>
						<line number="344" hits="0" branch="false"/>
						<line number="345" hits="0" branch="false"/>
						<line number="346" hits="0" branch="false"/>
						<line number="347" hits="0" branch="true" condition-coverage="0% (0/2)">
							<conditions>
								<condition number="0" type="jump" coverage="0%"/>
							</conditions>
						</line>
						<line number="348" hits="0" branch="false"/>
						<line number="349" hits="0" branch="false"/>
						<line number="351" hits="0" branch="false"/>
						<line number="363" hits="0" branch="false"/>
						<line number="364" hits="0" branch="false"/>
						<line number="365" hits="0" branch="false"/>
						<line number="375" hits="0" branch="false"/>
						<line number="376" hits="0" branch="false"/>
						<line number="377" hits="0" branch="false"/>
						<line number="387" hits="0" branch="false"/>
						<line number="388" hits="0" branch="false"/>
						<line number="389" hits="0" branch="false"/>
						<line number="390" hits="0" branch="false"/>
						<line number="400" hits="0" branch="true" condition-coverage="0% (0/2)">
							<conditions>
								<condition number="0" type="jump" coverage="0%"/>
							</conditions>
						</line>
						<line number="401" hits="0" branch="false"/>
						<line number="403" hits="0" branch="false"/>
						<line number="404" hits="0" branch="false"/>
						<line number="405" hits="0" branch="false"/>
						<line number="415" hits="0" branch="true" condition-coverage="0% (0/2)">
							<conditions>
								<condition number="0" type="jump" coverage="0%"/>
							</conditions>
						</line>
						<line number="416" hits="0" branch="false"/>
						<line number="418" hits="0" branch="true" condition-coverage="0% (0/2)">
							<conditions>
								<condition number="0" type="jump" coverage="0%"/>
							</conditions>
						</line>
						<line number="419" hits="0" branch="false"/>
						<line number="421" hits="0" branch="true" condition-coverage="0% (0/2)">
							<conditions>
								<condition number="0" type="jump" coverage="0%"/>
							</conditions>
						</line>
						<line number="422" hits="0" branch="false"/>
						<line number="424" hits="0" branch="false"/>
						<line number="425" hits="0" branch="true" condition-coverage="0% (0/2)">
							<conditions>
								<condition number="0" type="jump" coverage="0%"/>
							</conditions>
						</line>
						<line number="427" hits="0" branch="false"/>
						<line number="429" hits="0" branch="true" condition-coverage="0% (0/2)">
							<conditions>
								<condition number="0" type="jump" coverage="0%"/>
							</conditions>
						</line>
						<line number="431" hits="0" branch="false"/>
						<line number="433" hits="0" branch="false"/>
						<line number="434" hits="0" branch="true" condition-coverage="0% (0/2)">
							<conditions>
								<condition number="0" type="jump" coverage="0%"/>
							</conditions>
						</line>
						<line number="435" hits="0" branch="false"/>
						<line number="437" hits="0" branch="true" condition-coverage="0% (0/2)">
							<conditions>
								<condition number="0" type="jump" coverage="0%"/>
							</conditions>
						</line>
						<line number="438" hits="0" branch="true" condition-coverage="0% (0/2)">
							<conditions>
								<condition number="0" type="jump" coverage="0%"/>
							</conditions>
						</line>
						<line number="439" hits="0" branch="false"/>
						<line number="442" hits="0" branch="false"/>
						<line number="452" hits="0" branch="true" condition-coverage="0% (0/2)">
							<conditions>
								<condition number="0" type="jump" coverage="0%"/>
							</conditions>
						</line>
						<line number="453" hits="0" branch="true" condition-coverage="0% (0/2)">
							<conditions>
								<condition number="0" type="jump" coverage="0%"/>
							</conditions>
						</line>
						<line number="454" hits="0" branch="false"/>
						<line number="455" hits="0" branch="false"/>
						<line number="456" hits="0" branch="false"/>
						<line number="457" hits="0" branch="false"/>
						<line number="458" hits="0" branch="false"/>
						<line number="459" hits="0" branch="false"/>
						<line number="460" hits="0" branch="false"/>
						<line number="461" hits="0" branch="false"/>
						<line number="480" hits="0" branch="false"/>
						<line number="481" hits="0" branch="false"/>
						<line number="498" hits="0" branch="false"/>
						<line number="500" hits="0" branch="false"/>
						<line number="501" hits="0" branch="true" condition-coverage="0% (0/2)">
							<conditions>
								<condition number="0" type="jump" coverage="0%"/>
							</conditions>
						</line>
						<line number="502" hits="0" branch="true" condition-coverage="0% (0/2)">
							<conditions>
								<condition number="0" type="jump" coverage="0%"/>
							</conditions>
						</line>
						<line number="503" hits="0" branch="false"/>
						<line number="504" hits="0" branch="false"/>
						<line number="506" hits="0" branch="false"/>
						<line number="508" hits="0" branch="false"/>
						<line number="509" hits="0" branch="false"/>
						<line number="510" hits="0" branch="false"/>
						<line number="513" hits="0" branch="false"/>
						<line number="523" hits="0" branch="false"/>
						<line number="532" hits="0" branch="false"/>
						<line number="542" hits="0" branch="false"/>
						<line number="552" hits="0" branch="false"/>
						<line number="561" hits="0" branch="false"/>
						<line number="570" hits="0" branch="false"/>
					</lines>
				</class>
				<class name="org.jfree.data.time.Year" filename="org/jfree/data/time/Year.java" line-rate="0.0" branch-rate="0.0" complexity="2.0">
					<methods>
						<method name="&lt;init&gt;" signature="()V" line-rate="0.0" branch-rate="1.0">
							<lines>
								<line number="88" hits="0" branch="false"/>
								<line number="89" hits="0" branch="false"/>
							</lines>
						</method>
						<method name="&lt;init&gt;" signature="(I)V" line-rate="0.0" branch-rate="0.0">
							<lines>
								<line number="96" hits="0" branch="false"/>
								<line number="97" hits="0" branch="true" condition-coverage="0% (0/4)">
									<conditions>
										<condition number="0" type="jump" coverage="0%"/>
										<condition number="1" type="jump" coverage="0%"/>
									</conditions>
								</line>
								<line number="100" hits="0" branch="false"/>
								<line number="103" hits="0" branch="false"/>
								<line number="104" hits="0" branch="false"/>
								<line number="105" hits="0" branch="false"/>
							</lines>
						</method>
						<method name="&lt;init&gt;" signature="(Ljava/util/Date;)V" line-rate="0.0" branch-rate="1.0">
							<lines>
								<line number="114" hits="0" branch="false"/>
								<line number="115" hits="0" branch="false"/>
							</lines>
						</method>
						<method name="&lt;init&gt;" signature="(Ljava/util/Date;Ljava/util/TimeZone;)V" line-rate="0.0" branch-rate="1.0">
							<lines>
								<line number="123" hits="0" branch="false"/>
								<line number="124" hits="0" branch="false"/>
								<line number="125" hits="0" branch="false"/>
								<line number="126" hits="0" branch="false"/>
								<line number="127" hits="0" branch="false"/>
								<line number="128" hits="0" branch="false"/>
							</lines>
						</method>
						<method name="compareTo" signature="(Ljava/lang/Object;)I" line-rate="0.0" branch-rate="0.0">
							<lines>
								<line number="317" hits="0" branch="true" condition-coverage="0% (0/2)">
									<conditions>
										<condition number="0" type="jump" coverage="0%"/>
									</conditions>
								</line>
								<line number="318" hits="0" branch="false"/>
								<line number="319" hits="0" branch="false"/>
								<line number="320" hits="0" branch="false"/>
								<line number="324" hits="0" branch="true" condition-coverage="0% (0/2)">
									<conditions>
										<condition number="0" type="jump" coverage="0%"/>
									</conditions>
								</line>
								<line number="326" hits="0" branch="false"/>
								<line number="333" hits="0" branch="false"/>
								<line number="336" hits="0" branch="false"/>
							</lines>
						</method>
						<method name="equals" signature="(Ljava/lang/Object;)Z" line-rate="0.0" branch-rate="0.0">
							<lines>
								<line number="271" hits="0" branch="true" condition-coverage="0% (0/2)">
									<conditions>
										<condition number="0" type="jump" coverage="0%"/>
									</conditions>
								</line>
								<line number="272" hits="0" branch="true" condition-coverage="0% (0/2)">
									<conditions>
										<condition number="0" type="jump" coverage="0%"/>
									</conditions>
								</line>
								<line number="273" hits="0" branch="false"/>
								<line number="274" hits="0" branch="true" condition-coverage="0% (0/2)">
									<conditions>
										<condition number="0" type="jump" coverage="0%"/>
									</conditions>
								</line>
								<line number="277" hits="0" branch="false"/>
								<line number="281" hits="0" branch="false"/>
							</lines>
						</method>
						<method name="getFirstMillisecond" signature="()J" line-rate="0.0" branch-rate="1.0">
							<lines>
								<line number="150" hits="0" branch="false"/>
							</lines>
						</method>
						<method name="getFirstMillisecond" signature="(Ljava/util/Calendar;)J" line-rate="0.0" branch-rate="1.0">
							<lines>
								<line number="233" hits="0" branch="false"/>
								<line number="234" hits="0" branch="false"/>
								<line number="237" hits="0" branch="false"/>
							</lines>
						</method>
						<method name="getLastMillisecond" signature="()J" line-rate="0.0" branch-rate="1.0">
							<lines>
								<line number="164" hits="0" branch="false"/>
							</lines>
						</method>
						<method name="getLastMillisecond" signature="(Ljava/util/Calendar;)J" line-rate="0.0" branch-rate="1.0">
							<lines>
								<line number="252" hits="0" branch="false"/>
								<line number="253" hits="0" branch="false"/>
								<line number="256" hits="0" branch="false"/>
							</lines>
						</method>
						<method name="getSerialIndex" signature="()J" line-rate="0.0" branch-rate="1.0">
							<lines>
								<line number="218" hits="0" branch="false"/>
							</lines>
						</method>
						<method name="getYear" signature="()I" line-rate="0.0" branch-rate="1.0">
							<lines>
								<line number="136" hits="0" branch="false"/>
							</lines>
						</method>
						<method name="hashCode" signature="()I" line-rate="0.0" branch-rate="1.0">
							<lines>
								<line number="295" hits="0" branch="false"/>
								<line number="296" hits="0" branch="false"/>
								<line number="297" hits="0" branch="false"/>
								<line number="298" hits="0" branch="false"/>
							</lines>
						</method>
						<method name="next" signature="()Lorg/jfree/data/time/RegularTimePeriod;" line-rate="0.0" branch-rate="0.0">
							<lines>
								<line number="202" hits="0" branch="true" condition-coverage="0% (0/2)">
									<conditions>
										<condition number="0" type="jump" coverage="0%"/>
									</conditions>
								</line>
								<line number="203" hits="0" branch="false"/>
								<line number="206" hits="0" branch="false"/>
							</lines>
						</method>
						<method name="parseYear" signature="(Ljava/lang/String;)Lorg/jfree/data/time/Year;" line-rate="0.0" branch-rate="1.0">
							<lines>
								<line number="364" hits="0" branch="false"/>
								<line number="366" hits="0" branch="false"/>
								<line number="367" hits="0" branch="false"/>
								<line number="368" hits="0" branch="false"/>
								<line number="372" hits="0" branch="false"/>
								<line number="374" hits="0" branch="false"/>
								<line number="375" hits="0" branch="false"/>
							</lines>
						</method>
						<method name="peg" signature="(Ljava/util/Calendar;)V" line-rate="0.0" branch-rate="1.0">
							<lines>
								<line number="176" hits="0" branch="false"/>
								<line number="177" hits="0" branch="false"/>
								<line number="178" hits="0" branch="false"/>
							</lines>
						</method>
						<method name="previous" signature="()Lorg/jfree/data/time/RegularTimePeriod;" line-rate="0.0" branch-rate="0.0">
							<lines>
								<line number="187" hits="0" branch="true" condition-coverage="0% (0/2)">
									<conditions>
										<condition number="0" type="jump" coverage="0%"/>
									</conditions>
								</line>
								<line number="188" hits="0" branch="false"/>
								<line number="191" hits="0" branch="false"/>
							</lines>
						</method>
						<method name="toString" signature="()Ljava/lang/String;" line-rate="0.0" branch-rate="1.0">
							<lines>
								<line number="346" hits="0" branch="false"/>
							</lines>
						</method>
					</methods>
					<lines>
						<line number="88" hits="0" branch="false"/>
						<line number="89" hits="0" branch="false"/>
						<line number="96" hits="0" branch="false"/>
						<line number="97" hits="0" branch="true" condition-coverage="0% (0/4)">
							<conditions>
								<condition number="0" type="jump" coverage="0%"/>
								<condition number="1" type="jump" coverage="0%"/>
							</conditions>
						</line>
						<line number="100" hits="0" branch="false"/>
						<line number="103" hits="0" branch="false"/>
						<line number="104" hits="0" branch="false"/>
						<line number="105" hits="0" branch="false"/>
						<line number="114" hits="0" branch="false"/>
						<line number="115" hits="0" branch="false"/>
						<line number="123" hits="0" branch="false"/>
						<line number="124" hits="0" branch="false"/>
						<line number="125" hits="0" branch="false"/>
						<line number="126" hits="0" branch="false"/>
						<line number="127" hits="0" branch="false"/>
						<line number="128" hits="0" branch="false"/>
						<line number="136" hits="0" branch="false"/>
						<line number="150" hits="0" branch="false"/>
						<line number="164" hits="0" branch="false"/>
						<line number="176" hits="0" branch="false"/>
						<line number="177" hits="0" branch="false"/>
						<line number="178" hits="0" branch="false"/>
						<line number="187" hits="0" branch="true" condition-coverage="0% (0/2)">
							<conditions>
								<condition number="0" type="jump" coverage="0%"/>
							</conditions>
						</line>
						<line number="188" hits="0" branch="false"/>
						<line number="191" hits="0" branch="false"/>
						<line number="202" hits="0" branch="true" condition-coverage="0% (0/2)">
							<conditions>
								<condition number="0" type="jump" coverage="0%"/>
							</conditions>
						</line>
						<line number="203" hits="0" branch="false"/>
						<line number="206" hits="0" branch="false"/>
						<line number="218" hits="0" branch="false"/>
						<line number="233" hits="0" branch="false"/>
						<line number="234" hits="0" branch="false"/>
						<line number="237" hits="0" branch="false"/>
						<line number="252" hits="0" branch="false"/>
						<line number="253" hits="0" branch="false"/>
						<line number="256" hits="0" branch="false"/>
						<line number="271" hits="0" branch="true" condition-coverage="0% (0/2)">
							<conditions>
								<condition number="0" type="jump" coverage="0%"/>
							</conditions>
						</line>
						<line number="272" hits="0" branch="true" condition-coverage="0% (0/2)">
							<conditions>
								<condition number="0" type="jump" coverage="0%"/>
							</conditions>
						</line>
						<line number="273" hits="0" branch="false"/>
						<line number="274" hits="0" branch="true" condition-coverage="0% (0/2)">
							<conditions>
								<condition number="0" type="jump" coverage="0%"/>
							</conditions>
						</line>
						<line number="277" hits="0" branch="false"/>
						<line number="281" hits="0" branch="false"/>
						<line number="295" hits="0" branch="false"/>
						<line number="296" hits="0" branch="false"/>
						<line number="297" hits="0" branch="false"/>
						<line number="298" hits="0" branch="false"/>
						<line number="317" hits="0" branch="true" condition-coverage="0% (0/2)">
							<conditions>
								<condition number="0" type="jump" coverage="0%"/>
							</conditions>
						</line>
						<line number="318" hits="0" branch="false"/>
						<line number="319" hits="0" branch="false"/>
						<line number="320" hits="0" branch="false"/>
						<line number="324" hits="0" branch="true" condition-coverage="0% (0/2)">
							<conditions>
								<condition number="0" type="jump" coverage="0%"/>
							</conditions>
						</line>
						<line number="326" hits="0" branch="false"/>
						<line number="333" hits="0" branch="false"/>
						<line number="336" hits="0" branch="false"/>
						<line number="346" hits="0" branch="false"/>
						<line number="364" hits="0" branch="false"/>
						<line number="366" hits="0" branch="false"/>
						<line number="367" hits="0" branch="false"/>
						<line number="368" hits="0" branch="false"/>
						<line number="372" hits="0" branch="false"/>
						<line number="374" hits="0" branch="false"/>
						<line number="375" hits="0" branch="false"/>
					</lines>
				</class>
			</classes>
		</package>
	</packages>
</coverage>
